2023-10-21 04:55:17.630 [info] Log level: Info
2023-10-21 04:55:17.630 [info] Validating found git in: "git"
2023-10-21 04:55:17.631 [info] Using git "2.39.2" from "git"
2023-10-21 04:55:17.632 [info] > git rev-parse --show-toplevel [38ms]
2023-10-21 04:55:17.632 [info] fatal: not a git repository (or any of the parent directories): .git
2023-10-21 04:55:17.633 [info] > git rev-parse --show-toplevel [2ms]
2023-10-21 04:55:17.633 [info] fatal: not a git repository (or any of the parent directories): .git
2023-10-21 04:55:17.634 [info] > git rev-parse --show-toplevel [2ms]
2023-10-21 04:55:17.634 [info] fatal: not a git repository (or any of the parent directories): .git
2023-10-21 04:55:17.635 [info] > git rev-parse --show-toplevel [7ms]
2023-10-21 04:55:17.635 [info] fatal: not a git repository (or any parent up to mount point /root)
Stopping at filesystem boundary (GIT_DISCOVERY_ACROSS_FILESYSTEM not set).
2023-10-21 04:55:17.638 [info] > git rev-parse --show-toplevel [19ms]
2023-10-21 04:55:17.670 [info] > git rev-parse --git-dir --git-common-dir [21ms]
2023-10-21 04:55:17.700 [info] Open repository: /root/code
2023-10-21 04:55:17.733 [info] > git rev-parse --show-toplevel [17ms]
2023-10-21 04:55:17.735 [info] fatal: not a git repository (or any parent up to mount point /root)
Stopping at filesystem boundary (GIT_DISCOVERY_ACROSS_FILESYSTEM not set).
2023-10-21 04:55:17.763 [info] > git config --get commit.template [40ms]
2023-10-21 04:55:17.776 [info] No remotes found in the git config file.
2023-10-21 04:55:17.779 [info] > git rev-parse --show-toplevel [19ms]
2023-10-21 04:55:17.780 [info] fatal: not a git repository (or any parent up to mount point /root)
Stopping at filesystem boundary (GIT_DISCOVERY_ACROSS_FILESYSTEM not set).
2023-10-21 04:55:17.793 [info] > git for-each-ref --format=%(refname)%00%(upstream:short)%00%(objectname)%00%(upstream:track)%00%(upstream:remotename)%00%(upstream:remoteref) refs/heads/master refs/remotes/master [18ms]
2023-10-21 04:55:17.803 [info] > git rev-parse --show-toplevel [14ms]
2023-10-21 04:55:17.805 [info] fatal: not a git repository (or any parent up to mount point /root)
Stopping at filesystem boundary (GIT_DISCOVERY_ACROSS_FILESYSTEM not set).
2023-10-21 04:55:17.916 [info] > git status -z -uall [116ms]
2023-10-21 04:55:17.956 [info] No remotes found in the git config file.
2023-10-21 04:55:17.958 [info] > git config --get commit.template [23ms]
2023-10-21 04:55:17.972 [info] > git for-each-ref --format=%(refname)%00%(upstream:short)%00%(objectname)%00%(upstream:track)%00%(upstream:remotename)%00%(upstream:remoteref) refs/heads/master refs/remotes/master [17ms]
2023-10-21 04:55:18.017 [info] > git status -z -uall [40ms]
2023-10-21 04:55:18.318 [info] > git check-ignore -v -z --stdin [8ms]
