2023-09-13 10:19:25.290 [info] Experiment 'pythonPromptNewFormatterExt' is active
2023-09-13 10:19:25.290 [info] Experiment 'pythonPromptNewToolsExt' is active
2023-09-13 10:19:25.290 [info] Experiment 'pythonSurveyNotification' is active
2023-09-13 10:19:25.290 [info] Experiment 'pythonTestAdaptercf' is active
2023-09-13 10:19:25.291 [info] Test server listening.
2023-09-13 10:19:25.291 [info] Python interpreter path: /usr/local/bin/python3
2023-09-13 10:19:25.471 [info] > conda info --json
2023-09-13 10:19:25.500 [info] Found: /bin/python3 --> /bin/python3.11
2023-09-13 10:19:25.502 [info] Found: /bin/python3.11 --> /bin/python3.11
2023-09-13 10:19:25.556 [info] Found: /usr/bin/python3 --> /usr/bin/python3.11
2023-09-13 10:19:25.561 [info] Found: /usr/bin/python3.11 --> /usr/bin/python3.11
2023-09-13 10:19:25.627 [info] > /usr/bin/python3 -I ~/.vscode-server/extensions/ms-python.python-2023.14.0/pythonFiles/get_output_via_markers.py ~/.vscode-server/extensions/ms-python.python-2023.14.0/pythonFiles/interpreterInfo.py
2023-09-13 10:19:25.696 [info] > /usr/local/bin/python3 -I ~/.vscode-server/extensions/ms-python.python-2023.14.0/pythonFiles/get_output_via_markers.py ~/.vscode-server/extensions/ms-python.python-2023.14.0/pythonFiles/interpreterInfo.py
2023-09-13 10:19:25.719 [info] Found: /usr/local/bin/python --> /usr/local/bin/python3.11
2023-09-13 10:19:25.721 [info] Found: /usr/local/bin/python3 --> /usr/local/bin/python3.11
2023-09-13 10:19:25.722 [info] Found: /usr/local/bin/python3.11 --> /usr/local/bin/python3.11
2023-09-13 10:19:25.946 [info] > /bin/python3 -I ~/.vscode-server/extensions/ms-python.python-2023.14.0/pythonFiles/get_output_via_markers.py ~/.vscode-server/extensions/ms-python.python-2023.14.0/pythonFiles/interpreterInfo.py
2023-09-13 10:19:26.036 [info] > /usr/local/bin/python -I ~/.vscode-server/extensions/ms-python.python-2023.14.0/pythonFiles/get_output_via_markers.py ~/.vscode-server/extensions/ms-python.python-2023.14.0/pythonFiles/interpreterInfo.py
2023-09-13 10:19:26.189 [warning] Retry failed, storage update failed for key PYTHON_ENV_INFO_CACHE
2023-09-13 10:19:28.370 [info] Starting Pylance language server.
