2023-09-04 09:51:21.206 [info] Log level: Info
2023-09-04 09:51:21.207 [info] Validating found git in: "git"
2023-09-04 09:51:21.207 [info] Using git "2.39.2" from "git"
2023-09-04 09:51:21.208 [info] > git rev-parse --show-toplevel [46ms]
2023-09-04 09:51:21.208 [info] fatal: not a git repository (or any parent up to mount point /root)
Stopping at filesystem boundary (GIT_DISCOVERY_ACROSS_FILESYSTEM not set).
2023-09-04 09:51:21.208 [info] > git rev-parse --show-toplevel [3ms]
2023-09-04 09:51:21.209 [info] fatal: not a git repository (or any parent up to mount point /root)
Stopping at filesystem boundary (GIT_DISCOVERY_ACROSS_FILESYSTEM not set).
2023-09-04 09:51:56.968 [info] > git rev-parse --show-toplevel [8ms]
2023-09-04 09:51:56.968 [info] fatal: not a git repository (or any parent up to mount point /root)
Stopping at filesystem boundary (GIT_DISCOVERY_ACROSS_FILESYSTEM not set).
2023-09-04 09:51:59.420 [info] > git rev-parse --show-toplevel [70ms]
2023-09-04 09:51:59.421 [info] fatal: not a git repository (or any parent up to mount point /root)
Stopping at filesystem boundary (GIT_DISCOVERY_ACROSS_FILESYSTEM not set).
2023-09-04 09:52:06.630 [info] > git rev-parse --show-toplevel [7ms]
2023-09-04 09:52:06.631 [info] fatal: not a git repository (or any parent up to mount point /root)
Stopping at filesystem boundary (GIT_DISCOVERY_ACROSS_FILESYSTEM not set).
2023-09-04 09:52:15.647 [info] > git rev-parse --show-toplevel [7ms]
2023-09-04 09:52:15.648 [info] fatal: not a git repository (or any parent up to mount point /root)
Stopping at filesystem boundary (GIT_DISCOVERY_ACROSS_FILESYSTEM not set).
2023-09-04 09:52:17.732 [info] > git rev-parse --show-toplevel [5ms]
2023-09-04 09:52:17.733 [info] fatal: not a git repository (or any parent up to mount point /root)
Stopping at filesystem boundary (GIT_DISCOVERY_ACROSS_FILESYSTEM not set).
2023-09-04 09:52:19.967 [info] > git rev-parse --show-toplevel [8ms]
2023-09-04 09:52:19.968 [info] fatal: not a git repository (or any parent up to mount point /root)
Stopping at filesystem boundary (GIT_DISCOVERY_ACROSS_FILESYSTEM not set).
2023-09-04 09:52:25.909 [info] > git rev-parse --show-toplevel [12ms]
2023-09-04 09:52:25.910 [info] fatal: not a git repository (or any parent up to mount point /root)
Stopping at filesystem boundary (GIT_DISCOVERY_ACROSS_FILESYSTEM not set).
2023-09-04 09:52:33.637 [info] > git rev-parse --show-toplevel [5ms]
2023-09-04 09:52:33.637 [info] fatal: not a git repository (or any parent up to mount point /root)
Stopping at filesystem boundary (GIT_DISCOVERY_ACROSS_FILESYSTEM not set).
2023-09-04 09:59:51.184 [info] > git rev-parse --show-toplevel [6ms]
2023-09-04 09:59:51.184 [info] fatal: not a git repository (or any parent up to mount point /root)
Stopping at filesystem boundary (GIT_DISCOVERY_ACROSS_FILESYSTEM not set).
2023-09-04 10:00:23.624 [info] > git rev-parse --show-toplevel [7ms]
2023-09-04 10:00:23.624 [info] fatal: not a git repository (or any parent up to mount point /root)
Stopping at filesystem boundary (GIT_DISCOVERY_ACROSS_FILESYSTEM not set).
2023-09-04 10:03:06.566 [info] > git rev-parse --show-toplevel [11ms]
2023-09-04 10:03:06.567 [info] fatal: not a git repository (or any parent up to mount point /root)
Stopping at filesystem boundary (GIT_DISCOVERY_ACROSS_FILESYSTEM not set).
2023-09-04 10:08:14.632 [info] > git rev-parse --show-toplevel [11ms]
2023-09-04 10:08:14.633 [info] fatal: not a git repository (or any parent up to mount point /root)
Stopping at filesystem boundary (GIT_DISCOVERY_ACROSS_FILESYSTEM not set).
2023-09-04 10:08:16.179 [info] > git rev-parse --show-toplevel [10ms]
2023-09-04 10:08:16.179 [info] fatal: not a git repository (or any parent up to mount point /root)
Stopping at filesystem boundary (GIT_DISCOVERY_ACROSS_FILESYSTEM not set).
2023-09-04 10:10:04.669 [info] > git rev-parse --show-toplevel [7ms]
2023-09-04 10:10:04.670 [info] fatal: not a git repository (or any parent up to mount point /root)
Stopping at filesystem boundary (GIT_DISCOVERY_ACROSS_FILESYSTEM not set).
2023-09-04 10:13:25.194 [info] > git rev-parse --show-toplevel [6ms]
2023-09-04 10:13:25.194 [info] fatal: not a git repository (or any parent up to mount point /root)
Stopping at filesystem boundary (GIT_DISCOVERY_ACROSS_FILESYSTEM not set).
2023-09-04 10:19:49.884 [info] > git rev-parse --show-toplevel [10ms]
2023-09-04 10:19:49.885 [info] fatal: not a git repository (or any parent up to mount point /root)
Stopping at filesystem boundary (GIT_DISCOVERY_ACROSS_FILESYSTEM not set).
2023-09-04 10:20:48.798 [info] > git rev-parse --show-toplevel [10ms]
2023-09-04 10:20:48.799 [info] fatal: not a git repository (or any parent up to mount point /root)
Stopping at filesystem boundary (GIT_DISCOVERY_ACROSS_FILESYSTEM not set).
2023-09-04 10:20:59.161 [info] > git rev-parse --show-toplevel [15ms]
2023-09-04 10:20:59.162 [info] fatal: not a git repository (or any parent up to mount point /root)
Stopping at filesystem boundary (GIT_DISCOVERY_ACROSS_FILESYSTEM not set).
2023-09-04 10:22:34.632 [info] > git rev-parse --show-toplevel [4ms]
2023-09-04 10:22:34.632 [info] fatal: not a git repository (or any parent up to mount point /root)
Stopping at filesystem boundary (GIT_DISCOVERY_ACROSS_FILESYSTEM not set).
2023-09-04 10:22:59.985 [info] > git rev-parse --show-toplevel [10ms]
2023-09-04 10:22:59.985 [info] fatal: not a git repository (or any parent up to mount point /root)
Stopping at filesystem boundary (GIT_DISCOVERY_ACROSS_FILESYSTEM not set).
