Visual Studio Code (1.80.2, attached-container, desktop)
Jupyter Extension Version: 2023.6.1101941928.
Python Extension Version: 2023.14.0.
Platform: linux (arm64).
Workspace folder ~/code, Home = /root
03:34:19.950 [info] User belongs to experiment group 'FastKernelPicker'
03:34:19.950 [info] User belongs to experiment group 'NewRemoteUriStorage'
03:34:19.950 [info] User belongs to experiment group 'PasswordManager'
03:34:21.104 [info] Start refreshing Kernel Picker (1693884861104)
03:34:21.112 [info] Using Pylance
03:34:25.464 [warn] Failed to get activated env vars for /bin/python3 in 811ms
03:34:25.503 [info] Process Execution: /bin/python3 -c "import site;print("USER_BASE_VALUE");print(site.USER_BASE);print("USER_BASE_VALUE");"
03:34:25.591 [info] Process Execution: /bin/python3 -m pip list
03:34:25.635 [info] End refreshing Kernel Picker (1693884861104)
03:34:25.768 [info] Process Execution: /bin/python3 -c "import pip;print('6af208d0-cb9c-427f-b937-ff563e17efdf')"
03:34:28.045 [warn] No interpreter for Pylance for Notebook URI "~/code/CarPricePrediction01.ipynb"
03:34:30.541 [info] Starting Kernel startUsingPythonInterpreter, .jvsc74a57bd0949777d72b0d2535278d3dc13498b2535136f6dfe0678499012e853ee9abcab1./usr/local/python./usr/local/python.-m#ipykernel_launcher  (Python Path: /usr/local/bin/python, Unknown, 3.9.18) for '~/code/CarPricePrediction01.ipynb' (disableUI=true)
03:34:30.623 [warn] Failed to get activated env vars for /usr/local/bin/python in 433ms
03:34:30.701 [info] Process Execution: /usr/local/bin/python -c "import site;print("USER_BASE_VALUE");print(site.USER_BASE);print("USER_BASE_VALUE");"
03:34:30.884 [info] Process Execution: /usr/local/bin/python -m pip list
03:34:30.936 [warn] Failed to get activated env vars for /usr/local/bin/python in 375ms
03:34:30.989 [info] Process Execution: /usr/local/bin/python -c "import ipykernel; print(ipykernel.__version__); print("5dc3a68c-e34e-4080-9c3e-2a532b2ccb4d"); print(ipykernel.__file__)"
03:34:31.108 [info] Process Execution: /usr/local/bin/python -m ipykernel_launcher --ip=127.0.0.1 --stdin=9003 --control=9001 --hb=9000 --Session.signature_scheme="hmac-sha256" --Session.key=b"f10f9e80-f3c4-436a-b88f-19f3201fc1f2" --shell=9002 --transport="tcp" --iopub=9004 --f=~/.local/share/jupyter/runtime/kernel-v2-247t7l6OgcNo1mV.json
    > cwd: ~/code
03:34:34.407 [info] ipykernel version & path 6.25.1, /usr/local/lib/python3.9/site-packages/ipykernel/__init__.py for /usr/local/bin/python
03:34:39.359 [warn] StdErr from Kernel Process /usr/local/lib/python3.9/site-packages/traitlets/traitlets.py:2548: FutureWarning: Supporting extra quotes around strings is deprecated in traitlets 5.0. You can use 'hmac-sha256' instead of '"hmac-sha256"' if you require traitlets >=5.
  warn(
03:34:39.374 [warn] StdErr from Kernel Process /usr/local/lib/python3.9/site-packages/traitlets/traitlets.py:2499: FutureWarning: Supporting extra quotes around Bytes is deprecated in traitlets 5.0. Use 'f10f9e80-f3c4-436a-b88f-19f3201fc1f2' instead of 'b"f10f9e80-f3c4-436a-b88f-19f3201fc1f2"'.
  warn(
03:34:40.086 [info] Started Kernel Python 3.9.18 (pid: 475)
03:34:40.087 [info] Started new session eac9967f-e0af-495d-a15d-21e97338ae51
03:34:40.411 [info] Process Execution: /usr/local/bin/python ~/.vscode-server/extensions/ms-toolsai.jupyter-2023.6.1101941928-linux-arm64/pythonFiles/printJupyterDataDir.py
04:40:50.620 [info] Disposing HostJupyterExecution
04:40:50.620 [info] Shutting down notebooks for 59aac652-322e-447e-86f0-3173c42faeb7
04:40:50.622 [info] Dispose Kernel '~/code/CarPricePrediction01.ipynb' associated with '~/code/CarPricePrediction01.ipynb'
04:40:50.628 [info] Dispose Kernel process 475.
04:40:50.665 [info] Disposing HostJupyterExecution
04:40:50.807 [error] Jupyter Extension (Error in Saving last saved cell language, method:onDidSaveNotebookDocument): [Canceled: Canceled
	at Object.I [as $3] (~/.vscode-server/bin/2ccd690cbff1569e4a83d7c43d45101f817401dc/out/vs/workbench/api/node/extensionHostProcess.js:7:1032)
	at ~/.vscode-server/bin/2ccd690cbff1569e4a83d7c43d45101f817401dc/out/vs/workbench/api/node/extensionHostProcess.js:112:8033
	at Array.forEach (<anonymous>)
	at t.dispose (~/.vscode-server/bin/2ccd690cbff1569e4a83d7c43d45101f817401dc/out/vs/workbench/api/node/extensionHostProcess.js:112:7998)
	at i.terminate (~/.vscode-server/bin/2ccd690cbff1569e4a83d7c43d45101f817401dc/out/vs/workbench/api/node/extensionHostProcess.js:114:8567)
	at l.terminate (~/.vscode-server/bin/2ccd690cbff1569e4a83d7c43d45101f817401dc/out/vs/workbench/api/node/extensionHostProcess.js:118:1532)
	at E (~/.vscode-server/bin/2ccd690cbff1569e4a83d7c43d45101f817401dc/out/vs/workbench/api/node/extensionHostProcess.js:128:32236)
	at i.value (~/.vscode-server/bin/2ccd690cbff1569e4a83d7c43d45101f817401dc/out/vs/workbench/api/node/extensionHostProcess.js:128:30287)
	at p.w (~/.vscode-server/bin/2ccd690cbff1569e4a83d7c43d45101f817401dc/out/vs/workbench/api/node/extensionHostProcess.js:60:1902)
	at p.fire (~/.vscode-server/bin/2ccd690cbff1569e4a83d7c43d45101f817401dc/out/vs/workbench/api/node/extensionHostProcess.js:60:2119)
	at fire (~/.vscode-server/bin/2ccd690cbff1569e4a83d7c43d45101f817401dc/out/vs/workbench/api/node/extensionHostProcess.js:76:13931)
	at s.z (~/.vscode-server/bin/2ccd690cbff1569e4a83d7c43d45101f817401dc/out/vs/workbench/api/node/extensionHostProcess.js:76:16976)
	at i.value (~/.vscode-server/bin/2ccd690cbff1569e4a83d7c43d45101f817401dc/out/vs/workbench/api/node/extensionHostProcess.js:76:15428)
	at p.w (~/.vscode-server/bin/2ccd690cbff1569e4a83d7c43d45101f817401dc/out/vs/workbench/api/node/extensionHostProcess.js:60:1902)
	at p.fire (~/.vscode-server/bin/2ccd690cbff1569e4a83d7c43d45101f817401dc/out/vs/workbench/api/node/extensionHostProcess.js:60:2119)
	at i.acceptChunk (~/.vscode-server/bin/2ccd690cbff1569e4a83d7c43d45101f817401dc/out/vs/workbench/api/node/extensionHostProcess.js:76:11705)
	at i.value (~/.vscode-server/bin/2ccd690cbff1569e4a83d7c43d45101f817401dc/out/vs/workbench/api/node/extensionHostProcess.js:76:10992)
	at p.w (~/.vscode-server/bin/2ccd690cbff1569e4a83d7c43d45101f817401dc/out/vs/workbench/api/node/extensionHostProcess.js:60:1902)
	at p.fire (~/.vscode-server/bin/2ccd690cbff1569e4a83d7c43d45101f817401dc/out/vs/workbench/api/node/extensionHostProcess.js:60:2119)
	at p.u (~/.vscode-server/bin/2ccd690cbff1569e4a83d7c43d45101f817401dc/out/vs/workbench/api/node/extensionHostProcess.js:128:19065)]
