Visual Studio Code (1.80.2, attached-container, desktop)
Jupyter Extension Version: 2023.6.1101941928.
Python Extension Version: 2023.14.0.
Platform: linux (arm64).
Workspace folder ~/code, Home = /root
04:47:11.098 [info] User belongs to experiment group 'FastKernelPicker'
04:47:11.098 [info] User belongs to experiment group 'NewRemoteUriStorage'
04:47:11.098 [info] User belongs to experiment group 'PasswordManager'
04:47:11.590 [info] Start refreshing Kernel Picker (1693889231590)
04:47:11.596 [info] Using Pylance
04:47:12.036 [info] Start refreshing Interpreter Kernel Picker
04:47:14.337 [info] Starting Kernel startUsingPythonInterpreter, .jvsc74a57bd0949777d72b0d2535278d3dc13498b2535136f6dfe0678499012e853ee9abcab1./usr/local/python./usr/local/python.-m#ipykernel_launcher  (Python Path: /usr/local/bin/python, Unknown, 3.9.18) for '~/code/CarPricePrediction01.ipynb' (disableUI=true)
04:47:14.401 [warn] Failed to get activated env vars for /bin/python3 in 770ms
04:47:14.412 [info] Process Execution: /bin/python3 -c "import site;print("USER_BASE_VALUE");print(site.USER_BASE);print("USER_BASE_VALUE");"
04:47:14.417 [warn] Failed to get activated env vars for /usr/local/bin/python in 82ms
04:47:14.425 [info] Process Execution: /usr/local/bin/python -c "import site;print("USER_BASE_VALUE");print(site.USER_BASE);print("USER_BASE_VALUE");"
04:47:14.428 [warn] Failed to get activated env vars for /usr/local/bin/python in 75ms
04:47:14.439 [info] Process Execution: /bin/python3 -m pip list
04:47:14.452 [info] Process Execution: /usr/local/bin/python -m pip list
04:47:14.462 [info] Process Execution: /usr/local/bin/python -c "import ipykernel; print(ipykernel.__version__); print("5dc3a68c-e34e-4080-9c3e-2a532b2ccb4d"); print(ipykernel.__file__)"
04:47:14.477 [info] Process Execution: /usr/local/bin/python -m ipykernel_launcher --ip=127.0.0.1 --stdin=9003 --control=9001 --hb=9000 --Session.signature_scheme="hmac-sha256" --Session.key=b"3118f68c-177a-4bdb-883e-f4e7571f0302" --shell=9002 --transport="tcp" --iopub=9004 --f=~/.local/share/jupyter/runtime/kernel-v2-39840V47ekw1rdQYV.json
    > cwd: ~/code
04:47:14.512 [info] Process Execution: /bin/python3 -c "import pip;print('6af208d0-cb9c-427f-b937-ff563e17efdf')"
04:47:14.751 [info] ipykernel version & path 6.25.1, /usr/local/lib/python3.9/site-packages/ipykernel/__init__.py for /usr/local/bin/python
04:47:14.847 [info] End refreshing Kernel Picker (1693889231590)
04:47:15.545 [info] Started Kernel Python 3.9.18 (pid: 39936)
04:47:15.545 [info] Started new session 4e9e3ecb-6934-4ea6-94d7-e8f56701befa
04:47:15.584 [info] Process Execution: /usr/local/bin/python ~/.vscode-server/extensions/ms-toolsai.jupyter-2023.6.1101941928-linux-arm64/pythonFiles/printJupyterDataDir.py
04:47:19.169 [info] Handle Execution of Cells 0 for ~/code/CarPricePrediction01.ipynb
04:47:19.349 [info] Kernel acknowledged execution of cell 0 @ 1693889239328
04:47:22.806 [info] End cell 0 execution @ 1693889242788, started @ 1693889239328, elapsed time = 3.46s
04:47:24.734 [info] Handle Execution of Cells 1 for ~/code/CarPricePrediction01.ipynb
04:47:24.800 [info] Kernel acknowledged execution of cell 1 @ 1693889244781
04:47:24.931 [info] End cell 1 execution @ 1693889244927, started @ 1693889244781, elapsed time = 0.146s
04:47:39.343 [info] Handle Execution of Cells 2 for ~/code/CarPricePrediction01.ipynb
04:47:39.378 [info] Kernel acknowledged execution of cell 2 @ 1693889259366
04:47:39.381 [info] End cell 2 execution @ 1693889259378, started @ 1693889259366, elapsed time = 0.012s
04:47:42.373 [info] Handle Execution of Cells 3 for ~/code/CarPricePrediction01.ipynb
04:47:42.419 [info] Kernel acknowledged execution of cell 3 @ 1693889262398
04:47:42.478 [info] End cell 3 execution @ 1693889262476, started @ 1693889262398, elapsed time = 0.078s
04:47:45.414 [info] Handle Execution of Cells 4 for ~/code/CarPricePrediction01.ipynb
04:47:45.457 [info] Kernel acknowledged execution of cell 4 @ 1693889265440
04:47:45.478 [info] End cell 4 execution @ 1693889265472, started @ 1693889265440, elapsed time = 0.032s
04:47:47.124 [info] Handle Execution of Cells 5 for ~/code/CarPricePrediction01.ipynb
04:47:47.136 [info] Kernel acknowledged execution of cell 5 @ 1693889267132
04:47:47.147 [info] End cell 5 execution @ 1693889267144, started @ 1693889267132, elapsed time = 0.012s
04:47:50.666 [info] Handle Execution of Cells 6 for ~/code/CarPricePrediction01.ipynb
04:47:50.734 [info] Kernel acknowledged execution of cell 6 @ 1693889270720
04:47:50.788 [info] End cell 6 execution @ 1693889270785, started @ 1693889270720, elapsed time = 0.065s
04:47:53.253 [info] Handle Execution of Cells 7 for ~/code/CarPricePrediction01.ipynb
04:47:53.310 [info] Kernel acknowledged execution of cell 7 @ 1693889273280
04:47:53.665 [info] End cell 7 execution @ 1693889273663, started @ 1693889273280, elapsed time = 0.383s
04:47:59.301 [info] Handle Execution of Cells 8 for ~/code/CarPricePrediction01.ipynb
04:47:59.403 [info] Kernel acknowledged execution of cell 8 @ 1693889279356
04:47:59.423 [info] End cell 8 execution @ 1693889279420, started @ 1693889279356, elapsed time = 0.064s
04:48:02.335 [info] Handle Execution of Cells 9 for ~/code/CarPricePrediction01.ipynb
04:48:02.397 [info] Kernel acknowledged execution of cell 9 @ 1693889282375
04:48:02.422 [info] End cell 9 execution @ 1693889282418, started @ 1693889282375, elapsed time = 0.043s
04:48:05.665 [info] Handle Execution of Cells 10 for ~/code/CarPricePrediction01.ipynb
04:48:05.723 [info] Kernel acknowledged execution of cell 10 @ 1693889285707
04:48:05.768 [info] End cell 10 execution @ 1693889285763, started @ 1693889285707, elapsed time = 0.056s
04:48:08.879 [info] Handle Execution of Cells 11 for ~/code/CarPricePrediction01.ipynb
04:48:08.955 [info] Kernel acknowledged execution of cell 11 @ 1693889288913
04:48:08.983 [info] End cell 11 execution @ 1693889288957, started @ 1693889288913, elapsed time = 0.044s
04:48:11.942 [info] Handle Execution of Cells 13 for ~/code/CarPricePrediction01.ipynb
04:48:12.032 [info] Kernel acknowledged execution of cell 13 @ 1693889291992
04:48:12.069 [info] End cell 13 execution @ 1693889292063, started @ 1693889291992, elapsed time = 0.071s
04:48:14.630 [info] Handle Execution of Cells 14 for ~/code/CarPricePrediction01.ipynb
04:48:14.686 [info] Kernel acknowledged execution of cell 14 @ 1693889294669
04:48:14.698 [info] End cell 14 execution @ 1693889294692, started @ 1693889294669, elapsed time = 0.023s
04:48:17.858 [info] Handle Execution of Cells 15 for ~/code/CarPricePrediction01.ipynb
04:48:17.921 [info] Kernel acknowledged execution of cell 15 @ 1693889297892
04:48:17.932 [info] End cell 15 execution @ 1693889297930, started @ 1693889297892, elapsed time = 0.038s
04:48:20.508 [info] Handle Execution of Cells 16 for ~/code/CarPricePrediction01.ipynb
04:48:20.571 [info] Kernel acknowledged execution of cell 16 @ 1693889300555
04:48:20.634 [info] End cell 16 execution @ 1693889300631, started @ 1693889300555, elapsed time = 0.076s
04:48:23.177 [info] Handle Execution of Cells 17 for ~/code/CarPricePrediction01.ipynb
04:48:23.241 [info] Kernel acknowledged execution of cell 17 @ 1693889303216
04:48:23.262 [info] End cell 17 execution @ 1693889303256, started @ 1693889303216, elapsed time = 0.04s
04:48:25.690 [info] Handle Execution of Cells 19 for ~/code/CarPricePrediction01.ipynb
04:48:25.719 [info] Kernel acknowledged execution of cell 19 @ 1693889305707
04:48:26.359 [info] End cell 19 execution @ 1693889306351, started @ 1693889305707, elapsed time = 0.644s
04:48:29.348 [info] Handle Execution of Cells 20 for ~/code/CarPricePrediction01.ipynb
04:48:29.380 [info] Kernel acknowledged execution of cell 20 @ 1693889309368
04:48:29.761 [info] End cell 20 execution @ 1693889309759, started @ 1693889309368, elapsed time = 0.391s
04:48:32.302 [info] Handle Execution of Cells 21 for ~/code/CarPricePrediction01.ipynb
04:48:32.346 [info] Kernel acknowledged execution of cell 21 @ 1693889312332
04:48:32.893 [info] End cell 21 execution @ 1693889312891, started @ 1693889312332, elapsed time = 0.559s
04:48:35.059 [info] Handle Execution of Cells 22 for ~/code/CarPricePrediction01.ipynb
04:48:35.124 [info] Kernel acknowledged execution of cell 22 @ 1693889315091
04:48:35.470 [info] End cell 22 execution @ 1693889315467, started @ 1693889315091, elapsed time = 0.376s
04:48:38.388 [info] Handle Execution of Cells 23 for ~/code/CarPricePrediction01.ipynb
04:48:38.436 [info] Kernel acknowledged execution of cell 23 @ 1693889318412
04:48:38.920 [info] End cell 23 execution @ 1693889318915, started @ 1693889318412, elapsed time = 0.503s
04:48:41.187 [info] Handle Execution of Cells 24 for ~/code/CarPricePrediction01.ipynb
04:48:41.230 [info] Kernel acknowledged execution of cell 24 @ 1693889321218
04:48:41.913 [info] End cell 24 execution @ 1693889321907, started @ 1693889321218, elapsed time = 0.689s
04:48:44.519 [info] Handle Execution of Cells 26 for ~/code/CarPricePrediction01.ipynb
04:48:44.595 [info] Kernel acknowledged execution of cell 26 @ 1693889324569
04:48:44.797 [info] End cell 26 execution @ 1693889324795, started @ 1693889324569, elapsed time = 0.226s
04:48:48.248 [info] Handle Execution of Cells 27 for ~/code/CarPricePrediction01.ipynb
04:48:48.321 [info] Kernel acknowledged execution of cell 27 @ 1693889328281
04:48:48.860 [info] End cell 27 execution @ 1693889328857, started @ 1693889328281, elapsed time = 0.576s
04:48:51.767 [info] Handle Execution of Cells 29 for ~/code/CarPricePrediction01.ipynb
04:48:51.835 [info] Kernel acknowledged execution of cell 29 @ 1693889331818
04:48:52.038 [info] End cell 29 execution @ 1693889332035, started @ 1693889331818, elapsed time = 0.217s
04:48:55.151 [info] Handle Execution of Cells 30 for ~/code/CarPricePrediction01.ipynb
04:48:55.206 [info] Kernel acknowledged execution of cell 30 @ 1693889335185
04:48:55.654 [info] End cell 30 execution @ 1693889335650, started @ 1693889335185, elapsed time = 0.465s
04:48:59.224 [info] Handle Execution of Cells 31 for ~/code/CarPricePrediction01.ipynb
04:48:59.296 [info] Kernel acknowledged execution of cell 31 @ 1693889339279
04:49:00.558 [info] End cell 31 execution @ 1693889340553, started @ 1693889339279, elapsed time = 1.274s
04:49:03.931 [info] Handle Execution of Cells 33 for ~/code/CarPricePrediction01.ipynb
04:49:03.990 [info] Kernel acknowledged execution of cell 33 @ 1693889343967
04:49:04.024 [info] End cell 33 execution @ 1693889344022, started @ 1693889343967, elapsed time = 0.055s
04:49:07.155 [info] Handle Execution of Cells 34 for ~/code/CarPricePrediction01.ipynb
04:49:07.201 [info] Kernel acknowledged execution of cell 34 @ 1693889347185
04:49:07.636 [info] End cell 34 execution @ 1693889347633, started @ 1693889347185, elapsed time = 0.448s
04:49:10.153 [info] Handle Execution of Cells 35 for ~/code/CarPricePrediction01.ipynb
04:49:10.192 [info] Kernel acknowledged execution of cell 35 @ 1693889350172
04:49:11.717 [info] End cell 35 execution @ 1693889351710, started @ 1693889350172, elapsed time = 1.538s
04:49:14.818 [info] Handle Execution of Cells 37 for ~/code/CarPricePrediction01.ipynb
04:49:14.883 [info] Kernel acknowledged execution of cell 37 @ 1693889354860
04:49:14.888 [info] End cell 37 execution @ 1693889354886, started @ 1693889354860, elapsed time = 0.026s
04:49:18.069 [info] Handle Execution of Cells 40 for ~/code/CarPricePrediction01.ipynb
04:49:18.146 [info] Kernel acknowledged execution of cell 40 @ 1693889358122
04:49:18.571 [info] End cell 40 execution @ 1693889358566, started @ 1693889358122, elapsed time = 0.444s
04:49:18.571 [warn] Cancel all remaining cells due to cancellation or failure in execution
04:49:33.670 [info] Handle Execution of Cells 39 for ~/code/CarPricePrediction01.ipynb
04:49:33.751 [info] Kernel acknowledged execution of cell 39 @ 1693889373730
04:49:33.763 [info] End cell 39 execution @ 1693889373751, started @ 1693889373730, elapsed time = 0.021s
04:49:36.016 [info] Handle Execution of Cells 40 for ~/code/CarPricePrediction01.ipynb
04:49:36.083 [info] Kernel acknowledged execution of cell 40 @ 1693889376052
04:49:36.095 [info] End cell 40 execution @ 1693889376091, started @ 1693889376052, elapsed time = 0.039s
04:49:41.904 [info] Handle Execution of Cells 42 for ~/code/CarPricePrediction01.ipynb
04:49:41.956 [info] Kernel acknowledged execution of cell 42 @ 1693889381949
04:49:41.992 [info] End cell 42 execution @ 1693889381980, started @ 1693889381949, elapsed time = 0.031s
04:49:44.700 [info] Handle Execution of Cells 43 for ~/code/CarPricePrediction01.ipynb
04:49:44.757 [info] Kernel acknowledged execution of cell 43 @ 1693889384737
04:49:44.779 [info] End cell 43 execution @ 1693889384773, started @ 1693889384737, elapsed time = 0.036s
04:49:47.652 [info] Handle Execution of Cells 44 for ~/code/CarPricePrediction01.ipynb
04:49:47.705 [info] Kernel acknowledged execution of cell 44 @ 1693889387691
04:49:47.732 [info] End cell 44 execution @ 1693889387721, started @ 1693889387691, elapsed time = 0.03s
04:49:50.128 [info] Handle Execution of Cells 45 for ~/code/CarPricePrediction01.ipynb
04:49:50.185 [info] Kernel acknowledged execution of cell 45 @ 1693889390159
04:49:50.213 [info] End cell 45 execution @ 1693889390210, started @ 1693889390159, elapsed time = 0.051s
04:49:52.905 [info] Handle Execution of Cells 46 for ~/code/CarPricePrediction01.ipynb
04:49:52.960 [info] Kernel acknowledged execution of cell 46 @ 1693889392928
04:49:53.182 [info] End cell 46 execution @ 1693889393180, started @ 1693889392928, elapsed time = 0.252s
04:49:56.491 [info] Handle Execution of Cells 47 for ~/code/CarPricePrediction01.ipynb
04:49:56.545 [info] Kernel acknowledged execution of cell 47 @ 1693889396532
04:49:56.715 [info] End cell 47 execution @ 1693889396713, started @ 1693889396532, elapsed time = 0.181s
04:50:00.750 [info] Handle Execution of Cells 49 for ~/code/CarPricePrediction01.ipynb
04:50:00.859 [info] Kernel acknowledged execution of cell 49 @ 1693889400779
04:50:00.862 [info] End cell 49 execution @ 1693889400853, started @ 1693889400779, elapsed time = 0.074s
04:50:03.882 [info] Handle Execution of Cells 50 for ~/code/CarPricePrediction01.ipynb
04:50:03.933 [info] Kernel acknowledged execution of cell 50 @ 1693889403909
04:50:03.941 [info] End cell 50 execution @ 1693889403939, started @ 1693889403909, elapsed time = 0.03s
04:50:06.866 [info] Handle Execution of Cells 51 for ~/code/CarPricePrediction01.ipynb
04:50:06.907 [info] Kernel acknowledged execution of cell 51 @ 1693889406899
04:50:06.969 [info] End cell 51 execution @ 1693889406938, started @ 1693889406899, elapsed time = 0.039s
04:50:09.781 [info] Handle Execution of Cells 52 for ~/code/CarPricePrediction01.ipynb
04:50:09.820 [info] Kernel acknowledged execution of cell 52 @ 1693889409805
04:50:09.851 [info] End cell 52 execution @ 1693889409848, started @ 1693889409805, elapsed time = 0.043s
04:50:12.975 [info] Handle Execution of Cells 54 for ~/code/CarPricePrediction01.ipynb
04:50:13.011 [info] Kernel acknowledged execution of cell 54 @ 1693889412998
04:50:13.179 [info] End cell 54 execution @ 1693889413167, started @ 1693889412998, elapsed time = 0.169s
04:50:17.459 [info] Handle Execution of Cells 55 for ~/code/CarPricePrediction01.ipynb
04:50:17.523 [info] Kernel acknowledged execution of cell 55 @ 1693889417508
04:50:17.552 [info] End cell 55 execution @ 1693889417547, started @ 1693889417508, elapsed time = 0.039s
04:50:21.256 [info] Handle Execution of Cells 56 for ~/code/CarPricePrediction01.ipynb
04:50:21.334 [info] Kernel acknowledged execution of cell 56 @ 1693889421318
04:50:21.438 [info] End cell 56 execution @ 1693889421437, started @ 1693889421318, elapsed time = 0.119s
04:50:25.654 [info] Handle Execution of Cells 57 for ~/code/CarPricePrediction01.ipynb
04:50:25.743 [info] Kernel acknowledged execution of cell 57 @ 1693889425710
04:50:25.745 [info] End cell 57 execution @ 1693889425742, started @ 1693889425710, elapsed time = 0.032s
04:50:28.651 [info] Handle Execution of Cells 58 for ~/code/CarPricePrediction01.ipynb
04:50:28.742 [info] Kernel acknowledged execution of cell 58 @ 1693889428693
04:50:28.825 [info] End cell 58 execution @ 1693889428823, started @ 1693889428693, elapsed time = 0.13s
04:50:32.263 [info] Handle Execution of Cells 59 for ~/code/CarPricePrediction01.ipynb
04:50:32.313 [info] Kernel acknowledged execution of cell 59 @ 1693889432292
04:50:32.318 [info] End cell 59 execution @ 1693889432308, started @ 1693889432292, elapsed time = 0.016s
04:50:36.012 [info] Handle Execution of Cells 61 for ~/code/CarPricePrediction01.ipynb
04:50:36.064 [info] Kernel acknowledged execution of cell 61 @ 1693889436036
04:50:36.181 [info] End cell 61 execution @ 1693889436176, started @ 1693889436036, elapsed time = 0.14s
04:50:36.181 [warn] Cancel all remaining cells due to cancellation or failure in execution
04:50:44.976 [info] Handle Execution of Cells 61 for ~/code/CarPricePrediction01.ipynb
04:50:45.026 [info] Kernel acknowledged execution of cell 61 @ 1693889445005
04:50:45.099 [info] End cell 61 execution @ 1693889445097, started @ 1693889445005, elapsed time = 0.092s
04:50:45.100 [warn] Cancel all remaining cells due to cancellation or failure in execution
04:50:50.949 [info] Handle Execution of Cells 59 for ~/code/CarPricePrediction01.ipynb
04:50:51.019 [info] Kernel acknowledged execution of cell 59 @ 1693889450989
04:50:51.040 [info] End cell 59 execution @ 1693889451027, started @ 1693889450989, elapsed time = 0.038s
