2023-09-13 08:02:29.656 [info] [Info  - 8:02:29 AM] (446) Pylance language server 2023.8.50 (pyright f98da719) starting
2023-09-13 08:02:29.700 [info] [Info  - 8:02:29 AM] (446) Server root directory: /root/.vscode-server/extensions/ms-python.vscode-pylance-2023.8.50/dist
2023-09-13 08:02:29.703 [info] [Info  - 8:02:29 AM] (446) Starting service instance "code"
2023-09-13 08:02:30.494 [info] [Info  - 8:02:30 AM] (446) Setting pythonPath for service "code": "/usr/local/bin/python3"
2023-09-13 08:02:30.513 [info] [Warn  - 8:02:30 AM] (446) stubPath /root/code/typings is not a valid directory.
2023-09-13 08:02:30.753 [info] [Info  - 8:02:30 AM] (446) Assuming Python version 3.9
2023-09-13 08:02:31.459 [info] [Info  - 8:02:31 AM] (446) Found 1 source file
2023-09-13 08:02:32.983 [info] [Info  - 8:02:32 AM] (446) Starting service instance "code"
2023-09-13 08:02:33.471 [info] [Info  - 8:02:33 AM] (446) Setting pythonPath for service "code": "/usr/local/bin/python"
2023-09-13 08:02:33.540 [info] [Warn  - 8:02:33 AM] (446) stubPath /root/code/typings is not a valid directory.
2023-09-13 08:02:33.959 [info] [Info  - 8:02:33 AM] (446) Assuming Python version 3.9
2023-09-13 08:02:34.706 [info] [Info  - 8:02:34 AM] (446) Found 1 source file
2023-09-13 08:02:36.692 [info] [Info  - 8:02:36 AM] (446) [IDX(2)] Long operation: scan packages /root/code (2266ms)
2023-09-13 08:02:38.379 [info] [Info  - 8:02:38 AM] (446) [BG(3)] Long operation: getSemanticTokens range 0:0 - 0:15 at /root/code/CarPricePrediction01.ipynb:pylance-notebook-cell:X23sdnNjb2RlLXJlbW90ZQ==.py (2849ms)
2023-09-13 08:02:39.636 [info] [Info  - 8:02:39 AM] (446) [IDX(2)] Long operation: index execution environment /root/code (2724ms)
2023-09-13 08:02:39.763 [info] [Info  - 8:02:39 AM] (446) [IDX(2)] Long operation: index packages /root/code (2967ms)
2023-09-13 08:02:40.849 [info] [Info  - 8:02:40 AM] (446) [BG(1)] Long operation: checking: /root/code/main.py (6194ms)
2023-09-13 08:02:40.849 [info] [Info  - 8:02:40 AM] (446) [BG(1)] Long operation: analyzing: /root/code/main.py (9190ms)
2023-09-13 08:02:42.228 [info] [Info  - 8:02:42 AM] (446) [BG(3)] Long operation: checking: /root/code/main.py (2616ms)
2023-09-13 08:02:42.228 [info] [Info  - 8:02:42 AM] (446) [BG(3)] Long operation: analyzing: /root/code/main.py (2639ms)
