2023-09-05 04:55:55.778 [info] Log level: Info
2023-09-05 04:55:55.778 [info] Validating found git in: "git"
2023-09-05 04:55:55.778 [info] Using git "2.39.2" from "git"
2023-09-05 04:55:55.778 [info] > git rev-parse --show-toplevel [72ms]
2023-09-05 04:55:55.778 [info] > git rev-parse --git-dir --git-common-dir [10ms]
2023-09-05 04:55:55.779 [info] Open repository: /root/code
2023-09-05 04:55:55.815 [info] > git config --get commit.template [27ms]
2023-09-05 04:55:55.849 [info] > git for-each-ref --format=%(refname)%00%(upstream:short)%00%(objectname)%00%(upstream:track)%00%(upstream:remotename)%00%(upstream:remoteref) refs/heads/main refs/remotes/main [23ms]
2023-09-05 04:55:55.906 [info] > git status -z -uall [52ms]
2023-09-05 04:55:55.937 [info] > git config --get commit.template [11ms]
2023-09-05 04:55:55.952 [info] > git for-each-ref --format=%(refname)%00%(upstream:short)%00%(objectname)%00%(upstream:track)%00%(upstream:remotename)%00%(upstream:remoteref) refs/heads/main refs/remotes/main [16ms]
2023-09-05 04:55:56.054 [info] > git status -z -uall [91ms]
2023-09-05 04:55:56.352 [info] > git check-ignore -v -z --stdin [10ms]
2023-09-05 05:04:09.299 [info] > git check-ignore -v -z --stdin [40ms]
2023-09-05 05:04:09.305 [info] > git config --get commit.template [6ms]
2023-09-05 05:04:09.336 [info] > git for-each-ref --format=%(refname)%00%(upstream:short)%00%(objectname)%00%(upstream:track)%00%(upstream:remotename)%00%(upstream:remoteref) refs/heads/main refs/remotes/main [22ms]
2023-09-05 05:04:09.388 [info] > git status -z -uall [36ms]
2023-09-05 05:06:27.132 [info] > git show --textconv :main.py [66ms]
2023-09-05 05:06:27.138 [info] > git ls-files --stage -- /root/code/main.py [52ms]
2023-09-05 05:06:27.164 [info] > git cat-file -s fe3cb1a16c60a2ec3a2cb1e8d11b6e90c1cb8b7d [10ms]
