2023-09-05 05:16:18.246 [info] Log level: Info
2023-09-05 05:16:18.250 [info] Validating found git in: "git"
2023-09-05 05:16:18.251 [info] Using git "2.39.2" from "git"
2023-09-05 05:16:18.251 [info] > git rev-parse --show-toplevel [32ms]
2023-09-05 05:16:18.252 [info] > git rev-parse --git-dir --git-common-dir [6ms]
2023-09-05 05:16:18.252 [info] Open repository: /root/code
2023-09-05 05:16:18.269 [info] > git config --get commit.template [36ms]
2023-09-05 05:16:18.328 [info] > git for-each-ref --format=%(refname)%00%(upstream:short)%00%(objectname)%00%(upstream:track)%00%(upstream:remotename)%00%(upstream:remoteref) refs/heads/main refs/remotes/main [64ms]
2023-09-05 05:16:18.408 [info] > git status -z -uall [66ms]
2023-09-05 05:16:18.436 [info] > git config --get commit.template [10ms]
2023-09-05 05:16:18.442 [info] > git for-each-ref --format=%(refname)%00%(upstream:short)%00%(objectname)%00%(upstream:track)%00%(upstream:remotename)%00%(upstream:remoteref) refs/heads/main refs/remotes/main [7ms]
2023-09-05 05:16:18.460 [info] > git status -z -uall [13ms]
2023-09-05 05:16:18.853 [info] > git check-ignore -v -z --stdin [11ms]
2023-09-05 07:12:24.802 [info] > git config --get commit.template [18ms]
2023-09-05 07:12:24.812 [info] > git for-each-ref --format=%(refname)%00%(upstream:short)%00%(objectname)%00%(upstream:track)%00%(upstream:remotename)%00%(upstream:remoteref) refs/heads/main refs/remotes/main [16ms]
2023-09-05 07:12:24.887 [info] > git status -z -uall [67ms]
2023-09-05 07:12:55.704 [info] > git ls-files --stage -- /root/code/main.py [29ms]
2023-09-05 07:12:55.717 [info] > git show --textconv :main.py [55ms]
2023-09-05 07:12:55.740 [info] > git cat-file -s fe3cb1a16c60a2ec3a2cb1e8d11b6e90c1cb8b7d [24ms]
2023-09-05 07:13:09.756 [info] > git config --get commit.template [16ms]
2023-09-05 07:13:09.765 [info] > git for-each-ref --format=%(refname)%00%(upstream:short)%00%(objectname)%00%(upstream:track)%00%(upstream:remotename)%00%(upstream:remoteref) refs/heads/main refs/remotes/main [12ms]
2023-09-05 07:13:09.795 [info] > git status -z -uall [18ms]
2023-09-05 07:13:41.964 [info] > git config --get commit.template [21ms]
2023-09-05 07:13:41.974 [info] > git for-each-ref --format=%(refname)%00%(upstream:short)%00%(objectname)%00%(upstream:track)%00%(upstream:remotename)%00%(upstream:remoteref) refs/heads/main refs/remotes/main [17ms]
2023-09-05 07:13:42.003 [info] > git status -z -uall [18ms]
2023-09-05 07:17:57.341 [info] > git config --get commit.template [20ms]
2023-09-05 07:17:57.349 [info] > git for-each-ref --format=%(refname)%00%(upstream:short)%00%(objectname)%00%(upstream:track)%00%(upstream:remotename)%00%(upstream:remoteref) refs/heads/main refs/remotes/main [12ms]
2023-09-05 07:17:57.396 [info] > git status -z -uall [40ms]
2023-09-05 07:18:38.059 [info] > git config --get commit.template [17ms]
2023-09-05 07:18:38.068 [info] > git for-each-ref --format=%(refname)%00%(upstream:short)%00%(objectname)%00%(upstream:track)%00%(upstream:remotename)%00%(upstream:remoteref) refs/heads/main refs/remotes/main [12ms]
2023-09-05 07:18:38.112 [info] > git status -z -uall [36ms]
2023-09-05 07:19:58.370 [info] > git config --get commit.template [20ms]
2023-09-05 07:19:58.377 [info] > git for-each-ref --format=%(refname)%00%(upstream:short)%00%(objectname)%00%(upstream:track)%00%(upstream:remotename)%00%(upstream:remoteref) refs/heads/main refs/remotes/main [10ms]
2023-09-05 07:19:58.401 [info] > git status -z -uall [14ms]
2023-09-05 07:24:36.336 [info] > git config --get commit.template [26ms]
2023-09-05 07:24:36.345 [info] > git for-each-ref --format=%(refname)%00%(upstream:short)%00%(objectname)%00%(upstream:track)%00%(upstream:remotename)%00%(upstream:remoteref) refs/heads/main refs/remotes/main [13ms]
2023-09-05 07:24:36.371 [info] > git status -z -uall [15ms]
2023-09-05 07:27:11.784 [info] > git config --get commit.template [16ms]
2023-09-05 07:27:11.790 [info] > git for-each-ref --format=%(refname)%00%(upstream:short)%00%(objectname)%00%(upstream:track)%00%(upstream:remotename)%00%(upstream:remoteref) refs/heads/main refs/remotes/main [11ms]
2023-09-05 07:27:11.817 [info] > git status -z -uall [16ms]
2023-09-05 07:27:38.746 [info] > git config --get commit.template [15ms]
2023-09-05 07:27:38.829 [info] > git for-each-ref --format=%(refname)%00%(upstream:short)%00%(objectname)%00%(upstream:track)%00%(upstream:remotename)%00%(upstream:remoteref) refs/heads/main refs/remotes/main [77ms]
2023-09-05 07:27:38.932 [info] > git status -z -uall [18ms]
2023-09-05 07:28:40.834 [info] > git config --get commit.template [22ms]
2023-09-05 07:28:40.863 [info] > git for-each-ref --format=%(refname)%00%(upstream:short)%00%(objectname)%00%(upstream:track)%00%(upstream:remotename)%00%(upstream:remoteref) refs/heads/main refs/remotes/main [28ms]
2023-09-05 07:28:40.903 [info] > git status -z -uall [22ms]
2023-09-05 07:32:56.589 [info] > git config --get commit.template [28ms]
2023-09-05 07:32:56.619 [info] > git for-each-ref --format=%(refname)%00%(upstream:short)%00%(objectname)%00%(upstream:track)%00%(upstream:remotename)%00%(upstream:remoteref) refs/heads/main refs/remotes/main [37ms]
2023-09-05 07:32:56.640 [info] > git status -z -uall [12ms]
2023-09-05 07:33:09.131 [info] > git config --get commit.template [19ms]
2023-09-05 07:33:09.141 [info] > git for-each-ref --format=%(refname)%00%(upstream:short)%00%(objectname)%00%(upstream:track)%00%(upstream:remotename)%00%(upstream:remoteref) refs/heads/main refs/remotes/main [12ms]
2023-09-05 07:33:09.159 [info] > git status -z -uall [10ms]
2023-09-05 07:33:57.155 [info] > git config --get commit.template [34ms]
2023-09-05 07:33:57.161 [info] > git for-each-ref --format=%(refname)%00%(upstream:short)%00%(objectname)%00%(upstream:track)%00%(upstream:remotename)%00%(upstream:remoteref) refs/heads/main refs/remotes/main [9ms]
2023-09-05 07:33:57.180 [info] > git status -z -uall [9ms]
2023-09-05 07:36:36.997 [info] > git config --get commit.template [19ms]
2023-09-05 07:36:37.002 [info] > git for-each-ref --format=%(refname)%00%(upstream:short)%00%(objectname)%00%(upstream:track)%00%(upstream:remotename)%00%(upstream:remoteref) refs/heads/main refs/remotes/main [12ms]
2023-09-05 07:36:37.020 [info] > git status -z -uall [9ms]
2023-09-05 07:39:42.769 [info] > git config --get commit.template [15ms]
2023-09-05 07:39:42.777 [info] > git for-each-ref --format=%(refname)%00%(upstream:short)%00%(objectname)%00%(upstream:track)%00%(upstream:remotename)%00%(upstream:remoteref) refs/heads/main refs/remotes/main [10ms]
2023-09-05 07:39:42.796 [info] > git status -z -uall [9ms]
2023-09-05 07:40:09.070 [info] > git config --get commit.template [21ms]
2023-09-05 07:40:09.083 [info] > git for-each-ref --format=%(refname)%00%(upstream:short)%00%(objectname)%00%(upstream:track)%00%(upstream:remotename)%00%(upstream:remoteref) refs/heads/main refs/remotes/main [15ms]
2023-09-05 07:40:09.105 [info] > git status -z -uall [10ms]
2023-09-05 07:40:44.556 [info] > git config --get commit.template [241ms]
2023-09-05 07:40:44.729 [info] > git for-each-ref --format=%(refname)%00%(upstream:short)%00%(objectname)%00%(upstream:track)%00%(upstream:remotename)%00%(upstream:remoteref) refs/heads/main refs/remotes/main [84ms]
2023-09-05 07:40:44.816 [info] > git status -z -uall [69ms]
2023-09-05 07:41:40.113 [info] > git config --get commit.template [18ms]
2023-09-05 07:41:40.120 [info] > git for-each-ref --format=%(refname)%00%(upstream:short)%00%(objectname)%00%(upstream:track)%00%(upstream:remotename)%00%(upstream:remoteref) refs/heads/main refs/remotes/main [10ms]
2023-09-05 07:41:40.136 [info] > git status -z -uall [8ms]
2023-09-05 10:27:51.812 [info] > git config --get commit.template [102ms]
2023-09-05 10:27:51.976 [info] > git for-each-ref --format=%(refname)%00%(upstream:short)%00%(objectname)%00%(upstream:track)%00%(upstream:remotename)%00%(upstream:remoteref) refs/heads/main refs/remotes/main [201ms]
2023-09-05 10:27:52.326 [info] > git status -z -uall [205ms]
2023-09-05 10:34:38.872 [info] > git config --get commit.template [97ms]
2023-09-05 10:34:38.921 [info] > git for-each-ref --format=%(refname)%00%(upstream:short)%00%(objectname)%00%(upstream:track)%00%(upstream:remotename)%00%(upstream:remoteref) refs/heads/main refs/remotes/main [70ms]
2023-09-05 10:34:39.175 [info] > git status -z -uall [62ms]
2023-09-05 10:55:16.188 [info] No remotes found in the git config file.
2023-09-05 10:55:16.193 [info] > git config --get commit.template [19ms]
2023-09-05 10:55:16.194 [info] > git for-each-ref --format=%(refname)%00%(upstream:short)%00%(objectname)%00%(upstream:track)%00%(upstream:remotename)%00%(upstream:remoteref) refs/heads/master refs/remotes/master [7ms]
2023-09-05 10:55:16.213 [info] > git status -z -uall [9ms]
2023-09-05 10:55:16.254 [info] > git ls-files --stage -- /root/code/main.py [5ms]
2023-09-05 10:55:16.275 [info] > git show --textconv :main.py [4ms]
