2023-09-17 04:29:16.589 [info] Log level: Info
2023-09-17 04:29:16.589 [info] Validating found git in: "git"
2023-09-17 04:29:16.590 [info] Using git "2.39.2" from "git"
2023-09-17 04:29:16.590 [info] > git rev-parse --show-toplevel [19ms]
2023-09-17 04:29:16.590 [info] > git rev-parse --git-dir --git-common-dir [3ms]
2023-09-17 04:29:16.590 [info] Open repository: /root/code
2023-09-17 04:29:16.590 [info] No remotes found in the git config file.
2023-09-17 04:29:16.590 [info] > git config --get commit.template [5ms]
2023-09-17 04:29:16.591 [info] > git for-each-ref --format=%(refname)%00%(upstream:short)%00%(objectname)%00%(upstream:track)%00%(upstream:remotename)%00%(upstream:remoteref) refs/heads/master refs/remotes/master [6ms]
2023-09-17 04:29:16.591 [info] > git status -z -uall [19ms]
2023-09-17 04:29:16.591 [info] No remotes found in the git config file.
2023-09-17 04:29:16.591 [info] > git config --get commit.template [5ms]
2023-09-17 04:29:16.591 [info] > git for-each-ref --format=%(refname)%00%(upstream:short)%00%(objectname)%00%(upstream:track)%00%(upstream:remotename)%00%(upstream:remoteref) refs/heads/master refs/remotes/master [26ms]
2023-09-17 04:29:16.591 [info] > git status -z -uall [50ms]
2023-09-17 04:29:17.277 [info] > git check-ignore -v -z --stdin [18ms]
2023-09-17 04:29:32.982 [info] > git show --textconv :main.py [26ms]
2023-09-17 04:29:32.991 [info] > git ls-files --stage -- /root/code/main.py [27ms]
2023-09-17 04:50:16.896 [info] No remotes found in the git config file.
2023-09-17 04:50:16.900 [info] > git config --get commit.template [42ms]
2023-09-17 04:50:16.909 [info] > git for-each-ref --format=%(refname)%00%(upstream:short)%00%(objectname)%00%(upstream:track)%00%(upstream:remotename)%00%(upstream:remoteref) refs/heads/master refs/remotes/master [15ms]
2023-09-17 04:50:16.939 [info] > git status -z -uall [9ms]
2023-09-17 04:53:36.291 [info] > git check-ignore -v -z --stdin [11ms]
2023-09-17 04:59:47.486 [info] No remotes found in the git config file.
2023-09-17 04:59:47.497 [info] > git config --get commit.template [11ms]
2023-09-17 04:59:47.500 [info] > git for-each-ref --format=%(refname)%00%(upstream:short)%00%(objectname)%00%(upstream:track)%00%(upstream:remotename)%00%(upstream:remoteref) refs/heads/master refs/remotes/master [5ms]
2023-09-17 04:59:47.515 [info] > git status -z -uall [9ms]
2023-09-17 05:01:02.648 [info] No remotes found in the git config file.
2023-09-17 05:01:02.654 [info] > git config --get commit.template [17ms]
2023-09-17 05:01:02.659 [info] > git for-each-ref --format=%(refname)%00%(upstream:short)%00%(objectname)%00%(upstream:track)%00%(upstream:remotename)%00%(upstream:remoteref) refs/heads/master refs/remotes/master [12ms]
2023-09-17 05:01:02.706 [info] > git status -z -uall [40ms]
2023-09-17 16:01:35.280 [info] No remotes found in the git config file.
2023-09-17 16:01:35.285 [info] > git config --get commit.template [17ms]
2023-09-17 16:01:35.285 [info] > git for-each-ref --format=%(refname)%00%(upstream:short)%00%(objectname)%00%(upstream:track)%00%(upstream:remotename)%00%(upstream:remoteref) refs/heads/master refs/remotes/master [5ms]
2023-09-17 16:01:35.315 [info] > git status -z -uall [20ms]
2023-09-17 17:04:57.348 [info] No remotes found in the git config file.
2023-09-17 17:04:57.352 [info] > git config --get commit.template [20ms]
2023-09-17 17:04:57.352 [info] > git for-each-ref --format=%(refname)%00%(upstream:short)%00%(objectname)%00%(upstream:track)%00%(upstream:remotename)%00%(upstream:remoteref) refs/heads/master refs/remotes/master [5ms]
2023-09-17 17:04:57.383 [info] > git status -z -uall [22ms]
2023-09-17 17:24:32.092 [info] No remotes found in the git config file.
2023-09-17 17:24:32.096 [info] > git config --get commit.template [36ms]
2023-09-17 17:24:32.126 [info] > git for-each-ref --format=%(refname)%00%(upstream:short)%00%(objectname)%00%(upstream:track)%00%(upstream:remotename)%00%(upstream:remoteref) refs/heads/master refs/remotes/master [36ms]
2023-09-17 17:24:32.159 [info] > git status -z -uall [23ms]
2023-09-17 17:24:37.219 [info] No remotes found in the git config file.
2023-09-17 17:24:37.235 [info] > git config --get commit.template [17ms]
2023-09-17 17:24:37.238 [info] > git for-each-ref --format=%(refname)%00%(upstream:short)%00%(objectname)%00%(upstream:track)%00%(upstream:remotename)%00%(upstream:remoteref) refs/heads/master refs/remotes/master [5ms]
2023-09-17 17:24:37.276 [info] > git status -z -uall [20ms]
2023-09-17 17:25:08.795 [info] > git check-ignore -v -z --stdin [7ms]
2023-09-17 18:05:24.300 [info] > git show --textconv :index.py [8ms]
2023-09-17 18:05:24.304 [info] > git ls-files --stage -- /root/code/index.py [3ms]
2023-09-17 18:05:24.581 [info] > git check-ignore -v -z --stdin [11ms]
2023-09-17 18:05:25.313 [info] No remotes found in the git config file.
2023-09-17 18:05:25.320 [info] > git config --get commit.template [37ms]
2023-09-17 18:05:25.353 [info] > git for-each-ref --format=%(refname)%00%(upstream:short)%00%(objectname)%00%(upstream:track)%00%(upstream:remotename)%00%(upstream:remoteref) refs/heads/master refs/remotes/master [44ms]
2023-09-17 18:05:25.519 [info] > git status -z -uall [132ms]
2023-09-17 18:06:04.522 [info] > git ls-files --stage -- /root/code/main_new.py [6ms]
2023-09-17 18:06:04.524 [info] > git show --textconv :main_new.py [17ms]
2023-09-17 18:06:04.851 [info] > git check-ignore -v -z --stdin [35ms]
2023-09-17 18:06:05.438 [info] No remotes found in the git config file.
2023-09-17 18:06:05.482 [info] > git config --get commit.template [49ms]
2023-09-17 18:06:05.495 [info] > git for-each-ref --format=%(refname)%00%(upstream:short)%00%(objectname)%00%(upstream:track)%00%(upstream:remotename)%00%(upstream:remoteref) refs/heads/master refs/remotes/master [16ms]
2023-09-17 18:06:05.598 [info] > git status -z -uall [87ms]
2023-09-17 18:08:20.181 [info] No remotes found in the git config file.
2023-09-17 18:08:20.184 [info] > git config --get commit.template [27ms]
2023-09-17 18:08:20.185 [info] > git for-each-ref --format=%(refname)%00%(upstream:short)%00%(objectname)%00%(upstream:track)%00%(upstream:remotename)%00%(upstream:remoteref) refs/heads/master refs/remotes/master [6ms]
2023-09-17 18:08:20.215 [info] > git status -z -uall [19ms]
2023-09-17 18:08:21.488 [info] > git check-ignore -v -z --stdin [10ms]
2023-09-17 18:08:25.297 [info] No remotes found in the git config file.
2023-09-17 18:08:25.299 [info] > git config --get commit.template [18ms]
2023-09-17 18:08:25.301 [info] > git for-each-ref --format=%(refname)%00%(upstream:short)%00%(objectname)%00%(upstream:track)%00%(upstream:remotename)%00%(upstream:remoteref) refs/heads/master refs/remotes/master [5ms]
2023-09-17 18:08:25.330 [info] > git status -z -uall [19ms]
2023-09-17 18:10:54.159 [info] > git show --textconv :home.py [16ms]
2023-09-17 18:10:54.161 [info] > git ls-files --stage -- /root/code/home.py [3ms]
2023-09-17 18:10:54.424 [info] > git check-ignore -v -z --stdin [5ms]
2023-09-17 18:10:55.102 [info] No remotes found in the git config file.
2023-09-17 18:10:55.104 [info] > git config --get commit.template [18ms]
2023-09-17 18:10:55.111 [info] > git for-each-ref --format=%(refname)%00%(upstream:short)%00%(objectname)%00%(upstream:track)%00%(upstream:remotename)%00%(upstream:remoteref) refs/heads/master refs/remotes/master [10ms]
2023-09-17 18:10:55.170 [info] > git status -z -uall [50ms]
2023-09-17 18:35:49.614 [info] No remotes found in the git config file.
2023-09-17 18:35:49.629 [info] > git config --get commit.template [30ms]
2023-09-17 18:35:49.630 [info] > git for-each-ref --format=%(refname)%00%(upstream:short)%00%(objectname)%00%(upstream:track)%00%(upstream:remotename)%00%(upstream:remoteref) refs/heads/master refs/remotes/master [17ms]
2023-09-17 18:35:49.671 [info] > git status -z -uall [26ms]
2023-09-17 18:37:18.975 [info] > git show --textconv :Cars.csv [14ms]
2023-09-17 18:37:18.978 [info] > git ls-files --stage -- /root/code/Cars.csv [4ms]
2023-09-20 10:19:42.525 [info] No remotes found in the git config file.
2023-09-20 10:19:42.558 [info] > git config --get commit.template [37ms]
2023-09-20 10:19:42.641 [info] > git ls-files --stage -- /root/code/home.py [10ms]
2023-09-20 10:19:42.648 [info] > git ls-files --stage -- /root/code/main_new.py [27ms]
2023-09-20 10:19:42.654 [info] > git ls-files --stage -- /root/code/index.py [51ms]
2023-09-20 10:19:42.661 [info] > git ls-files --stage -- /root/code/main.py [76ms]
2023-09-20 10:19:42.667 [info] > git for-each-ref --format=%(refname)%00%(upstream:short)%00%(objectname)%00%(upstream:track)%00%(upstream:remotename)%00%(upstream:remoteref) refs/heads/master refs/remotes/master [111ms]
2023-09-20 10:19:42.676 [info] > git cat-file -s b9b80767939ab20fd52a680bbb000f03d9ddc076 [8ms]
2023-09-20 10:19:42.677 [info] > git cat-file -s 5be877a742d32f3c798b0d35c56910758045d417 [16ms]
2023-09-20 10:19:42.678 [info] > git cat-file -s a36922b0470fddd804d0129be0ea043598db9254 [24ms]
2023-09-20 10:19:42.678 [info] > git cat-file -s e69de29bb2d1d6434b8b29ae775ad8c2e48c5391 [31ms]
2023-09-20 10:19:42.678 [info] > git ls-files --stage -- /root/code/Cars.csv [41ms]
2023-09-20 10:19:42.730 [info] > git show --textconv :main.py [30ms]
2023-09-20 10:19:42.730 [info] > git show --textconv :index.py [15ms]
2023-09-20 10:19:42.731 [info] > git show --textconv :main_new.py [8ms]
2023-09-20 10:19:42.732 [info] > git cat-file -s e10cac50892015c8f15a462e831112f05a2d4f39 [47ms]
2023-09-20 10:19:42.737 [info] > git show --textconv :home.py [8ms]
2023-09-20 10:19:42.762 [info] > git status -z -uall [88ms]
2023-09-20 10:19:42.763 [info] > git show --textconv :Cars.csv [16ms]
