2023-09-04 09:51:59.161 [info] [Info  - 9:51:59 AM] (747) Pylance language server 2023.8.50 (pyright f98da719) starting
2023-09-04 09:51:59.162 [info] [Info  - 9:51:59 AM] (747) Server root directory: /root/.vscode-server/extensions/ms-python.vscode-pylance-2023.8.50/dist
2023-09-04 09:51:59.162 [info] [Info  - 9:51:59 AM] (747) Starting service instance "code"
2023-09-04 09:51:59.221 [info] [Info  - 9:51:59 AM] (747) Setting pythonPath for service "code": "/usr/local/bin/python3"
2023-09-04 09:51:59.258 [info] [Warn  - 9:51:59 AM] (747) stubPath /root/code/typings is not a valid directory.
2023-09-04 09:51:59.415 [info] [Info  - 9:51:59 AM] (747) Assuming Python version 3.9
2023-09-04 09:51:59.611 [info] [Info  - 9:51:59 AM] (747) Found 4 source files
2023-09-04 09:52:04.883 [info] [Info  - 9:52:04 AM] (747) [BG(1)] Long operation: checking: /root/code/main.py (3532ms)
2023-09-04 09:52:04.883 [info] [Info  - 9:52:04 AM] (747) [BG(1)] Long operation: analyzing: /root/code/main.py (4306ms)
2023-09-04 09:52:06.264 [info] [Info  - 9:52:06 AM] (747) [IDX(2)] Long operation: index execution environment /root/code (3438ms)
2023-09-04 09:52:06.356 [info] [Info  - 9:52:06 AM] (747) [IDX(2)] Long operation: index packages /root/code (3564ms)
2023-09-04 09:52:26.420 [info] [Info  - 9:52:26 AM] (747) Found 3 source files
2023-09-04 09:59:44.698 [info] [Info  - 9:59:44 AM] (747) Found 2 source files
2023-09-04 09:59:51.540 [info] [Info  - 9:59:51 AM] (747) Found 3 source files
2023-09-04 10:00:19.098 [info] [Info  - 10:00:19 AM] (747) Starting service instance "code"
2023-09-04 10:00:19.440 [info] [Warn  - 10:00:19 AM] (747) stubPath /root/code/typings is not a valid directory.
2023-09-04 10:00:19.802 [info] [Info  - 10:00:19 AM] (747) Found 3 source files
2023-09-04 10:01:10.500 [info] [Info  - 10:01:10 AM] (747) [BG(1)] Long operation: getSemanticTokens delta previousResultId:1693821635139 at /root/code/main.py (2565ms)
2023-09-04 10:01:11.495 [info] [Info  - 10:01:11 AM] (747) [BG(3)] Long operation: checking: /root/code/main.py (2470ms)
2023-09-04 10:01:11.495 [info] [Info  - 10:01:11 AM] (747) [BG(3)] Long operation: analyzing: /root/code/main.py (2470ms)
2023-09-04 10:10:49.901 [info] [Info  - 10:10:49 AM] (747) [BG(3)] Long operation: analyzing: /root/code/ML_Car_prediction (1).ipynb:pylance-notebook-cell:pylancePrefixCell.py (2028ms)
2023-09-04 10:13:46.322 [info] [Info  - 10:13:46 AM] (747) Starting service instance "code"
2023-09-04 10:13:46.523 [info] [Info  - 10:13:46 AM] (747) Setting pythonPath for service "code": "/usr/local/bin/python"
2023-09-04 10:13:46.531 [info] [Warn  - 10:13:46 AM] (747) stubPath /root/code/typings is not a valid directory.
2023-09-04 10:13:46.644 [info] [Info  - 10:13:46 AM] (747) Assuming Python version 3.9
2023-09-04 10:13:47.046 [info] [Info  - 10:13:47 AM] (747) Found 3 source files
2023-09-04 10:13:51.735 [info] [Info  - 10:13:51 AM] (747) [BG(5)] Long operation: checking: /root/code/anyname.py (3221ms)
2023-09-04 10:13:51.735 [info] [Info  - 10:13:51 AM] (747) [BG(5)] Long operation: analyzing: /root/code/anyname.py (4085ms)
2023-09-04 10:25:13.765 [info] [Info  - 10:25:13 AM] (747) [IDX(7)] Long operation: scan packages /root/code (4226ms)
2023-09-04 10:25:20.578 [info] [Info  - 10:25:20 AM] (747) [IDX(7)] Long operation: scan packages /root/code (4898ms)
2023-09-04 10:25:25.285 [info] [Info  - 10:25:25 AM] (747) [IDX(7)] Long operation: scan packages /root/code (3712ms)
2023-09-04 10:25:27.965 [info] [Info  - 10:25:27 AM] (747) [BG(1)] Long operation: checking: /root/code/anyname.py (14273ms)
2023-09-04 10:25:27.972 [info] [Info  - 10:25:27 AM] (747) [BG(1)] Long operation: analyzing: /root/code/anyname.py (15270ms)
2023-09-04 10:25:28.086 [info] [Info  - 10:25:28 AM] (747) [BG(5)] Long operation: checking: /root/code/anyname.py (14348ms)
2023-09-04 10:25:28.088 [info] [Info  - 10:25:28 AM] (747) [BG(5)] Long operation: analyzing: /root/code/anyname.py (15302ms)
2023-09-04 10:25:28.569 [info] [Info  - 10:25:28 AM] (747) [BG(3)] Long operation: checking: /root/code/main.py (15143ms)
2023-09-04 10:25:28.570 [info] [Info  - 10:25:28 AM] (747) [BG(3)] Long operation: analyzing: /root/code/main.py (15914ms)
2023-09-04 10:25:30.240 [info] [Info  - 10:25:30 AM] (747) [BG(5)] Long operation: analyzing: /root/code/main.py (2139ms)
2023-09-04 10:25:30.849 [info] [Info  - 10:25:30 AM] (747) [BG(1)] Long operation: checking: /root/code/main.py (2615ms)
2023-09-04 10:25:30.853 [info] [Info  - 10:25:30 AM] (747) [BG(1)] Long operation: analyzing: /root/code/main.py (2741ms)
