2023-09-04 09:51:57.676 [info] Experiment 'pythonPromptNewFormatterExt' is active
2023-09-04 09:51:57.676 [info] Experiment 'pythonPromptNewToolsExt' is active
2023-09-04 09:51:57.676 [info] Experiment 'pythonSurveyNotification' is active
2023-09-04 09:51:57.676 [info] Experiment 'pythonTestAdaptercf' is active
2023-09-04 09:51:57.676 [info] Test server listening.
2023-09-04 09:51:57.707 [info] Python interpreter path: /usr/local/bin/python3
2023-09-04 09:51:57.747 [info] > /usr/local/bin/python3 -I ~/.vscode-server/extensions/ms-python.python-2023.14.0/pythonFiles/get_output_via_markers.py ~/.vscode-server/extensions/ms-python.python-2023.14.0/pythonFiles/interpreterInfo.py
2023-09-04 09:51:58.166 [info] > conda info --json
2023-09-04 09:51:58.176 [warning] Retry failed, storage update failed for key PYTHON_WORKSPACE_STORAGE_KEYS
2023-09-04 09:51:58.176 [warning] Retry failed, storage update failed for key PYTHON_WORKSPACE_STORAGE_KEYS
2023-09-04 09:51:58.176 [warning] Retry failed, storage update failed for key PYTHON_WORKSPACE_STORAGE_KEYS
2023-09-04 09:51:59.181 [info] Starting Pylance language server.
2023-09-04 09:52:26.198 [info] Discover tests for workspace name: code - uri: /root/code/main.py
2023-09-04 09:52:29.284 [info] Discover tests for workspace name: code - uri: /root/code/data/code/main.py
2023-09-04 09:52:33.477 [info] Send text to terminal: /usr/local/bin/python3 /root/code/data/code/main.py
2023-09-04 09:59:44.476 [info] Discover tests for workspace name: code - uri: /root/code/data/code/main.py
2023-09-04 09:59:51.453 [info] Discover tests for workspace name: code - uri: /root/code/main.py
2023-09-04 10:00:19.039 [info] Found: /bin/python3 --> /bin/python3.11
2023-09-04 10:00:19.039 [info] Found: /bin/python3.11 --> /bin/python3.11
2023-09-04 10:00:19.085 [info] Found: /usr/bin/python3 --> /usr/bin/python3.11
2023-09-04 10:00:19.087 [info] Found: /usr/bin/python3.11 --> /usr/bin/python3.11
2023-09-04 10:00:19.108 [info] Found: /usr/local/bin/python --> /usr/local/bin/python3.9
2023-09-04 10:00:19.109 [info] Found: /usr/local/bin/python3 --> /usr/local/bin/python3.9
2023-09-04 10:00:19.109 [info] Found: /usr/local/bin/python3.9 --> /usr/local/bin/python3.9
2023-09-04 10:00:19.185 [info] > /bin/python3 -I ~/.vscode-server/extensions/ms-python.python-2023.14.0/pythonFiles/get_output_via_markers.py ~/.vscode-server/extensions/ms-python.python-2023.14.0/pythonFiles/interpreterInfo.py
2023-09-04 10:00:19.283 [info] > /usr/bin/python3 -I ~/.vscode-server/extensions/ms-python.python-2023.14.0/pythonFiles/get_output_via_markers.py ~/.vscode-server/extensions/ms-python.python-2023.14.0/pythonFiles/interpreterInfo.py
2023-09-04 10:00:19.450 [info] > /usr/local/bin/python -I ~/.vscode-server/extensions/ms-python.python-2023.14.0/pythonFiles/get_output_via_markers.py ~/.vscode-server/extensions/ms-python.python-2023.14.0/pythonFiles/interpreterInfo.py
2023-09-04 10:00:19.785 [warning] Retry failed, storage update failed for key PYTHON_ENV_INFO_CACHE
2023-09-04 10:00:19.786 [warning] Retry failed, storage update failed for key PYTHON_ENV_INFO_CACHE
2023-09-04 10:01:08.992 [info] Discover tests for workspace name: code - uri: /root/code/main.py
2023-09-04 10:03:08.773 [info] Discover tests for workspace name: code - uri: /root/code/main.py
2023-09-04 10:03:12.085 [info] Send text to terminal: /usr/local/bin/python3 /root/code/main.py
