2023-10-21 08:11:15.657 [info] Log level: Info
2023-10-21 08:11:15.657 [info] Validating found git in: "git"
2023-10-21 08:11:15.658 [info] Using git "2.39.2" from "git"
2023-10-21 08:11:15.658 [info] > git rev-parse --show-toplevel [36ms]
2023-10-21 08:11:15.658 [info] > git rev-parse --git-dir --git-common-dir [2ms]
2023-10-21 08:11:15.659 [info] Open repository: /root/code
2023-10-21 08:11:15.659 [info] > git rev-parse --show-toplevel [4ms]
2023-10-21 08:11:15.659 [info] > git config --get commit.template [7ms]
2023-10-21 08:11:15.660 [info] No remotes found in the git config file.
2023-10-21 08:11:15.661 [info] > git rev-parse --show-toplevel [7ms]
2023-10-21 08:11:15.661 [info] > git for-each-ref --format=%(refname)%00%(upstream:short)%00%(objectname)%00%(upstream:track)%00%(upstream:remotename)%00%(upstream:remoteref) refs/heads/master refs/remotes/master [3ms]
2023-10-21 08:11:15.662 [info] > git status -z -uall [88ms]
2023-10-21 08:11:15.663 [info] No remotes found in the git config file.
2023-10-21 08:11:15.663 [info] > git config --get commit.template [39ms]
2023-10-21 08:11:15.663 [info] > git for-each-ref --format=%(refname)%00%(upstream:short)%00%(objectname)%00%(upstream:track)%00%(upstream:remotename)%00%(upstream:remoteref) refs/heads/master refs/remotes/master [9ms]
2023-10-21 08:11:15.663 [info] > git status -z -uall [86ms]
2023-10-21 08:11:16.583 [info] > git check-ignore -v -z --stdin [8ms]
2023-10-21 08:14:59.835 [info] No remotes found in the git config file.
2023-10-21 08:14:59.851 [info] > git config --get commit.template [17ms]
2023-10-21 08:14:59.854 [info] > git for-each-ref --format=%(refname)%00%(upstream:short)%00%(objectname)%00%(upstream:track)%00%(upstream:remotename)%00%(upstream:remoteref) refs/heads/master refs/remotes/master [7ms]
2023-10-21 08:14:59.884 [info] > git status -z -uall [22ms]
2023-10-21 08:15:16.034 [info] No remotes found in the git config file.
2023-10-21 08:15:16.036 [info] > git config --get commit.template [11ms]
2023-10-21 08:15:16.040 [info] > git for-each-ref --format=%(refname)%00%(upstream:short)%00%(objectname)%00%(upstream:track)%00%(upstream:remotename)%00%(upstream:remoteref) refs/heads/master refs/remotes/master [6ms]
2023-10-21 08:15:16.073 [info] > git status -z -uall [24ms]
