Visual Studio Code (1.80.2, attached-container, desktop)
Jupyter Extension Version: 2023.6.1101941928.
Python Extension Version: 2023.14.0.
Platform: linux (arm64).
Workspace folder ~/code, Home = /root
04:56:14.665 [info] User belongs to experiment group 'FastKernelPicker'
04:56:14.665 [info] User belongs to experiment group 'NewRemoteUriStorage'
04:56:14.665 [info] User belongs to experiment group 'PasswordManager'
04:56:14.950 [info] Start refreshing Kernel Picker (1693889774950)
04:56:14.954 [info] Using Pylance
04:56:17.125 [warn] Failed to get activated env vars for /bin/python3 in 657ms
04:56:17.161 [info] Process Execution: /bin/python3 -c "import site;print("USER_BASE_VALUE");print(site.USER_BASE);print("USER_BASE_VALUE");"
04:56:17.193 [info] Process Execution: /bin/python3 -m pip list
04:56:17.225 [info] Process Execution: /bin/python3 -c "import pip;print('6af208d0-cb9c-427f-b937-ff563e17efdf')"
04:56:17.453 [info] End refreshing Kernel Picker (1693889774950)
04:56:18.332 [warn] No interpreter for Pylance for Notebook URI "~/code/CarPricePrediction01.ipynb"
04:56:23.313 [info] Handle Execution of Cells 0 for ~/code/CarPricePrediction01.ipynb
04:56:23.363 [info] Starting Kernel startUsingPythonInterpreter, .jvsc74a57bd0949777d72b0d2535278d3dc13498b2535136f6dfe0678499012e853ee9abcab1./usr/local/python./usr/local/python.-m#ipykernel_launcher  (Python Path: /usr/local/bin/python, Unknown, 3.9.18) for '~/code/CarPricePrediction01.ipynb' (disableUI=false)
04:56:23.485 [warn] Failed to get activated env vars for /usr/local/bin/python in 207ms
04:56:23.507 [info] Process Execution: /usr/local/bin/python -c "import site;print("USER_BASE_VALUE");print(site.USER_BASE);print("USER_BASE_VALUE");"
04:56:23.556 [warn] Failed to get activated env vars for /usr/local/bin/python in 190ms
04:56:23.626 [info] Process Execution: /usr/local/bin/python -m pip list
04:56:23.680 [info] Process Execution: /usr/local/bin/python -c "import ipykernel; print(ipykernel.__version__); print("5dc3a68c-e34e-4080-9c3e-2a532b2ccb4d"); print(ipykernel.__file__)"
04:56:23.766 [info] Process Execution: /usr/local/bin/python -m ipykernel_launcher --ip=127.0.0.1 --stdin=9003 --control=9001 --hb=9000 --Session.signature_scheme="hmac-sha256" --Session.key=b"9a61e60d-94c5-47ed-b3ef-6ba374f9556a" --shell=9002 --transport="tcp" --iopub=9004 --f=~/.local/share/jupyter/runtime/kernel-v2-24025X2A6B9Tm91.json
    > cwd: ~/code
04:56:24.391 [info] ipykernel version & path 6.25.1, /usr/local/lib/python3.9/site-packages/ipykernel/__init__.py for /usr/local/bin/python
04:56:25.206 [info] Started Kernel Python 3.9.18 (pid: 612)
04:56:25.206 [info] Started new session 36532c33-a8fd-490f-a896-8fca6626cf68
04:56:25.372 [info] Process Execution: /usr/local/bin/python ~/.vscode-server/extensions/ms-toolsai.jupyter-2023.6.1101941928-linux-arm64/pythonFiles/printJupyterDataDir.py
04:56:25.441 [info] Kernel acknowledged execution of cell 0 @ 1693889785388
04:56:27.522 [info] End cell 0 execution @ 1693889787514, started @ 1693889785388, elapsed time = 2.126s
04:56:47.545 [info] Handle Execution of Cells 0 for ~/code/CarPricePrediction01.ipynb
04:56:47.804 [info] Kernel acknowledged execution of cell 0 @ 1693889807782
04:56:47.869 [info] End cell 0 execution @ 1693889807854, started @ 1693889807782, elapsed time = 0.072s
04:56:51.704 [info] Handle Execution of Cells 1 for ~/code/CarPricePrediction01.ipynb
04:56:51.778 [info] Kernel acknowledged execution of cell 1 @ 1693889811756
04:56:52.132 [info] End cell 1 execution @ 1693889812123, started @ 1693889811756, elapsed time = 0.367s
04:56:58.107 [info] Handle Execution of Cells 2 for ~/code/CarPricePrediction01.ipynb
04:56:58.140 [info] Kernel acknowledged execution of cell 2 @ 1693889818129
04:56:58.144 [info] End cell 2 execution @ 1693889818140, started @ 1693889818129, elapsed time = 0.011s
04:57:00.189 [info] Handle Execution of Cells 3 for ~/code/CarPricePrediction01.ipynb
04:57:00.208 [info] Kernel acknowledged execution of cell 3 @ 1693889820198
04:57:00.354 [info] End cell 3 execution @ 1693889820339, started @ 1693889820198, elapsed time = 0.141s
04:57:03.460 [info] Handle Execution of Cells 4 for ~/code/CarPricePrediction01.ipynb
04:57:03.522 [info] Kernel acknowledged execution of cell 4 @ 1693889823510
04:57:03.538 [info] End cell 4 execution @ 1693889823533, started @ 1693889823510, elapsed time = 0.023s
04:57:06.723 [info] Handle Execution of Cells 5 for ~/code/CarPricePrediction01.ipynb
04:57:06.765 [info] Kernel acknowledged execution of cell 5 @ 1693889826750
04:57:06.780 [info] End cell 5 execution @ 1693889826773, started @ 1693889826750, elapsed time = 0.023s
04:57:11.069 [info] Handle Execution of Cells 6 for ~/code/CarPricePrediction01.ipynb
04:57:11.117 [info] Kernel acknowledged execution of cell 6 @ 1693889831093
04:57:11.152 [info] End cell 6 execution @ 1693889831145, started @ 1693889831093, elapsed time = 0.052s
04:57:17.605 [info] Handle Execution of Cells 7 for ~/code/CarPricePrediction01.ipynb
04:57:17.685 [info] Kernel acknowledged execution of cell 7 @ 1693889837632
04:57:18.324 [info] End cell 7 execution @ 1693889838320, started @ 1693889837632, elapsed time = 0.688s
04:57:21.699 [info] Handle Execution of Cells 8 for ~/code/CarPricePrediction01.ipynb
04:57:21.782 [info] Kernel acknowledged execution of cell 8 @ 1693889841737
04:57:21.811 [info] End cell 8 execution @ 1693889841809, started @ 1693889841737, elapsed time = 0.072s
04:57:25.513 [info] Handle Execution of Cells 9 for ~/code/CarPricePrediction01.ipynb
04:57:25.579 [info] Kernel acknowledged execution of cell 9 @ 1693889845539
04:57:25.613 [info] End cell 9 execution @ 1693889845610, started @ 1693889845539, elapsed time = 0.071s
04:57:30.149 [info] Handle Execution of Cells 10 for ~/code/CarPricePrediction01.ipynb
04:57:30.203 [info] Kernel acknowledged execution of cell 10 @ 1693889850171
04:57:30.319 [info] End cell 10 execution @ 1693889850313, started @ 1693889850171, elapsed time = 0.142s
04:57:33.788 [info] Handle Execution of Cells 11 for ~/code/CarPricePrediction01.ipynb
04:57:33.836 [info] Kernel acknowledged execution of cell 11 @ 1693889853822
04:57:33.886 [info] End cell 11 execution @ 1693889853878, started @ 1693889853822, elapsed time = 0.056s
04:57:36.854 [info] Handle Execution of Cells 13 for ~/code/CarPricePrediction01.ipynb
04:57:36.926 [info] Kernel acknowledged execution of cell 13 @ 1693889856897
04:57:36.948 [info] End cell 13 execution @ 1693889856946, started @ 1693889856897, elapsed time = 0.049s
04:57:41.123 [info] Handle Execution of Cells 14 for ~/code/CarPricePrediction01.ipynb
04:57:41.178 [info] Kernel acknowledged execution of cell 14 @ 1693889861162
04:57:41.185 [info] End cell 14 execution @ 1693889861175, started @ 1693889861162, elapsed time = 0.013s
04:57:43.051 [info] Handle Execution of Cells 15 for ~/code/CarPricePrediction01.ipynb
04:57:43.162 [info] Kernel acknowledged execution of cell 15 @ 1693889863113
04:57:43.166 [info] End cell 15 execution @ 1693889863163, started @ 1693889863113, elapsed time = 0.05s
04:57:45.777 [info] Handle Execution of Cells 16 for ~/code/CarPricePrediction01.ipynb
04:57:45.845 [info] Kernel acknowledged execution of cell 16 @ 1693889865819
04:57:45.898 [info] End cell 16 execution @ 1693889865896, started @ 1693889865819, elapsed time = 0.077s
04:57:48.400 [info] Handle Execution of Cells 17 for ~/code/CarPricePrediction01.ipynb
04:57:48.444 [info] Kernel acknowledged execution of cell 17 @ 1693889868432
04:57:48.468 [info] End cell 17 execution @ 1693889868451, started @ 1693889868432, elapsed time = 0.019s
04:57:51.175 [info] Handle Execution of Cells 19 for ~/code/CarPricePrediction01.ipynb
04:57:51.229 [info] Kernel acknowledged execution of cell 19 @ 1693889871211
04:57:51.964 [info] End cell 19 execution @ 1693889871957, started @ 1693889871211, elapsed time = 0.746s
04:57:54.717 [info] Handle Execution of Cells 20 for ~/code/CarPricePrediction01.ipynb
04:57:54.794 [info] Kernel acknowledged execution of cell 20 @ 1693889874771
04:57:55.152 [info] End cell 20 execution @ 1693889875150, started @ 1693889874771, elapsed time = 0.379s
04:57:58.572 [info] Handle Execution of Cells 21 for ~/code/CarPricePrediction01.ipynb
04:57:58.648 [info] Kernel acknowledged execution of cell 21 @ 1693889878631
04:57:59.138 [info] End cell 21 execution @ 1693889879127, started @ 1693889878631, elapsed time = 0.496s
04:58:01.836 [info] Handle Execution of Cells 22 for ~/code/CarPricePrediction01.ipynb
04:58:01.921 [info] Kernel acknowledged execution of cell 22 @ 1693889881899
04:58:02.364 [info] End cell 22 execution @ 1693889882341, started @ 1693889881899, elapsed time = 0.442s
04:58:05.794 [info] Handle Execution of Cells 23 for ~/code/CarPricePrediction01.ipynb
04:58:05.847 [info] Kernel acknowledged execution of cell 23 @ 1693889885827
04:58:06.363 [info] End cell 23 execution @ 1693889886358, started @ 1693889885827, elapsed time = 0.531s
04:58:09.442 [info] Handle Execution of Cells 24 for ~/code/CarPricePrediction01.ipynb
04:58:09.528 [info] Kernel acknowledged execution of cell 24 @ 1693889889487
04:58:10.308 [info] End cell 24 execution @ 1693889890296, started @ 1693889889487, elapsed time = 0.809s
04:58:16.530 [info] Handle Execution of Cells 26 for ~/code/CarPricePrediction01.ipynb
04:58:16.588 [info] Kernel acknowledged execution of cell 26 @ 1693889896573
04:58:16.822 [info] End cell 26 execution @ 1693889896820, started @ 1693889896573, elapsed time = 0.247s
04:58:20.324 [info] Handle Execution of Cells 27 for ~/code/CarPricePrediction01.ipynb
04:58:20.376 [info] Kernel acknowledged execution of cell 27 @ 1693889900348
04:58:20.973 [info] End cell 27 execution @ 1693889900966, started @ 1693889900348, elapsed time = 0.618s
04:58:23.876 [info] Handle Execution of Cells 29 for ~/code/CarPricePrediction01.ipynb
04:58:23.900 [info] Kernel acknowledged execution of cell 29 @ 1693889903896
04:58:24.145 [info] End cell 29 execution @ 1693889904143, started @ 1693889903896, elapsed time = 0.247s
04:58:27.531 [info] Handle Execution of Cells 30 for ~/code/CarPricePrediction01.ipynb
04:58:27.582 [info] Kernel acknowledged execution of cell 30 @ 1693889907560
04:58:27.978 [info] End cell 30 execution @ 1693889907972, started @ 1693889907560, elapsed time = 0.412s
04:58:31.313 [info] Handle Execution of Cells 31 for ~/code/CarPricePrediction01.ipynb
04:58:31.356 [info] Kernel acknowledged execution of cell 31 @ 1693889911331
04:58:32.849 [info] End cell 31 execution @ 1693889912843, started @ 1693889911331, elapsed time = 1.512s
04:58:34.994 [info] Handle Execution of Cells 33 for ~/code/CarPricePrediction01.ipynb
04:58:35.044 [info] Kernel acknowledged execution of cell 33 @ 1693889915028
04:58:35.082 [info] End cell 33 execution @ 1693889915079, started @ 1693889915028, elapsed time = 0.051s
04:58:38.315 [info] Handle Execution of Cells 34 for ~/code/CarPricePrediction01.ipynb
04:58:38.346 [info] Kernel acknowledged execution of cell 34 @ 1693889918335
04:58:38.775 [info] End cell 34 execution @ 1693889918766, started @ 1693889918335, elapsed time = 0.431s
04:58:41.458 [info] Handle Execution of Cells 35 for ~/code/CarPricePrediction01.ipynb
04:58:41.524 [info] Kernel acknowledged execution of cell 35 @ 1693889921501
04:58:43.279 [info] End cell 35 execution @ 1693889923274, started @ 1693889921501, elapsed time = 1.773s
04:58:45.799 [info] Handle Execution of Cells 37 for ~/code/CarPricePrediction01.ipynb
04:58:45.872 [info] Kernel acknowledged execution of cell 37 @ 1693889925831
04:58:45.873 [info] End cell 37 execution @ 1693889925862, started @ 1693889925831, elapsed time = 0.031s
04:58:49.330 [info] Handle Execution of Cells 39 for ~/code/CarPricePrediction01.ipynb
04:58:49.416 [info] Kernel acknowledged execution of cell 39 @ 1693889929399
04:58:49.422 [info] End cell 39 execution @ 1693889929417, started @ 1693889929399, elapsed time = 0.018s
04:58:51.554 [info] Handle Execution of Cells 40 for ~/code/CarPricePrediction01.ipynb
04:58:51.603 [info] Kernel acknowledged execution of cell 40 @ 1693889931578
04:58:51.605 [info] End cell 40 execution @ 1693889931600, started @ 1693889931578, elapsed time = 0.022s
04:58:54.433 [info] Handle Execution of Cells 42 for ~/code/CarPricePrediction01.ipynb
04:58:54.478 [info] Kernel acknowledged execution of cell 42 @ 1693889934464
04:58:54.500 [info] End cell 42 execution @ 1693889934494, started @ 1693889934464, elapsed time = 0.03s
04:58:57.242 [info] Handle Execution of Cells 43 for ~/code/CarPricePrediction01.ipynb
04:58:57.313 [info] Kernel acknowledged execution of cell 43 @ 1693889937283
04:58:57.320 [info] End cell 43 execution @ 1693889937317, started @ 1693889937283, elapsed time = 0.034s
04:58:59.331 [info] Handle Execution of Cells 44 for ~/code/CarPricePrediction01.ipynb
04:58:59.378 [info] Kernel acknowledged execution of cell 44 @ 1693889939352
04:58:59.390 [info] End cell 44 execution @ 1693889939386, started @ 1693889939352, elapsed time = 0.034s
04:59:02.119 [info] Handle Execution of Cells 45 for ~/code/CarPricePrediction01.ipynb
04:59:02.240 [info] Kernel acknowledged execution of cell 45 @ 1693889942232
04:59:02.274 [info] End cell 45 execution @ 1693889942271, started @ 1693889942232, elapsed time = 0.039s
04:59:04.313 [info] Handle Execution of Cells 46 for ~/code/CarPricePrediction01.ipynb
04:59:04.346 [info] Kernel acknowledged execution of cell 46 @ 1693889944331
04:59:04.576 [info] End cell 46 execution @ 1693889944574, started @ 1693889944331, elapsed time = 0.243s
04:59:07.722 [info] Handle Execution of Cells 47 for ~/code/CarPricePrediction01.ipynb
04:59:07.792 [info] Kernel acknowledged execution of cell 47 @ 1693889947754
04:59:08.014 [info] End cell 47 execution @ 1693889948009, started @ 1693889947754, elapsed time = 0.255s
04:59:11.848 [info] Handle Execution of Cells 49 for ~/code/CarPricePrediction01.ipynb
04:59:11.911 [info] Kernel acknowledged execution of cell 49 @ 1693889951898
04:59:11.928 [info] End cell 49 execution @ 1693889951925, started @ 1693889951898, elapsed time = 0.027s
04:59:14.568 [info] Handle Execution of Cells 50 for ~/code/CarPricePrediction01.ipynb
04:59:14.597 [info] Kernel acknowledged execution of cell 50 @ 1693889954585
04:59:14.605 [info] End cell 50 execution @ 1693889954602, started @ 1693889954585, elapsed time = 0.017s
04:59:17.023 [info] Handle Execution of Cells 51 for ~/code/CarPricePrediction01.ipynb
04:59:17.074 [info] Kernel acknowledged execution of cell 51 @ 1693889957062
04:59:17.116 [info] End cell 51 execution @ 1693889957112, started @ 1693889957062, elapsed time = 0.05s
04:59:19.775 [info] Handle Execution of Cells 52 for ~/code/CarPricePrediction01.ipynb
04:59:19.811 [info] Kernel acknowledged execution of cell 52 @ 1693889959798
04:59:19.835 [info] End cell 52 execution @ 1693889959827, started @ 1693889959798, elapsed time = 0.029s
04:59:22.546 [info] Handle Execution of Cells 54 for ~/code/CarPricePrediction01.ipynb
04:59:22.604 [info] Kernel acknowledged execution of cell 54 @ 1693889962579
04:59:22.727 [info] End cell 54 execution @ 1693889962725, started @ 1693889962579, elapsed time = 0.146s
04:59:28.457 [info] Handle Execution of Cells 55 for ~/code/CarPricePrediction01.ipynb
04:59:28.525 [info] Kernel acknowledged execution of cell 55 @ 1693889968507
04:59:28.564 [info] End cell 55 execution @ 1693889968550, started @ 1693889968507, elapsed time = 0.043s
04:59:32.026 [info] Handle Execution of Cells 56 for ~/code/CarPricePrediction01.ipynb
04:59:32.066 [info] Kernel acknowledged execution of cell 56 @ 1693889972047
04:59:32.194 [info] End cell 56 execution @ 1693889972190, started @ 1693889972047, elapsed time = 0.143s
04:59:35.480 [info] Handle Execution of Cells 57 for ~/code/CarPricePrediction01.ipynb
04:59:35.544 [info] Kernel acknowledged execution of cell 57 @ 1693889975523
04:59:35.567 [info] End cell 57 execution @ 1693889975565, started @ 1693889975523, elapsed time = 0.042s
04:59:38.334 [info] Handle Execution of Cells 58 for ~/code/CarPricePrediction01.ipynb
04:59:38.364 [info] Kernel acknowledged execution of cell 58 @ 1693889978353
04:59:38.498 [info] End cell 58 execution @ 1693889978493, started @ 1693889978353, elapsed time = 0.14s
04:59:41.123 [info] Handle Execution of Cells 59 for ~/code/CarPricePrediction01.ipynb
04:59:41.162 [info] Kernel acknowledged execution of cell 59 @ 1693889981146
04:59:41.166 [info] End cell 59 execution @ 1693889981163, started @ 1693889981146, elapsed time = 0.017s
04:59:45.196 [info] Handle Execution of Cells 61 for ~/code/CarPricePrediction01.ipynb
04:59:45.245 [info] Kernel acknowledged execution of cell 61 @ 1693889985224
04:59:45.395 [info] End cell 61 execution @ 1693889985393, started @ 1693889985224, elapsed time = 0.169s
04:59:48.017 [info] Handle Execution of Cells 62 for ~/code/CarPricePrediction01.ipynb
04:59:48.081 [info] Kernel acknowledged execution of cell 62 @ 1693889988061
05:00:06.279 [info] End cell 62 execution @ 1693890006277, started @ 1693889988061, elapsed time = 18.216s
05:00:25.750 [info] Handle Execution of Cells 64 for ~/code/CarPricePrediction01.ipynb
05:00:25.791 [info] Kernel acknowledged execution of cell 64 @ 1693890025777
05:03:42.956 [info] End cell 64 execution @ 1693890222933, started @ 1693890025777, elapsed time = 197.156s
05:03:50.568 [info] Handle Execution of Cells 65 for ~/code/CarPricePrediction01.ipynb
05:03:50.632 [info] Kernel acknowledged execution of cell 65 @ 1693890230621
05:03:50.699 [info] End cell 65 execution @ 1693890230665, started @ 1693890230621, elapsed time = 0.044s
05:03:53.231 [info] Handle Execution of Cells 66 for ~/code/CarPricePrediction01.ipynb
05:03:53.271 [info] Kernel acknowledged execution of cell 66 @ 1693890233258
05:03:53.279 [info] End cell 66 execution @ 1693890233271, started @ 1693890233258, elapsed time = 0.013s
05:03:58.571 [info] Handle Execution of Cells 68 for ~/code/CarPricePrediction01.ipynb
05:03:58.656 [info] Kernel acknowledged execution of cell 68 @ 1693890238625
05:03:58.764 [info] End cell 68 execution @ 1693890238752, started @ 1693890238625, elapsed time = 0.127s
05:04:01.319 [info] Handle Execution of Cells 70 for ~/code/CarPricePrediction01.ipynb
05:04:01.359 [info] Kernel acknowledged execution of cell 70 @ 1693890241339
05:04:01.398 [info] End cell 70 execution @ 1693890241387, started @ 1693890241339, elapsed time = 0.048s
05:04:04.405 [info] Handle Execution of Cells 71 for ~/code/CarPricePrediction01.ipynb
05:04:04.473 [info] Kernel acknowledged execution of cell 71 @ 1693890244461
05:04:04.741 [info] End cell 71 execution @ 1693890244737, started @ 1693890244461, elapsed time = 0.276s
05:04:07.920 [info] Handle Execution of Cells 73 for ~/code/CarPricePrediction01.ipynb
05:04:07.992 [info] Kernel acknowledged execution of cell 73 @ 1693890247975
05:04:08.104 [info] End cell 73 execution @ 1693890248102, started @ 1693890247975, elapsed time = 0.127s
05:04:11.596 [info] Handle Execution of Cells 74 for ~/code/CarPricePrediction01.ipynb
05:04:11.631 [info] Kernel acknowledged execution of cell 74 @ 1693890251618
05:04:11.762 [info] End cell 74 execution @ 1693890251751, started @ 1693890251618, elapsed time = 0.133s
05:04:19.740 [info] Handle Execution of Cells 75 for ~/code/CarPricePrediction01.ipynb
05:04:19.796 [info] Kernel acknowledged execution of cell 75 @ 1693890259773
05:04:19.840 [info] End cell 75 execution @ 1693890259831, started @ 1693890259773, elapsed time = 0.058s
05:04:23.036 [info] Handle Execution of Cells 76 for ~/code/CarPricePrediction01.ipynb
05:04:23.106 [info] Kernel acknowledged execution of cell 76 @ 1693890263088
05:04:23.126 [info] End cell 76 execution @ 1693890263123, started @ 1693890263088, elapsed time = 0.035s
