Visual Studio Code (1.80.2, attached-container, desktop)
Jupyter Extension Version: 2023.6.1101941928.
Python Extension Version: 2023.14.0.
Platform: linux (arm64).
Workspace folder ~/code, Home = /root
09:51:57.044 [info] User belongs to experiment group 'FastKernelPicker'
09:51:57.044 [info] User belongs to experiment group 'NewRemoteUriStorage'
09:51:57.044 [info] User belongs to experiment group 'PasswordManager'
09:51:57.285 [info] Start refreshing Kernel Picker (1693821117285)
09:51:57.295 [info] Using Pylance
09:51:58.200 [warn] Failed to get activated env vars for /usr/local/bin/python3 in 486ms
09:51:58.215 [info] Process Execution: /usr/local/bin/python3 -c "import site;print("USER_BASE_VALUE");print(site.USER_BASE);print("USER_BASE_VALUE");"
09:51:58.241 [info] Process Execution: /usr/local/bin/python3 -m pip list
09:51:59.203 [info] End refreshing Kernel Picker (1693821117285)
10:00:18.982 [info] Start refreshing Interpreter Kernel Picker
10:00:18.983 [info] Start refreshing Kernel Picker (1693821618983)
10:00:19.030 [warn] No interpreter for Pylance for Notebook URI "~/code/CarPricePrediction.ipynb"
10:00:20.698 [info] End refreshing Kernel Picker (1693821618983)
10:10:47.745 [warn] No interpreter for Pylance for Notebook URI "~/code/ML_Car_prediction (1).ipynb"
10:11:30.390 [warn] No interpreter for Pylance for Notebook URI "~/code/CarPricePrediction01.ipynb"
10:11:52.089 [error] Failed to parse URI  [TypeError: Invalid URL
	at new NodeError (node:internal/errors:387:5)
	at URL.onParseError (node:internal/url:564:9)
	at new URL (node:internal/url:640:5)
	at Uk (~/.vscode-server/extensions/ms-toolsai.jupyter-2023.6.1101941928-linux-arm64/out/extension.node.js:24:553677)
	at i.value (~/.vscode-server/extensions/ms-toolsai.jupyter-2023.6.1101941928-linux-arm64/out/extension.node.js:24:549835)
	at p.w (~/.vscode-server/bin/2ccd690cbff1569e4a83d7c43d45101f817401dc/out/vs/workbench/api/node/extensionHostProcess.js:60:1902)
	at p.fire (~/.vscode-server/bin/2ccd690cbff1569e4a83d7c43d45101f817401dc/out/vs/workbench/api/node/extensionHostProcess.js:60:2119)
	at u._fireDidAccept (~/.vscode-server/bin/2ccd690cbff1569e4a83d7c43d45101f817401dc/out/vs/workbench/api/node/extensionHostProcess.js:102:112480)
	at p.$onDidAccept (~/.vscode-server/bin/2ccd690cbff1569e4a83d7c43d45101f817401dc/out/vs/workbench/api/node/extensionHostProcess.js:102:110725)
	at t.N (~/.vscode-server/bin/2ccd690cbff1569e4a83d7c43d45101f817401dc/out/vs/workbench/api/node/extensionHostProcess.js:112:11199)
	at t.M (~/.vscode-server/bin/2ccd690cbff1569e4a83d7c43d45101f817401dc/out/vs/workbench/api/node/extensionHostProcess.js:112:10965)
	at t.H (~/.vscode-server/bin/2ccd690cbff1569e4a83d7c43d45101f817401dc/out/vs/workbench/api/node/extensionHostProcess.js:112:10046)
	at t.G (~/.vscode-server/bin/2ccd690cbff1569e4a83d7c43d45101f817401dc/out/vs/workbench/api/node/extensionHostProcess.js:112:9122)
	at i.value (~/.vscode-server/bin/2ccd690cbff1569e4a83d7c43d45101f817401dc/out/vs/workbench/api/node/extensionHostProcess.js:112:7952)
	at p.w (~/.vscode-server/bin/2ccd690cbff1569e4a83d7c43d45101f817401dc/out/vs/workbench/api/node/extensionHostProcess.js:60:1902)
	at p.fire (~/.vscode-server/bin/2ccd690cbff1569e4a83d7c43d45101f817401dc/out/vs/workbench/api/node/extensionHostProcess.js:60:2119)
	at fire (~/.vscode-server/bin/2ccd690cbff1569e4a83d7c43d45101f817401dc/out/vs/workbench/api/node/extensionHostProcess.js:76:13931)
	at i.value (~/.vscode-server/bin/2ccd690cbff1569e4a83d7c43d45101f817401dc/out/vs/workbench/api/node/extensionHostProcess.js:128:30341)
	at p.w (~/.vscode-server/bin/2ccd690cbff1569e4a83d7c43d45101f817401dc/out/vs/workbench/api/node/extensionHostProcess.js:60:1902)
	at p.fire (~/.vscode-server/bin/2ccd690cbff1569e4a83d7c43d45101f817401dc/out/vs/workbench/api/node/extensionHostProcess.js:60:2119)
	at fire (~/.vscode-server/bin/2ccd690cbff1569e4a83d7c43d45101f817401dc/out/vs/workbench/api/node/extensionHostProcess.js:76:13931)
	at s.z (~/.vscode-server/bin/2ccd690cbff1569e4a83d7c43d45101f817401dc/out/vs/workbench/api/node/extensionHostProcess.js:76:16976)
	at i.value (~/.vscode-server/bin/2ccd690cbff1569e4a83d7c43d45101f817401dc/out/vs/workbench/api/node/extensionHostProcess.js:76:15428)
	at p.w (~/.vscode-server/bin/2ccd690cbff1569e4a83d7c43d45101f817401dc/out/vs/workbench/api/node/extensionHostProcess.js:60:1902)
	at p.fire (~/.vscode-server/bin/2ccd690cbff1569e4a83d7c43d45101f817401dc/out/vs/workbench/api/node/extensionHostProcess.js:60:2119)
	at i.acceptChunk (~/.vscode-server/bin/2ccd690cbff1569e4a83d7c43d45101f817401dc/out/vs/workbench/api/node/extensionHostProcess.js:76:11705)
	at i.value (~/.vscode-server/bin/2ccd690cbff1569e4a83d7c43d45101f817401dc/out/vs/workbench/api/node/extensionHostProcess.js:76:10992)
	at p.w (~/.vscode-server/bin/2ccd690cbff1569e4a83d7c43d45101f817401dc/out/vs/workbench/api/node/extensionHostProcess.js:60:1902)
	at p.fire (~/.vscode-server/bin/2ccd690cbff1569e4a83d7c43d45101f817401dc/out/vs/workbench/api/node/extensionHostProcess.js:60:2119)
	at p.u (~/.vscode-server/bin/2ccd690cbff1569e4a83d7c43d45101f817401dc/out/vs/workbench/api/node/extensionHostProcess.js:128:19065)] {
  input: '',
  code: 'ERR_INVALID_URL'
}
10:12:09.012 [error] Failed to parse URI ~/code [TypeError: Invalid URL
	at new NodeError (node:internal/errors:387:5)
	at URL.onParseError (node:internal/url:564:9)
	at new URL (node:internal/url:640:5)
	at Uk (~/.vscode-server/extensions/ms-toolsai.jupyter-2023.6.1101941928-linux-arm64/out/extension.node.js:24:553677)
	at i.value (~/.vscode-server/extensions/ms-toolsai.jupyter-2023.6.1101941928-linux-arm64/out/extension.node.js:24:549835)
	at p.w (~/.vscode-server/bin/2ccd690cbff1569e4a83d7c43d45101f817401dc/out/vs/workbench/api/node/extensionHostProcess.js:60:1902)
	at p.fire (~/.vscode-server/bin/2ccd690cbff1569e4a83d7c43d45101f817401dc/out/vs/workbench/api/node/extensionHostProcess.js:60:2119)
	at u._fireDidAccept (~/.vscode-server/bin/2ccd690cbff1569e4a83d7c43d45101f817401dc/out/vs/workbench/api/node/extensionHostProcess.js:102:112480)
	at p.$onDidAccept (~/.vscode-server/bin/2ccd690cbff1569e4a83d7c43d45101f817401dc/out/vs/workbench/api/node/extensionHostProcess.js:102:110725)
	at t.N (~/.vscode-server/bin/2ccd690cbff1569e4a83d7c43d45101f817401dc/out/vs/workbench/api/node/extensionHostProcess.js:112:11199)
	at t.M (~/.vscode-server/bin/2ccd690cbff1569e4a83d7c43d45101f817401dc/out/vs/workbench/api/node/extensionHostProcess.js:112:10965)
	at t.H (~/.vscode-server/bin/2ccd690cbff1569e4a83d7c43d45101f817401dc/out/vs/workbench/api/node/extensionHostProcess.js:112:10046)
	at t.G (~/.vscode-server/bin/2ccd690cbff1569e4a83d7c43d45101f817401dc/out/vs/workbench/api/node/extensionHostProcess.js:112:9122)
	at i.value (~/.vscode-server/bin/2ccd690cbff1569e4a83d7c43d45101f817401dc/out/vs/workbench/api/node/extensionHostProcess.js:112:7952)
	at p.w (~/.vscode-server/bin/2ccd690cbff1569e4a83d7c43d45101f817401dc/out/vs/workbench/api/node/extensionHostProcess.js:60:1902)
	at p.fire (~/.vscode-server/bin/2ccd690cbff1569e4a83d7c43d45101f817401dc/out/vs/workbench/api/node/extensionHostProcess.js:60:2119)
	at fire (~/.vscode-server/bin/2ccd690cbff1569e4a83d7c43d45101f817401dc/out/vs/workbench/api/node/extensionHostProcess.js:76:13931)
	at i.value (~/.vscode-server/bin/2ccd690cbff1569e4a83d7c43d45101f817401dc/out/vs/workbench/api/node/extensionHostProcess.js:128:30341)
	at p.w (~/.vscode-server/bin/2ccd690cbff1569e4a83d7c43d45101f817401dc/out/vs/workbench/api/node/extensionHostProcess.js:60:1902)
	at p.fire (~/.vscode-server/bin/2ccd690cbff1569e4a83d7c43d45101f817401dc/out/vs/workbench/api/node/extensionHostProcess.js:60:2119)
	at fire (~/.vscode-server/bin/2ccd690cbff1569e4a83d7c43d45101f817401dc/out/vs/workbench/api/node/extensionHostProcess.js:76:13931)
	at s.z (~/.vscode-server/bin/2ccd690cbff1569e4a83d7c43d45101f817401dc/out/vs/workbench/api/node/extensionHostProcess.js:76:16976)
	at i.value (~/.vscode-server/bin/2ccd690cbff1569e4a83d7c43d45101f817401dc/out/vs/workbench/api/node/extensionHostProcess.js:76:15428)
	at p.w (~/.vscode-server/bin/2ccd690cbff1569e4a83d7c43d45101f817401dc/out/vs/workbench/api/node/extensionHostProcess.js:60:1902)
	at p.fire (~/.vscode-server/bin/2ccd690cbff1569e4a83d7c43d45101f817401dc/out/vs/workbench/api/node/extensionHostProcess.js:60:2119)
	at i.acceptChunk (~/.vscode-server/bin/2ccd690cbff1569e4a83d7c43d45101f817401dc/out/vs/workbench/api/node/extensionHostProcess.js:76:11705)
	at i.value (~/.vscode-server/bin/2ccd690cbff1569e4a83d7c43d45101f817401dc/out/vs/workbench/api/node/extensionHostProcess.js:76:10992)
	at p.w (~/.vscode-server/bin/2ccd690cbff1569e4a83d7c43d45101f817401dc/out/vs/workbench/api/node/extensionHostProcess.js:60:1902)
	at p.fire (~/.vscode-server/bin/2ccd690cbff1569e4a83d7c43d45101f817401dc/out/vs/workbench/api/node/extensionHostProcess.js:60:2119)
	at p.u (~/.vscode-server/bin/2ccd690cbff1569e4a83d7c43d45101f817401dc/out/vs/workbench/api/node/extensionHostProcess.js:128:19065)] {
  input: '~/code',
  code: 'ERR_INVALID_URL'
}
10:13:46.166 [info] Handle Execution of Cells 0 for ~/code/CarPricePrediction01.ipynb
10:13:46.180 [info] Starting Kernel startUsingPythonInterpreter, .jvsc74a57bd0949777d72b0d2535278d3dc13498b2535136f6dfe0678499012e853ee9abcab1./usr/local/python./usr/local/python.-m#ipykernel_launcher  (Python Path: /usr/local/bin/python, Unknown, 3.9.18) for '~/code/CarPricePrediction01.ipynb' (disableUI=false)
10:13:46.280 [warn] Failed to get activated env vars for /usr/local/bin/python in 158ms
10:13:46.310 [info] Process Execution: /usr/local/bin/python -c "import site;print("USER_BASE_VALUE");print(site.USER_BASE);print("USER_BASE_VALUE");"
10:13:46.370 [warn] Failed to get activated env vars for /usr/local/bin/python in 186ms
10:13:46.424 [info] Process Execution: /usr/local/bin/python -m pip list
10:13:46.448 [info] Process Execution: /usr/local/bin/python -c "import ipykernel; print(ipykernel.__version__); print("5dc3a68c-e34e-4080-9c3e-2a532b2ccb4d"); print(ipykernel.__file__)"
10:13:46.459 [info] Process Execution: /usr/local/bin/python -m ipykernel_launcher --ip=127.0.0.1 --stdin=9003 --control=9001 --hb=9000 --Session.signature_scheme="hmac-sha256" --Session.key=b"a0d029c2-59ed-4dce-abcb-4234b667c4a8" --shell=9002 --transport="tcp" --iopub=9004 --f=~/.local/share/jupyter/runtime/kernel-v2-268lUWO4fBOAMjb.json
    > cwd: ~/code
10:13:46.708 [info] ipykernel version & path 6.25.1, /usr/local/lib/python3.9/site-packages/ipykernel/__init__.py for /usr/local/bin/python
10:13:47.068 [warn] StdErr from Kernel Process /usr/local/lib/python3.9/site-packages/traitlets/traitlets.py:2548: FutureWarning: Supporting extra quotes around strings is deprecated in traitlets 5.0. You can use 'hmac-sha256' instead of '"hmac-sha256"' if you require traitlets >=5.
  warn(
10:13:47.069 [warn] StdErr from Kernel Process /usr/local/lib/python3.9/site-packages/traitlets/traitlets.py:2499: FutureWarning: Supporting extra quotes around Bytes is deprecated in traitlets 5.0. Use 'a0d029c2-59ed-4dce-abcb-4234b667c4a8' instead of 'b"a0d029c2-59ed-4dce-abcb-4234b667c4a8"'.
  warn(
10:13:47.349 [info] Started Kernel Python 3.9.18 (pid: 14633)
10:13:47.349 [info] Started new session 19b2cada-159b-4ac5-aa93-98f1df33ac55
10:13:47.394 [info] Process Execution: /usr/local/bin/python ~/.vscode-server/extensions/ms-toolsai.jupyter-2023.6.1101941928-linux-arm64/pythonFiles/printJupyterDataDir.py
10:13:47.413 [info] Kernel acknowledged execution of cell 0 @ 1693822427400
10:13:49.197 [info] End cell 0 execution @ 1693822429184, started @ 1693822427400, elapsed time = 1.784s
