2023-09-17 04:29:15.780 [info] Extension host with pid 229 started
2023-09-17 04:29:15.785 [error] Error: EEXIST: file already exists, open '/root/.vscode-server/data/User/workspaceStorage/538001173c3284e9fb44a82067dd8435/vscode.lock'
2023-09-17 04:29:15.791 [info] Lock '/root/.vscode-server/data/User/workspaceStorage/538001173c3284e9fb44a82067dd8435/vscode.lock': Could not acquire lock, checking if the file is stale.
2023-09-17 04:29:15.802 [info] Lock '/root/.vscode-server/data/User/workspaceStorage/538001173c3284e9fb44a82067dd8435/vscode.lock': The pid 292 appears to be gone.
2023-09-17 04:29:15.802 [info] Lock '/root/.vscode-server/data/User/workspaceStorage/538001173c3284e9fb44a82067dd8435/vscode.lock': Deleting a stale lock.
2023-09-17 04:29:15.816 [info] ExtensionService#_doActivateExtension vscode.ipynb, startup: false, activationEvent: 'onNotebookSerializer:jupyter-notebook'
2023-09-17 04:29:15.817 [info] ExtensionService#_doActivateExtension vscode.emmet, startup: false, activationEvent: 'onLanguage'
2023-09-17 04:29:15.846 [info] Lock '/root/.vscode-server/data/User/workspaceStorage/538001173c3284e9fb44a82067dd8435/vscode.lock': Lock acquired.
2023-09-17 04:29:15.883 [info] ExtensionService#_doActivateExtension vscode.git-base, startup: true, activationEvent: '*', root cause: vscode.git
2023-09-17 04:29:15.915 [info] ExtensionService#_doActivateExtension vscode.git, startup: true, activationEvent: '*'
2023-09-17 04:29:15.915 [info] ExtensionService#_doActivateExtension vscode.github, startup: true, activationEvent: '*'
2023-09-17 04:29:16.051 [info] Eager extensions activated
2023-09-17 04:29:16.051 [info] ExtensionService#_doActivateExtension vscode.debug-auto-launch, startup: false, activationEvent: 'onStartupFinished'
2023-09-17 04:29:16.052 [info] ExtensionService#_doActivateExtension vscode.merge-conflict, startup: false, activationEvent: 'onStartupFinished'
2023-09-17 04:29:16.425 [info] ExtensionService#_doActivateExtension ms-toolsai.jupyter, startup: false, activationEvent: 'onNotebook:jupyter-notebook'
2023-09-17 04:29:16.426 [info] ExtensionService#_doActivateExtension ms-toolsai.vscode-jupyter-cell-tags, startup: false, activationEvent: 'onNotebook:jupyter-notebook'
2023-09-17 04:29:16.426 [info] ExtensionService#_doActivateExtension ms-toolsai.vscode-jupyter-slideshow, startup: false, activationEvent: 'onNotebook:jupyter-notebook'
2023-09-17 04:29:16.426 [info] ExtensionService#_doActivateExtension ms-toolsai.jupyter-renderers, startup: false, activationEvent: 'onNotebook:*'
2023-09-17 04:29:16.809 [info] ExtensionService#_doActivateExtension ms-python.python, startup: false, activationEvent: 'api', root cause: ms-toolsai.jupyter
2023-09-17 04:29:17.064 [info] ExtensionService#_doActivateExtension ms-python.vscode-pylance, startup: false, activationEvent: 'api', root cause: ms-python.python
2023-09-17 04:53:10.221 [info] ExtensionService#_doActivateExtension vscode.npm, startup: false, activationEvent: 'onTerminalQuickFixRequest:ms-vscode.npm-command'
2023-09-17 12:12:18.036 [error] [ms-python.python] provider FAILED
2023-09-17 12:12:18.038 [error] TypeError: Cannot read properties of undefined (reading 'data')
	at /root/.vscode-server/extensions/ms-python.vscode-pylance-2023.9.10/dist/extension.bundle.js:1:70776
	at _0x14cc73 (/root/.vscode-server/extensions/ms-python.vscode-pylance-2023.9.10/dist/extension.bundle.js:1:82543)
	at async H.provideCompletionItems (/root/.vscode-server/bin/2ccd690cbff1569e4a83d7c43d45101f817401dc/out/vs/workbench/api/node/extensionHostProcess.js:102:50297)
2023-09-17 17:05:52.965 [info] ExtensionService#_doActivateExtension vscode.extension-editing, startup: false, activationEvent: 'onLanguage:markdown'
2023-09-17 17:05:52.967 [info] ExtensionService#_doActivateExtension vscode.markdown-language-features, startup: false, activationEvent: 'onLanguage:markdown'
2023-09-17 17:05:53.547 [info] ExtensionService#_doActivateExtension vscode.markdown-math, startup: false, activationEvent: 'api', root cause: vscode.markdown-language-features
2023-09-18 07:34:37.132 [error] Error: getaddrinfo ENOTFOUND mobile.events.data.microsoft.com
	at GetAddrInfoReqWrap.onlookup [as oncomplete] (node:dns:109:26)
2023-09-18 07:34:37.496 [error] Error: getaddrinfo ENOTFOUND mobile.events.data.microsoft.com
	at GetAddrInfoReqWrap.onlookup [as oncomplete] (node:dns:109:26)
