2023-10-21 08:11:14.121 [info] Extension host with pid 255 started
2023-10-21 08:11:14.126 [error] Error: EEXIST: file already exists, open '/root/.vscode-server/data/User/workspaceStorage/538001173c3284e9fb44a82067dd8435/vscode.lock'
2023-10-21 08:11:14.137 [info] Lock '/root/.vscode-server/data/User/workspaceStorage/538001173c3284e9fb44a82067dd8435/vscode.lock': Could not acquire lock, checking if the file is stale.
2023-10-21 08:11:14.180 [info] Lock '/root/.vscode-server/data/User/workspaceStorage/538001173c3284e9fb44a82067dd8435/vscode.lock': The lock does not look stale, elapsed: 592180 ms, giving up.
2023-10-21 08:11:14.188 [error] Error: EEXIST: file already exists, open '/root/.vscode-server/data/User/workspaceStorage/538001173c3284e9fb44a82067dd8435-1/vscode.lock'
2023-10-21 08:11:14.218 [info] ExtensionService#_doActivateExtension vscode.ipynb, startup: false, activationEvent: 'onNotebookSerializer:jupyter-notebook'
2023-10-21 08:11:14.219 [info] ExtensionService#_doActivateExtension vscode.emmet, startup: false, activationEvent: 'onLanguage'
2023-10-21 08:11:14.259 [info] Lock '/root/.vscode-server/data/User/workspaceStorage/538001173c3284e9fb44a82067dd8435-1/vscode.lock': Could not acquire lock, checking if the file is stale.
2023-10-21 08:11:14.263 [info] Lock '/root/.vscode-server/data/User/workspaceStorage/538001173c3284e9fb44a82067dd8435-1/vscode.lock': The lock does not look stale, elapsed: 37263 ms, giving up.
2023-10-21 08:11:14.336 [info] Lock '/root/.vscode-server/data/User/workspaceStorage/538001173c3284e9fb44a82067dd8435-2/vscode.lock': Lock acquired.
2023-10-21 08:11:14.376 [info] ExtensionService#_doActivateExtension vscode.git-base, startup: true, activationEvent: '*', root cause: vscode.git
2023-10-21 08:11:14.400 [info] ExtensionService#_doActivateExtension vscode.git, startup: true, activationEvent: '*'
2023-10-21 08:11:14.400 [info] ExtensionService#_doActivateExtension vscode.github, startup: true, activationEvent: '*'
2023-10-21 08:11:14.727 [info] Eager extensions activated
2023-10-21 08:11:14.727 [info] ExtensionService#_doActivateExtension vscode.debug-auto-launch, startup: false, activationEvent: 'onStartupFinished'
2023-10-21 08:11:14.728 [info] ExtensionService#_doActivateExtension vscode.merge-conflict, startup: false, activationEvent: 'onStartupFinished'
2023-10-21 08:11:15.105 [info] ExtensionService#_doActivateExtension ms-toolsai.jupyter, startup: false, activationEvent: 'onNotebook:jupyter-notebook'
2023-10-21 08:11:15.106 [info] ExtensionService#_doActivateExtension ms-toolsai.vscode-jupyter-cell-tags, startup: false, activationEvent: 'onNotebook:jupyter-notebook'
2023-10-21 08:11:15.107 [info] ExtensionService#_doActivateExtension ms-toolsai.vscode-jupyter-slideshow, startup: false, activationEvent: 'onNotebook:jupyter-notebook'
2023-10-21 08:11:15.107 [info] ExtensionService#_doActivateExtension ms-toolsai.jupyter-renderers, startup: false, activationEvent: 'onNotebook:*'
2023-10-21 08:11:15.678 [info] ExtensionService#_doActivateExtension ms-python.python, startup: false, activationEvent: 'onLanguage:python'
2023-10-21 08:11:16.772 [info] ExtensionService#_doActivateExtension ms-python.vscode-pylance, startup: false, activationEvent: 'onLanguage:python'
2023-10-21 08:15:20.313 [info] ExtensionService#_doActivateExtension vscode.npm, startup: false, activationEvent: 'onTerminalQuickFixRequest:ms-vscode.npm-command'
