2023-10-21 04:55:26.776 [info] Log level: Info
2023-10-21 04:55:26.776 [info] Validating found git in: "git"
2023-10-21 04:55:26.776 [info] Using git "2.39.2" from "git"
2023-10-21 04:55:26.776 [info] > git rev-parse --show-toplevel [22ms]
2023-10-21 04:55:26.776 [info] > git rev-parse --git-dir --git-common-dir [6ms]
2023-10-21 04:55:26.776 [info] Open repository: /root/code
2023-10-21 04:55:26.776 [info] > git rev-parse --show-toplevel [7ms]
2023-10-21 04:55:26.776 [info] > git config --get commit.template [5ms]
2023-10-21 04:55:26.776 [info] No remotes found in the git config file.
2023-10-21 04:55:26.776 [info] > git rev-parse --show-toplevel [19ms]
2023-10-21 04:55:26.776 [info] > git for-each-ref --format=%(refname)%00%(upstream:short)%00%(objectname)%00%(upstream:track)%00%(upstream:remotename)%00%(upstream:remoteref) refs/heads/master refs/remotes/master [6ms]
2023-10-21 04:55:26.776 [info] > git status -z -uall [46ms]
2023-10-21 04:55:26.777 [info] No remotes found in the git config file.
2023-10-21 04:55:26.777 [info] > git config --get commit.template [15ms]
2023-10-21 04:55:26.777 [info] > git for-each-ref --format=%(refname)%00%(upstream:short)%00%(objectname)%00%(upstream:track)%00%(upstream:remotename)%00%(upstream:remoteref) refs/heads/master refs/remotes/master [4ms]
2023-10-21 04:55:26.822 [info] > git status -z -uall [41ms]
2023-10-21 04:55:27.947 [info] > git check-ignore -v -z --stdin [37ms]
2023-10-21 06:15:34.384 [info] > git check-ignore -v -z --stdin [42ms]
2023-10-21 06:15:37.726 [info] > git check-ignore -v -z --stdin [9ms]
2023-10-21 06:15:39.880 [info] > git check-ignore -v -z --stdin [8ms]
