2023-10-21 04:55:26.183 [info] Extension host with pid 2171 started
2023-10-21 04:55:26.185 [error] Error: EEXIST: file already exists, open '/root/.vscode-server/data/User/workspaceStorage/538001173c3284e9fb44a82067dd8435/vscode.lock'
2023-10-21 04:55:26.191 [info] Lock '/root/.vscode-server/data/User/workspaceStorage/538001173c3284e9fb44a82067dd8435/vscode.lock': Could not acquire lock, checking if the file is stale.
2023-10-21 04:55:26.204 [info] Lock '/root/.vscode-server/data/User/workspaceStorage/538001173c3284e9fb44a82067dd8435/vscode.lock': The pid 288 appears to be gone.
2023-10-21 04:55:26.204 [info] Lock '/root/.vscode-server/data/User/workspaceStorage/538001173c3284e9fb44a82067dd8435/vscode.lock': Deleting a stale lock.
2023-10-21 04:55:26.227 [info] ExtensionService#_doActivateExtension vscode.ipynb, startup: false, activationEvent: 'onNotebookSerializer:jupyter-notebook'
2023-10-21 04:55:26.260 [info] Lock '/root/.vscode-server/data/User/workspaceStorage/538001173c3284e9fb44a82067dd8435/vscode.lock': Lock acquired.
2023-10-21 04:55:26.321 [info] ExtensionService#_doActivateExtension vscode.git-base, startup: true, activationEvent: '*', root cause: vscode.git
2023-10-21 04:55:26.392 [info] ExtensionService#_doActivateExtension vscode.git, startup: true, activationEvent: '*'
2023-10-21 04:55:26.394 [info] ExtensionService#_doActivateExtension vscode.github, startup: true, activationEvent: '*'
2023-10-21 04:55:26.596 [info] Eager extensions activated
2023-10-21 04:55:26.596 [info] ExtensionService#_doActivateExtension vscode.debug-auto-launch, startup: false, activationEvent: 'onStartupFinished'
2023-10-21 04:55:26.597 [info] ExtensionService#_doActivateExtension vscode.merge-conflict, startup: false, activationEvent: 'onStartupFinished'
2023-10-21 04:55:26.934 [info] ExtensionService#_doActivateExtension ms-toolsai.jupyter, startup: false, activationEvent: 'onNotebook:jupyter-notebook'
2023-10-21 04:55:26.934 [info] ExtensionService#_doActivateExtension ms-toolsai.vscode-jupyter-cell-tags, startup: false, activationEvent: 'onNotebook:jupyter-notebook'
2023-10-21 04:55:26.935 [info] ExtensionService#_doActivateExtension ms-toolsai.vscode-jupyter-slideshow, startup: false, activationEvent: 'onNotebook:jupyter-notebook'
2023-10-21 04:55:26.935 [info] ExtensionService#_doActivateExtension ms-toolsai.jupyter-renderers, startup: false, activationEvent: 'onNotebook:*'
2023-10-21 04:55:27.516 [info] ExtensionService#_doActivateExtension ms-python.python, startup: false, activationEvent: 'api', root cause: ms-toolsai.jupyter
2023-10-21 04:55:28.112 [info] ExtensionService#_doActivateExtension ms-python.vscode-pylance, startup: false, activationEvent: 'api', root cause: ms-python.python
2023-10-21 04:55:28.900 [info] ExtensionService#_doActivateExtension vscode.emmet, startup: false, activationEvent: 'onLanguage'
2023-10-21 04:55:29.810 [info] ExtensionService#_doActivateExtension vscode.extension-editing, startup: false, activationEvent: 'onLanguage:markdown'
2023-10-21 04:55:29.810 [info] ExtensionService#_doActivateExtension vscode.markdown-language-features, startup: false, activationEvent: 'onLanguage:markdown'
2023-10-21 04:55:47.987 [info] ExtensionService#_doActivateExtension vscode.markdown-math, startup: false, activationEvent: 'api', root cause: vscode.markdown-language-features
