2023-09-04 10:34:17.417 [info] Experiment 'pythonPromptNewFormatterExt' is active
2023-09-04 10:34:17.417 [info] Experiment 'pythonPromptNewToolsExt' is active
2023-09-04 10:34:17.417 [info] Experiment 'pythonSurveyNotification' is active
2023-09-04 10:34:17.417 [info] Experiment 'pythonTestAdaptercf' is active
2023-09-04 10:34:17.417 [info] Test server listening.
2023-09-04 10:34:17.417 [info] > conda info --json
2023-09-04 10:34:17.417 [info] Found: /bin/python3 --> /bin/python3.11
2023-09-04 10:34:17.418 [info] Found: /bin/python3.11 --> /bin/python3.11
2023-09-04 10:34:17.427 [info] Found: /usr/bin/python3 --> /usr/bin/python3.11
2023-09-04 10:34:17.428 [info] Found: /usr/bin/python3.11 --> /usr/bin/python3.11
2023-09-04 10:34:17.438 [info] Found: /usr/local/bin/python --> /usr/local/bin/python3.9
2023-09-04 10:34:17.457 [info] Found: /usr/local/bin/python3 --> /usr/local/bin/python3.9
2023-09-04 10:34:17.460 [info] Found: /usr/local/bin/python3.9 --> /usr/local/bin/python3.9
2023-09-04 10:34:17.469 [warning] Retry failed, storage update failed for key PYTHON_WORKSPACE_STORAGE_KEYS
2023-09-04 10:34:17.469 [warning] Retry failed, storage update failed for key PYTHON_WORKSPACE_STORAGE_KEYS
2023-09-04 10:34:17.470 [warning] Retry failed, storage update failed for key PYTHON_WORKSPACE_STORAGE_KEYS
2023-09-04 10:34:17.525 [info] > /bin/python3 -I ~/.vscode-server/extensions/ms-python.python-2023.14.0/pythonFiles/get_output_via_markers.py ~/.vscode-server/extensions/ms-python.python-2023.14.0/pythonFiles/interpreterInfo.py
2023-09-04 10:34:17.546 [info] > /usr/bin/python3 -I ~/.vscode-server/extensions/ms-python.python-2023.14.0/pythonFiles/get_output_via_markers.py ~/.vscode-server/extensions/ms-python.python-2023.14.0/pythonFiles/interpreterInfo.py
2023-09-04 10:34:17.621 [info] > /usr/local/bin/python -I ~/.vscode-server/extensions/ms-python.python-2023.14.0/pythonFiles/get_output_via_markers.py ~/.vscode-server/extensions/ms-python.python-2023.14.0/pythonFiles/interpreterInfo.py
2023-09-04 10:34:17.725 [info] Python interpreter path: /bin/python3
2023-09-04 10:34:19.220 [info] Starting Pylance language server.
2023-09-04 10:34:25.445 [info] Send text to terminal: /bin/python3 /root/code/main.py
2023-09-04 10:55:04.433 [info] Discover tests for workspace name: code - uri: /root/code/practice01.py
2023-09-04 15:00:51.809 [info] Send text to terminal: /bin/python3 /root/code/main.py
2023-09-04 16:28:12.278 [info] Discover tests for workspace name: code - uri: /root/code/main.py
2023-09-04 23:15:01.738 [info] Discover tests for workspace name: code - uri: /root/code/main.py
2023-09-04 23:15:02.075 [info] Discover tests for workspace name: code - uri: /root/code/main.py
2023-09-04 23:17:46.391 [info] Discover tests for workspace name: code - uri: /root/code/main.py
2023-09-04 23:17:48.005 [info] Discover tests for workspace name: code - uri: /root/code/main.py
2023-09-04 23:17:52.103 [info] Send text to terminal: /bin/python3 /root/code/main.py
