2023-10-21 04:52:05.655 [info] Extension host with pid 320 started
2023-10-21 04:52:05.771 [info] ExtensionService#_doActivateExtension vscode.git-base, startup: true, activationEvent: '*', root cause: vscode.git
2023-10-21 04:52:05.815 [info] Lock '/root/.vscode-server/data/User/workspaceStorage/37a60cb89f3855e58b84192209518ffd/vscode.lock': Lock acquired.
2023-10-21 04:52:05.882 [info] ExtensionService#_doActivateExtension vscode.git, startup: true, activationEvent: '*'
2023-10-21 04:52:05.883 [info] ExtensionService#_doActivateExtension vscode.github, startup: true, activationEvent: '*'
2023-10-21 04:52:06.376 [info] Eager extensions activated
2023-10-21 04:52:06.376 [info] ExtensionService#_doActivateExtension vscode.debug-auto-launch, startup: false, activationEvent: 'onStartupFinished'
2023-10-21 04:52:06.377 [info] ExtensionService#_doActivateExtension vscode.merge-conflict, startup: false, activationEvent: 'onStartupFinished'
2023-10-21 04:53:10.338 [info] ExtensionService#_doActivateExtension vscode.emmet, startup: false, activationEvent: 'onLanguage'
2023-10-21 04:53:35.838 [info] Extension host terminating: received terminate message from renderer
2023-10-21 04:53:35.842 [info] Lock '/root/.vscode-server/data/User/workspaceStorage/37a60cb89f3855e58b84192209518ffd/vscode.lock': Marking the lockfile as scheduled to be released in 6000 ms.
2023-10-21 04:53:35.946 [error] Canceled: Canceled
	at new h (/root/.vscode-server/bin/2ccd690cbff1569e4a83d7c43d45101f817401dc/out/vs/workbench/api/node/extensionHostProcess.js:100:42413)
	at t.O (/root/.vscode-server/bin/2ccd690cbff1569e4a83d7c43d45101f817401dc/out/vs/workbench/api/node/extensionHostProcess.js:112:11236)
	at Proxy.U.<computed>.q.charCodeAt.U.<computed> (/root/.vscode-server/bin/2ccd690cbff1569e4a83d7c43d45101f817401dc/out/vs/workbench/api/node/extensionHostProcess.js:112:8675)
	at e.$vL.g (/root/.vscode-server/bin/2ccd690cbff1569e4a83d7c43d45101f817401dc/out/vs/workbench/api/node/extensionHostProcess.js:100:63549)
	at e.$vL.executeCommand (/root/.vscode-server/bin/2ccd690cbff1569e4a83d7c43d45101f817401dc/out/vs/workbench/api/node/extensionHostProcess.js:100:62973)
	at P.registerCommand.description (/root/.vscode-server/bin/2ccd690cbff1569e4a83d7c43d45101f817401dc/out/vs/workbench/api/node/extensionHostProcess.js:100:62280)
	at e.$vL.h (/root/.vscode-server/bin/2ccd690cbff1569e4a83d7c43d45101f817401dc/out/vs/workbench/api/node/extensionHostProcess.js:100:64085)
	at e.$vL.g (/root/.vscode-server/bin/2ccd690cbff1569e4a83d7c43d45101f817401dc/out/vs/workbench/api/node/extensionHostProcess.js:100:63073)
	at e.$vL.executeCommand (/root/.vscode-server/bin/2ccd690cbff1569e4a83d7c43d45101f817401dc/out/vs/workbench/api/node/extensionHostProcess.js:100:62973)
	at Object.executeCommand (/root/.vscode-server/bin/2ccd690cbff1569e4a83d7c43d45101f817401dc/out/vs/workbench/api/node/extensionHostProcess.js:118:20971)
	at i.D [as value] (/root/.vscode-server/bin/2ccd690cbff1569e4a83d7c43d45101f817401dc/extensions/git/dist/main.js:2:1260424)
	at p.w (/root/.vscode-server/bin/2ccd690cbff1569e4a83d7c43d45101f817401dc/out/vs/workbench/api/node/extensionHostProcess.js:60:1902)
	at p.x (/root/.vscode-server/bin/2ccd690cbff1569e4a83d7c43d45101f817401dc/out/vs/workbench/api/node/extensionHostProcess.js:60:1972)
	at p.fire (/root/.vscode-server/bin/2ccd690cbff1569e4a83d7c43d45101f817401dc/out/vs/workbench/api/node/extensionHostProcess.js:60:2188)
	at Object.m [as dispose] (/root/.vscode-server/bin/2ccd690cbff1569e4a83d7c43d45101f817401dc/extensions/git/dist/main.js:2:1275972)
	at /root/.vscode-server/bin/2ccd690cbff1569e4a83d7c43d45101f817401dc/extensions/git/dist/main.js:2:1280539
	at Array.forEach (<anonymous>)
	at g.dispose (/root/.vscode-server/bin/2ccd690cbff1569e4a83d7c43d45101f817401dc/extensions/git/dist/main.js:2:1280525)
	at o.<anonymous> (/root/.vscode-server/bin/2ccd690cbff1569e4a83d7c43d45101f817401dc/out/vs/workbench/api/node/extensionHostProcess.js:96:4162)
	at o.dispose (/root/.vscode-server/bin/2ccd690cbff1569e4a83d7c43d45101f817401dc/out/vs/workbench/api/node/extensionHostProcess.js:96:4297)
	at o.<anonymous> (/root/.vscode-server/bin/2ccd690cbff1569e4a83d7c43d45101f817401dc/extensions/git/dist/main.js:2:1262437)
	at o.dispose (/root/.vscode-server/bin/2ccd690cbff1569e4a83d7c43d45101f817401dc/out/vs/workbench/api/node/extensionHostProcess.js:96:4297)
	at D (/root/.vscode-server/bin/2ccd690cbff1569e4a83d7c43d45101f817401dc/out/vs/workbench/api/node/extensionHostProcess.js:10:11731)
	at i.Z (/root/.vscode-server/bin/2ccd690cbff1569e4a83d7c43d45101f817401dc/out/vs/workbench/api/node/extensionHostProcess.js:114:10370)
	at /root/.vscode-server/bin/2ccd690cbff1569e4a83d7c43d45101f817401dc/out/vs/workbench/api/node/extensionHostProcess.js:114:8332
	at Array.map (<anonymous>)
	at i.S (/root/.vscode-server/bin/2ccd690cbff1569e4a83d7c43d45101f817401dc/out/vs/workbench/api/node/extensionHostProcess.js:114:8319)
	at i.terminate (/root/.vscode-server/bin/2ccd690cbff1569e4a83d7c43d45101f817401dc/out/vs/workbench/api/node/extensionHostProcess.js:114:8591)
	at l.terminate (/root/.vscode-server/bin/2ccd690cbff1569e4a83d7c43d45101f817401dc/out/vs/workbench/api/node/extensionHostProcess.js:118:1532)
	at E (/root/.vscode-server/bin/2ccd690cbff1569e4a83d7c43d45101f817401dc/out/vs/workbench/api/node/extensionHostProcess.js:128:32236)
	at i.value (/root/.vscode-server/bin/2ccd690cbff1569e4a83d7c43d45101f817401dc/out/vs/workbench/api/node/extensionHostProcess.js:128:30287)
	at p.w (/root/.vscode-server/bin/2ccd690cbff1569e4a83d7c43d45101f817401dc/out/vs/workbench/api/node/extensionHostProcess.js:60:1902)
	at p.fire (/root/.vscode-server/bin/2ccd690cbff1569e4a83d7c43d45101f817401dc/out/vs/workbench/api/node/extensionHostProcess.js:60:2119)
	at fire (/root/.vscode-server/bin/2ccd690cbff1569e4a83d7c43d45101f817401dc/out/vs/workbench/api/node/extensionHostProcess.js:76:13931)
	at s.z (/root/.vscode-server/bin/2ccd690cbff1569e4a83d7c43d45101f817401dc/out/vs/workbench/api/node/extensionHostProcess.js:76:16976)
	at i.value (/root/.vscode-server/bin/2ccd690cbff1569e4a83d7c43d45101f817401dc/out/vs/workbench/api/node/extensionHostProcess.js:76:15428)
	at p.w (/root/.vscode-server/bin/2ccd690cbff1569e4a83d7c43d45101f817401dc/out/vs/workbench/api/node/extensionHostProcess.js:60:1902)
	at p.fire (/root/.vscode-server/bin/2ccd690cbff1569e4a83d7c43d45101f817401dc/out/vs/workbench/api/node/extensionHostProcess.js:60:2119)
	at i.acceptChunk (/root/.vscode-server/bin/2ccd690cbff1569e4a83d7c43d45101f817401dc/out/vs/workbench/api/node/extensionHostProcess.js:76:11705)
	at i.value (/root/.vscode-server/bin/2ccd690cbff1569e4a83d7c43d45101f817401dc/out/vs/workbench/api/node/extensionHostProcess.js:76:10992)
	at p.w (/root/.vscode-server/bin/2ccd690cbff1569e4a83d7c43d45101f817401dc/out/vs/workbench/api/node/extensionHostProcess.js:60:1902)
	at p.fire (/root/.vscode-server/bin/2ccd690cbff1569e4a83d7c43d45101f817401dc/out/vs/workbench/api/node/extensionHostProcess.js:60:2119)
	at p.u (/root/.vscode-server/bin/2ccd690cbff1569e4a83d7c43d45101f817401dc/out/vs/workbench/api/node/extensionHostProcess.js:128:19065) setContext undefined
2023-10-21 04:53:35.951 [error] Canceled: Canceled
	at new h (/root/.vscode-server/bin/2ccd690cbff1569e4a83d7c43d45101f817401dc/out/vs/workbench/api/node/extensionHostProcess.js:100:42413)
	at t.O (/root/.vscode-server/bin/2ccd690cbff1569e4a83d7c43d45101f817401dc/out/vs/workbench/api/node/extensionHostProcess.js:112:11236)
	at Proxy.U.<computed>.q.charCodeAt.U.<computed> (/root/.vscode-server/bin/2ccd690cbff1569e4a83d7c43d45101f817401dc/out/vs/workbench/api/node/extensionHostProcess.js:112:8675)
	at e.$vL.g (/root/.vscode-server/bin/2ccd690cbff1569e4a83d7c43d45101f817401dc/out/vs/workbench/api/node/extensionHostProcess.js:100:63549)
	at e.$vL.executeCommand (/root/.vscode-server/bin/2ccd690cbff1569e4a83d7c43d45101f817401dc/out/vs/workbench/api/node/extensionHostProcess.js:100:62973)
	at P.registerCommand.description (/root/.vscode-server/bin/2ccd690cbff1569e4a83d7c43d45101f817401dc/out/vs/workbench/api/node/extensionHostProcess.js:100:62280)
	at e.$vL.h (/root/.vscode-server/bin/2ccd690cbff1569e4a83d7c43d45101f817401dc/out/vs/workbench/api/node/extensionHostProcess.js:100:64085)
	at e.$vL.g (/root/.vscode-server/bin/2ccd690cbff1569e4a83d7c43d45101f817401dc/out/vs/workbench/api/node/extensionHostProcess.js:100:63073)
	at e.$vL.executeCommand (/root/.vscode-server/bin/2ccd690cbff1569e4a83d7c43d45101f817401dc/out/vs/workbench/api/node/extensionHostProcess.js:100:62973)
	at Object.executeCommand (/root/.vscode-server/bin/2ccd690cbff1569e4a83d7c43d45101f817401dc/out/vs/workbench/api/node/extensionHostProcess.js:118:20971)
	at t.$ie.set b [as b] (/root/.vscode-server/bin/2ccd690cbff1569e4a83d7c43d45101f817401dc/extensions/github/dist/extension.js:2:675669)
	at /root/.vscode-server/bin/2ccd690cbff1569e4a83d7c43d45101f817401dc/extensions/github/dist/extension.js:2:676313
	at i.value (/root/.vscode-server/bin/2ccd690cbff1569e4a83d7c43d45101f817401dc/extensions/git/dist/main.js:2:1347255)
	at p.w (/root/.vscode-server/bin/2ccd690cbff1569e4a83d7c43d45101f817401dc/out/vs/workbench/api/node/extensionHostProcess.js:60:1902)
	at p.x (/root/.vscode-server/bin/2ccd690cbff1569e4a83d7c43d45101f817401dc/out/vs/workbench/api/node/extensionHostProcess.js:60:1972)
	at p.fire (/root/.vscode-server/bin/2ccd690cbff1569e4a83d7c43d45101f817401dc/out/vs/workbench/api/node/extensionHostProcess.js:60:2188)
	at Object.m [as dispose] (/root/.vscode-server/bin/2ccd690cbff1569e4a83d7c43d45101f817401dc/extensions/git/dist/main.js:2:1275972)
	at /root/.vscode-server/bin/2ccd690cbff1569e4a83d7c43d45101f817401dc/extensions/git/dist/main.js:2:1280539
	at Array.forEach (<anonymous>)
	at g.dispose (/root/.vscode-server/bin/2ccd690cbff1569e4a83d7c43d45101f817401dc/extensions/git/dist/main.js:2:1280525)
	at o.<anonymous> (/root/.vscode-server/bin/2ccd690cbff1569e4a83d7c43d45101f817401dc/out/vs/workbench/api/node/extensionHostProcess.js:96:4162)
	at o.dispose (/root/.vscode-server/bin/2ccd690cbff1569e4a83d7c43d45101f817401dc/out/vs/workbench/api/node/extensionHostProcess.js:96:4297)
	at o.<anonymous> (/root/.vscode-server/bin/2ccd690cbff1569e4a83d7c43d45101f817401dc/extensions/git/dist/main.js:2:1262437)
	at o.dispose (/root/.vscode-server/bin/2ccd690cbff1569e4a83d7c43d45101f817401dc/out/vs/workbench/api/node/extensionHostProcess.js:96:4297)
	at D (/root/.vscode-server/bin/2ccd690cbff1569e4a83d7c43d45101f817401dc/out/vs/workbench/api/node/extensionHostProcess.js:10:11731)
	at i.Z (/root/.vscode-server/bin/2ccd690cbff1569e4a83d7c43d45101f817401dc/out/vs/workbench/api/node/extensionHostProcess.js:114:10370)
	at /root/.vscode-server/bin/2ccd690cbff1569e4a83d7c43d45101f817401dc/out/vs/workbench/api/node/extensionHostProcess.js:114:8332
	at Array.map (<anonymous>)
	at i.S (/root/.vscode-server/bin/2ccd690cbff1569e4a83d7c43d45101f817401dc/out/vs/workbench/api/node/extensionHostProcess.js:114:8319)
	at i.terminate (/root/.vscode-server/bin/2ccd690cbff1569e4a83d7c43d45101f817401dc/out/vs/workbench/api/node/extensionHostProcess.js:114:8591)
	at l.terminate (/root/.vscode-server/bin/2ccd690cbff1569e4a83d7c43d45101f817401dc/out/vs/workbench/api/node/extensionHostProcess.js:118:1532)
	at E (/root/.vscode-server/bin/2ccd690cbff1569e4a83d7c43d45101f817401dc/out/vs/workbench/api/node/extensionHostProcess.js:128:32236)
	at i.value (/root/.vscode-server/bin/2ccd690cbff1569e4a83d7c43d45101f817401dc/out/vs/workbench/api/node/extensionHostProcess.js:128:30287)
	at p.w (/root/.vscode-server/bin/2ccd690cbff1569e4a83d7c43d45101f817401dc/out/vs/workbench/api/node/extensionHostProcess.js:60:1902)
	at p.fire (/root/.vscode-server/bin/2ccd690cbff1569e4a83d7c43d45101f817401dc/out/vs/workbench/api/node/extensionHostProcess.js:60:2119)
	at fire (/root/.vscode-server/bin/2ccd690cbff1569e4a83d7c43d45101f817401dc/out/vs/workbench/api/node/extensionHostProcess.js:76:13931)
	at s.z (/root/.vscode-server/bin/2ccd690cbff1569e4a83d7c43d45101f817401dc/out/vs/workbench/api/node/extensionHostProcess.js:76:16976)
	at i.value (/root/.vscode-server/bin/2ccd690cbff1569e4a83d7c43d45101f817401dc/out/vs/workbench/api/node/extensionHostProcess.js:76:15428)
	at p.w (/root/.vscode-server/bin/2ccd690cbff1569e4a83d7c43d45101f817401dc/out/vs/workbench/api/node/extensionHostProcess.js:60:1902)
	at p.fire (/root/.vscode-server/bin/2ccd690cbff1569e4a83d7c43d45101f817401dc/out/vs/workbench/api/node/extensionHostProcess.js:60:2119)
	at i.acceptChunk (/root/.vscode-server/bin/2ccd690cbff1569e4a83d7c43d45101f817401dc/out/vs/workbench/api/node/extensionHostProcess.js:76:11705)
	at i.value (/root/.vscode-server/bin/2ccd690cbff1569e4a83d7c43d45101f817401dc/out/vs/workbench/api/node/extensionHostProcess.js:76:10992)
	at p.w (/root/.vscode-server/bin/2ccd690cbff1569e4a83d7c43d45101f817401dc/out/vs/workbench/api/node/extensionHostProcess.js:60:1902)
	at p.fire (/root/.vscode-server/bin/2ccd690cbff1569e4a83d7c43d45101f817401dc/out/vs/workbench/api/node/extensionHostProcess.js:60:2119)
	at p.u (/root/.vscode-server/bin/2ccd690cbff1569e4a83d7c43d45101f817401dc/out/vs/workbench/api/node/extensionHostProcess.js:128:19065) setContext undefined
2023-10-21 04:53:35.953 [info] Extension host with pid 320 exiting with code 0
