2023-10-21 07:56:51.713 [info] Experiment 'pythonPromptNewFormatterExt' is active
2023-10-21 07:56:51.713 [info] Experiment 'pythonPromptNewToolsExt' is active
2023-10-21 07:56:51.714 [info] Experiment 'pythonSurveyNotification' is active
2023-10-21 07:56:51.714 [info] Experiment 'pythonTerminalEnvVarActivation' is active
2023-10-21 07:56:51.714 [info] Experiment 'pythonTestAdaptercf' is active
2023-10-21 07:56:51.714 [info] Test server listening.
2023-10-21 07:56:51.714 [info] Python interpreter path: /usr/local/bin/python3
2023-10-21 07:56:51.846 [info] > /usr/local/bin/python3 -I ~/.vscode-server/extensions/ms-python.python-2023.14.0/pythonFiles/get_output_via_markers.py ~/.vscode-server/extensions/ms-python.python-2023.14.0/pythonFiles/interpreterInfo.py
2023-10-21 07:56:51.865 [info] > /usr/bin/python3 -I ~/.vscode-server/extensions/ms-python.python-2023.14.0/pythonFiles/get_output_via_markers.py ~/.vscode-server/extensions/ms-python.python-2023.14.0/pythonFiles/interpreterInfo.py
2023-10-21 07:56:52.507 [info] > conda info --json
2023-10-21 07:56:52.603 [warning] Retry failed, storage update failed for key PYTHON_ENV_INFO_CACHE
2023-10-21 07:56:54.018 [info] Starting Pylance language server.
2023-10-21 08:00:26.746 [info] Found: /bin/python3 --> /bin/python3.11
2023-10-21 08:00:26.747 [info] Found: /bin/python3.11 --> /bin/python3.11
2023-10-21 08:00:26.774 [info] Found: /usr/bin/python3 --> /usr/bin/python3.11
2023-10-21 08:00:26.774 [info] Found: /usr/bin/python3.11 --> /usr/bin/python3.11
2023-10-21 08:00:26.795 [info] Found: /usr/local/bin/python --> /usr/local/bin/python3.11
2023-10-21 08:00:26.795 [info] Found: /usr/local/bin/python3 --> /usr/local/bin/python3.11
2023-10-21 08:00:26.795 [info] Found: /usr/local/bin/python3.11 --> /usr/local/bin/python3.11
2023-10-21 08:00:26.823 [info] > /bin/python3 -I ~/.vscode-server/extensions/ms-python.python-2023.14.0/pythonFiles/get_output_via_markers.py ~/.vscode-server/extensions/ms-python.python-2023.14.0/pythonFiles/interpreterInfo.py
2023-10-21 08:00:26.867 [info] > /usr/local/bin/python -I ~/.vscode-server/extensions/ms-python.python-2023.14.0/pythonFiles/get_output_via_markers.py ~/.vscode-server/extensions/ms-python.python-2023.14.0/pythonFiles/interpreterInfo.py
