2023-09-13 10:19:20.721 [info] Extension host with pid 292 started
2023-09-13 10:19:20.728 [error] Error: EEXIST: file already exists, open '/root/.vscode-server/data/User/workspaceStorage/538001173c3284e9fb44a82067dd8435/vscode.lock'
2023-09-13 10:19:20.736 [info] Lock '/root/.vscode-server/data/User/workspaceStorage/538001173c3284e9fb44a82067dd8435/vscode.lock': Could not acquire lock, checking if the file is stale.
2023-09-13 10:19:20.763 [info] Lock '/root/.vscode-server/data/User/workspaceStorage/538001173c3284e9fb44a82067dd8435/vscode.lock': The pid 255 appears to be gone.
2023-09-13 10:19:20.764 [info] Lock '/root/.vscode-server/data/User/workspaceStorage/538001173c3284e9fb44a82067dd8435/vscode.lock': Deleting a stale lock.
2023-09-13 10:19:20.767 [info] Lock '/root/.vscode-server/data/User/workspaceStorage/538001173c3284e9fb44a82067dd8435/vscode.lock': Lock acquired.
2023-09-13 10:19:21.110 [info] ExtensionService#_doActivateExtension vscode.ipynb, startup: false, activationEvent: 'onNotebookSerializer:jupyter-notebook'
2023-09-13 10:19:21.135 [info] ExtensionService#_doActivateExtension vscode.emmet, startup: false, activationEvent: 'onLanguage'
2023-09-13 10:19:21.313 [info] ExtensionService#_doActivateExtension vscode.git-base, startup: true, activationEvent: '*', root cause: vscode.git
2023-09-13 10:19:21.398 [info] ExtensionService#_doActivateExtension vscode.git, startup: true, activationEvent: '*'
2023-09-13 10:19:21.410 [info] ExtensionService#_doActivateExtension vscode.github, startup: true, activationEvent: '*'
2023-09-13 10:19:22.290 [info] Eager extensions activated
2023-09-13 10:19:22.302 [info] ExtensionService#_doActivateExtension vscode.debug-auto-launch, startup: false, activationEvent: 'onStartupFinished'
2023-09-13 10:19:22.303 [info] ExtensionService#_doActivateExtension vscode.merge-conflict, startup: false, activationEvent: 'onStartupFinished'
2023-09-13 10:19:23.091 [info] ExtensionService#_doActivateExtension ms-toolsai.jupyter, startup: false, activationEvent: 'onNotebook:jupyter-notebook'
2023-09-13 10:19:23.092 [info] ExtensionService#_doActivateExtension ms-toolsai.vscode-jupyter-cell-tags, startup: false, activationEvent: 'onNotebook:jupyter-notebook'
2023-09-13 10:19:23.093 [info] ExtensionService#_doActivateExtension ms-toolsai.vscode-jupyter-slideshow, startup: false, activationEvent: 'onNotebook:jupyter-notebook'
2023-09-13 10:19:23.094 [info] ExtensionService#_doActivateExtension ms-toolsai.jupyter-renderers, startup: false, activationEvent: 'onNotebook:*'
2023-09-13 10:19:23.938 [info] ExtensionService#_doActivateExtension ms-python.python, startup: false, activationEvent: 'api', root cause: ms-toolsai.jupyter
2023-09-13 10:19:24.571 [info] ExtensionService#_doActivateExtension ms-python.vscode-pylance, startup: false, activationEvent: 'api', root cause: ms-python.python
2023-09-13 10:46:59.211 [error] Error: getaddrinfo ENOTFOUND mobile.events.data.microsoft.com
	at GetAddrInfoReqWrap.onlookup [as oncomplete] (node:dns:109:26)
2023-09-13 10:48:47.182 [error] Error: getaddrinfo EAI_AGAIN mobile.events.data.microsoft.com
	at GetAddrInfoReqWrap.onlookup [as oncomplete] (node:dns:109:26)
2023-09-13 10:48:47.309 [error] Error: getaddrinfo EAI_AGAIN mobile.events.data.microsoft.com
	at GetAddrInfoReqWrap.onlookup [as oncomplete] (node:dns:109:26)
2023-09-13 10:56:06.443 [error] Error: getaddrinfo EAI_AGAIN mobile.events.data.microsoft.com
	at GetAddrInfoReqWrap.onlookup [as oncomplete] (node:dns:109:26)
