2023-09-05 03:19:59.820 [info] [Info  - 3:19:59 AM] (406) Pylance language server 2023.8.50 (pyright f98da719) starting
2023-09-05 03:19:59.827 [info] [Info  - 3:19:59 AM] (406) Server root directory: /root/.vscode-server/extensions/ms-python.vscode-pylance-2023.8.50/dist
2023-09-05 03:19:59.828 [info] [Info  - 3:19:59 AM] (406) Starting service instance "code"
2023-09-05 03:20:00.017 [info] [Info  - 3:20:00 AM] (406) Setting pythonPath for service "code": "/bin/python3"
2023-09-05 03:20:00.018 [info] [Warn  - 3:20:00 AM] (406) stubPath /root/code/typings is not a valid directory.
2023-09-05 03:20:00.557 [info] [Info  - 3:20:00 AM] (406) Assuming Python version 3.11
2023-09-05 03:20:01.211 [info] [Info  - 3:20:01 AM] (406) Found 1 source file
2023-09-05 03:20:01.406 [info] [Info  - 3:20:01 AM] (406) Starting service instance "code"
2023-09-05 03:20:01.485 [info] [Warn  - 3:20:01 AM] (406) stubPath /root/code/typings is not a valid directory.
2023-09-05 03:20:01.953 [info] [Info  - 3:20:01 AM] (406) Found 1 source file
2023-09-05 03:20:09.302 [info] [Info  - 3:20:09 AM] (406) [BG(2)] Long operation: analyzing: /root/code/CarPricePrediction01.ipynb:pylance-notebook-cell:pylancePrefixCell.py (3441ms)
2023-09-05 03:20:13.381 [info] [Info  - 3:20:13 AM] (406) [BG(1)] Long operation: checking: /root/code/main.py (2289ms)
2023-09-05 03:20:13.384 [info] [Info  - 3:20:13 AM] (406) [BG(1)] Long operation: analyzing: /root/code/main.py (2420ms)
2023-09-05 03:20:20.379 [info] [Info  - 3:20:20 AM] (406) Starting service instance "code"
2023-09-05 03:20:20.546 [info] [Warn  - 3:20:20 AM] (406) stubPath /root/code/typings is not a valid directory.
2023-09-05 03:20:21.385 [info] [Info  - 3:20:21 AM] (406) Found 1 source file
2023-09-05 03:20:27.070 [info] [Info  - 3:20:27 AM] (406) [BG(5)] Long operation: analyzing: /root/code/CarPricePrediction01.ipynb:pylance-notebook-cell:pylancePrefixCell.py (2426ms)
2023-09-05 03:20:36.396 [info] [Info  - 3:20:36 AM] (406) Starting service instance "code"
2023-09-05 03:20:36.730 [info] [Info  - 3:20:36 AM] (406) Setting pythonPath for service "code": "/usr/local/bin/python"
2023-09-05 03:20:36.735 [info] [Warn  - 3:20:36 AM] (406) stubPath /root/code/typings is not a valid directory.
2023-09-05 03:20:36.877 [info] [Info  - 3:20:36 AM] (406) Assuming Python version 3.9
2023-09-05 03:20:37.244 [info] [Info  - 3:20:37 AM] (406) Found 1 source file
2023-09-05 03:20:41.800 [info] [Info  - 3:20:41 AM] (406) [BG(7)] Long operation: analyzing: /root/code/CarPricePrediction01.ipynb:pylance-notebook-cell:pylancePrefixCell.py (3439ms)
