Visual Studio Code (1.80.2, attached-container, desktop)
Jupyter Extension Version: 2023.6.1101941928.
Python Extension Version: 2023.14.0.
Platform: linux (arm64).
Workspace folder ~/code, Home = /root
08:02:19.836 [info] User belongs to experiment group 'FastKernelPicker'
08:02:19.837 [info] User belongs to experiment group 'NewRemoteUriStorage'
08:02:19.837 [info] User belongs to experiment group 'PasswordManager'
08:02:20.975 [info] Start refreshing Kernel Picker (1694592140975)
08:02:20.984 [info] Using Pylance
08:02:21.832 [info] Start refreshing Interpreter Kernel Picker
08:02:24.769 [warn] Failed to get activated env vars for /bin/python3 in 222ms
08:02:24.795 [info] Process Execution: /bin/python3 -c "import site;print("USER_BASE_VALUE");print(site.USER_BASE);print("USER_BASE_VALUE");"
08:02:24.925 [info] Process Execution: /bin/python3 -m pip list
08:02:24.993 [info] Process Execution: /bin/python3 -c "import pip;print('6af208d0-cb9c-427f-b937-ff563e17efdf')"
08:02:25.929 [info] Starting Kernel startUsingPythonInterpreter, .jvsc74a57bd0949777d72b0d2535278d3dc13498b2535136f6dfe0678499012e853ee9abcab1./usr/local/python./usr/local/python.-m#ipykernel_launcher  (Python Path: /usr/local/bin/python, Unknown, 3.9.18) for '~/code/CarPricePrediction01.ipynb' (disableUI=true)
08:02:26.250 [warn] Failed to get activated env vars for /usr/local/bin/python in 343ms
08:02:26.277 [info] Process Execution: /usr/local/bin/python -c "import site;print("USER_BASE_VALUE");print(site.USER_BASE);print("USER_BASE_VALUE");"
08:02:26.298 [warn] Failed to get activated env vars for /usr/local/bin/python in 175ms
08:02:26.376 [info] Process Execution: /usr/local/bin/python -m pip list
08:02:26.404 [info] Process Execution: /usr/local/bin/python -c "import ipykernel; print(ipykernel.__version__); print("5dc3a68c-e34e-4080-9c3e-2a532b2ccb4d"); print(ipykernel.__file__)"
08:02:26.443 [info] Process Execution: /usr/local/bin/python -m ipykernel_launcher --ip=127.0.0.1 --stdin=9003 --control=9001 --hb=9000 --Session.signature_scheme="hmac-sha256" --Session.key=b"61bbdd64-b05d-48d4-96f1-5676562ea110" --shell=9002 --transport="tcp" --iopub=9004 --f=~/.local/share/jupyter/runtime/kernel-v2-2557T0uxnqhkLRR.json
    > cwd: ~/code
08:02:26.966 [info] End refreshing Kernel Picker (1694592140975)
08:02:27.241 [info] ipykernel version & path 6.25.2, /usr/local/lib/python3.9/site-packages/ipykernel/__init__.py for /usr/local/bin/python
08:02:30.891 [info] Started Kernel Python 3.9.18 (pid: 434)
08:02:30.892 [info] Started new session f6c22086-199d-4843-965a-3328147145b2
08:02:31.085 [info] Process Execution: /usr/local/bin/python ~/.vscode-server/extensions/ms-toolsai.jupyter-2023.6.1101941928-linux-arm64/pythonFiles/printJupyterDataDir.py
08:06:23.627 [info] Handle Execution of Cells 0,1,2,3,4,5,6,7,8,9,10,11,13,14,15,16,17,19,20,21,22,23,24,25,27,28,30,31,32,34,35,36,38,40,41,43,44,45,46,47,48,50,51,52,53,55,56,57,58,59,60,62,63,65,66,67,69,71,72,74,75,76,78 for ~/code/CarPricePrediction01.ipynb
08:06:23.786 [info] Kernel acknowledged execution of cell 0 @ 1694592383743
08:06:26.291 [info] End cell 0 execution @ 1694592386268, started @ 1694592383743, elapsed time = 2.525s
08:06:26.300 [info] Kernel acknowledged execution of cell 1 @ 1694592386295
08:06:26.374 [info] End cell 1 execution @ 1694592386371, started @ 1694592386295, elapsed time = 0.076s
08:06:26.378 [info] Kernel acknowledged execution of cell 2 @ 1694592386376
08:06:26.382 [info] End cell 2 execution @ 1694592386379, started @ 1694592386376, elapsed time = 0.003s
08:06:26.399 [info] Kernel acknowledged execution of cell 3 @ 1694592386384
08:06:26.428 [info] End cell 3 execution @ 1694592386423, started @ 1694592386384, elapsed time = 0.039s
08:06:26.431 [info] Kernel acknowledged execution of cell 4 @ 1694592386429
08:06:26.434 [info] End cell 4 execution @ 1694592386432, started @ 1694592386429, elapsed time = 0.003s
08:06:26.437 [info] Kernel acknowledged execution of cell 5 @ 1694592386435
08:06:26.446 [info] End cell 5 execution @ 1694592386438, started @ 1694592386435, elapsed time = 0.003s
08:06:26.460 [info] Kernel acknowledged execution of cell 6 @ 1694592386451
08:06:26.467 [info] End cell 6 execution @ 1694592386463, started @ 1694592386451, elapsed time = 0.012s
08:06:26.486 [info] Kernel acknowledged execution of cell 7 @ 1694592386468
08:06:26.682 [info] End cell 7 execution @ 1694592386679, started @ 1694592386468, elapsed time = 0.211s
08:06:26.693 [info] Kernel acknowledged execution of cell 8 @ 1694592386684
08:06:26.709 [info] End cell 8 execution @ 1694592386707, started @ 1694592386684, elapsed time = 0.023s
08:06:26.717 [info] Kernel acknowledged execution of cell 9 @ 1694592386712
08:06:26.730 [info] End cell 9 execution @ 1694592386728, started @ 1694592386712, elapsed time = 0.016s
08:06:26.739 [info] Kernel acknowledged execution of cell 10 @ 1694592386732
08:06:26.755 [info] End cell 10 execution @ 1694592386752, started @ 1694592386732, elapsed time = 0.02s
08:06:26.767 [info] Kernel acknowledged execution of cell 11 @ 1694592386758
08:06:26.778 [info] End cell 11 execution @ 1694592386767, started @ 1694592386758, elapsed time = 0.009s
08:06:26.795 [info] Kernel acknowledged execution of cell 13 @ 1694592386781
08:06:26.811 [info] End cell 13 execution @ 1694592386808, started @ 1694592386781, elapsed time = 0.027s
08:06:26.814 [info] Kernel acknowledged execution of cell 14 @ 1694592386813
08:06:26.821 [info] End cell 14 execution @ 1694592386819, started @ 1694592386813, elapsed time = 0.006s
08:06:26.833 [info] Kernel acknowledged execution of cell 15 @ 1694592386823
08:06:26.836 [info] End cell 15 execution @ 1694592386833, started @ 1694592386823, elapsed time = 0.01s
08:06:26.859 [info] Kernel acknowledged execution of cell 16 @ 1694592386837
08:06:26.901 [info] End cell 16 execution @ 1694592386892, started @ 1694592386837, elapsed time = 0.055s
08:06:26.915 [info] Kernel acknowledged execution of cell 17 @ 1694592386904
08:06:26.918 [info] End cell 17 execution @ 1694592386914, started @ 1694592386904, elapsed time = 0.01s
08:06:26.930 [info] Kernel acknowledged execution of cell 19 @ 1694592386922
08:06:27.703 [info] End cell 19 execution @ 1694592387697, started @ 1694592386922, elapsed time = 0.775s
08:06:27.712 [info] Kernel acknowledged execution of cell 20 @ 1694592387707
08:06:27.964 [info] End cell 20 execution @ 1694592387962, started @ 1694592387707, elapsed time = 0.255s
08:06:27.965 [info] End cell 21 execution @ undefined, started @ undefined, elapsed time = 0s
08:06:27.969 [info] Kernel acknowledged execution of cell 22 @ 1694592387966
08:06:28.449 [info] End cell 22 execution @ 1694592388447, started @ 1694592387966, elapsed time = 0.481s
08:06:28.458 [info] Kernel acknowledged execution of cell 23 @ 1694592388450
08:06:28.749 [info] End cell 23 execution @ 1694592388746, started @ 1694592388450, elapsed time = 0.296s
08:06:28.755 [info] Kernel acknowledged execution of cell 24 @ 1694592388751
08:06:29.307 [info] End cell 24 execution @ 1694592389300, started @ 1694592388751, elapsed time = 0.549s
08:06:29.323 [info] Kernel acknowledged execution of cell 25 @ 1694592389310
08:06:30.290 [info] End cell 25 execution @ 1694592390282, started @ 1694592389310, elapsed time = 0.972s
08:06:30.303 [info] Kernel acknowledged execution of cell 27 @ 1694592390295
08:06:30.506 [info] End cell 27 execution @ 1694592390494, started @ 1694592390295, elapsed time = 0.199s
08:06:30.514 [info] Kernel acknowledged execution of cell 28 @ 1694592390509
08:06:30.983 [info] End cell 28 execution @ 1694592390980, started @ 1694592390509, elapsed time = 0.471s
08:06:30.986 [info] Kernel acknowledged execution of cell 30 @ 1694592390984
08:06:31.049 [info] End cell 30 execution @ 1694592391047, started @ 1694592390984, elapsed time = 0.063s
08:06:31.054 [info] Kernel acknowledged execution of cell 31 @ 1694592391050
08:06:31.338 [info] End cell 31 execution @ 1694592391334, started @ 1694592391050, elapsed time = 0.284s
08:06:31.344 [info] Kernel acknowledged execution of cell 32 @ 1694592391340
08:06:32.504 [info] End cell 32 execution @ 1694592392494, started @ 1694592391340, elapsed time = 1.154s
08:06:32.509 [info] Kernel acknowledged execution of cell 34 @ 1694592392507
08:06:32.522 [info] End cell 34 execution @ 1694592392519, started @ 1694592392507, elapsed time = 0.012s
08:06:32.530 [info] Kernel acknowledged execution of cell 35 @ 1694592392525
08:06:33.018 [info] End cell 35 execution @ 1694592393007, started @ 1694592392525, elapsed time = 0.482s
08:06:33.031 [info] Kernel acknowledged execution of cell 36 @ 1694592393022
08:06:35.081 [info] End cell 36 execution @ 1694592395078, started @ 1694592393022, elapsed time = 2.056s
08:06:35.090 [info] Kernel acknowledged execution of cell 38 @ 1694592395084
08:06:35.093 [info] End cell 38 execution @ 1694592395091, started @ 1694592395084, elapsed time = 0.007s
08:06:35.097 [info] Kernel acknowledged execution of cell 40 @ 1694592395094
08:06:35.105 [info] End cell 40 execution @ 1694592395100, started @ 1694592395094, elapsed time = 0.006s
08:06:35.108 [info] Kernel acknowledged execution of cell 41 @ 1694592395107
08:06:35.117 [info] End cell 41 execution @ 1694592395114, started @ 1694592395107, elapsed time = 0.007s
08:06:35.122 [info] Kernel acknowledged execution of cell 43 @ 1694592395120
08:06:35.131 [info] End cell 43 execution @ 1694592395126, started @ 1694592395120, elapsed time = 0.006s
08:06:35.142 [info] Kernel acknowledged execution of cell 44 @ 1694592395136
08:06:35.156 [info] End cell 44 execution @ 1694592395146, started @ 1694592395136, elapsed time = 0.01s
08:06:35.163 [info] Kernel acknowledged execution of cell 45 @ 1694592395159
08:06:35.168 [info] End cell 45 execution @ 1694592395164, started @ 1694592395159, elapsed time = 0.005s
08:06:35.174 [info] Kernel acknowledged execution of cell 46 @ 1694592395171
08:06:35.177 [info] End cell 46 execution @ 1694592395175, started @ 1694592395171, elapsed time = 0.004s
08:06:35.191 [info] Kernel acknowledged execution of cell 47 @ 1694592395179
08:06:35.495 [info] End cell 47 execution @ 1694592395493, started @ 1694592395179, elapsed time = 0.314s
08:06:35.521 [info] Kernel acknowledged execution of cell 48 @ 1694592395497
08:06:35.646 [info] End cell 48 execution @ 1694592395645, started @ 1694592395497, elapsed time = 0.148s
08:06:35.650 [info] Kernel acknowledged execution of cell 50 @ 1694592395647
08:06:35.654 [info] End cell 50 execution @ 1694592395652, started @ 1694592395647, elapsed time = 0.005s
08:06:35.660 [info] Kernel acknowledged execution of cell 51 @ 1694592395655
08:06:35.663 [info] End cell 51 execution @ 1694592395660, started @ 1694592395655, elapsed time = 0.005s
08:06:35.669 [info] Kernel acknowledged execution of cell 52 @ 1694592395665
08:06:35.671 [info] End cell 52 execution @ 1694592395669, started @ 1694592395665, elapsed time = 0.004s
08:06:35.676 [info] Kernel acknowledged execution of cell 53 @ 1694592395673
08:06:35.679 [info] End cell 53 execution @ 1694592395678, started @ 1694592395673, elapsed time = 0.005s
08:06:35.694 [info] Kernel acknowledged execution of cell 55 @ 1694592395681
08:06:35.757 [info] End cell 55 execution @ 1694592395749, started @ 1694592395681, elapsed time = 0.068s
08:06:35.775 [info] Kernel acknowledged execution of cell 56 @ 1694592395760
08:06:35.780 [info] End cell 56 execution @ 1694592395773, started @ 1694592395760, elapsed time = 0.013s
08:06:35.789 [info] Kernel acknowledged execution of cell 57 @ 1694592395786
08:06:35.971 [info] End cell 57 execution @ 1694592395954, started @ 1694592395786, elapsed time = 0.168s
08:06:36.024 [info] Kernel acknowledged execution of cell 58 @ 1694592396007
08:06:36.041 [info] End cell 58 execution @ 1694592396035, started @ 1694592396007, elapsed time = 0.028s
08:06:36.057 [info] Kernel acknowledged execution of cell 59 @ 1694592396052
08:06:36.345 [info] End cell 59 execution @ 1694592396341, started @ 1694592396052, elapsed time = 0.289s
08:06:36.376 [info] Kernel acknowledged execution of cell 60 @ 1694592396350
08:06:36.378 [info] End cell 60 execution @ 1694592396359, started @ 1694592396350, elapsed time = 0.009s
08:06:36.412 [info] Kernel acknowledged execution of cell 62 @ 1694592396383
08:06:36.587 [info] End cell 62 execution @ 1694592396583, started @ 1694592396383, elapsed time = 0.2s
08:06:36.617 [info] Kernel acknowledged execution of cell 63 @ 1694592396589
08:06:54.359 [info] End cell 63 execution @ 1694592414354, started @ 1694592396589, elapsed time = 17.765s
08:06:54.379 [info] Kernel acknowledged execution of cell 65 @ 1694592414363
08:10:28.120 [info] End cell 65 execution @ 1694592628065, started @ 1694592414363, elapsed time = 213.702s
08:10:28.151 [info] Kernel acknowledged execution of cell 66 @ 1694592628142
08:10:28.196 [info] End cell 66 execution @ 1694592628186, started @ 1694592628142, elapsed time = 0.044s
08:10:28.205 [info] Kernel acknowledged execution of cell 67 @ 1694592628200
08:10:28.212 [info] End cell 67 execution @ 1694592628207, started @ 1694592628200, elapsed time = 0.007s
08:10:28.229 [info] Kernel acknowledged execution of cell 69 @ 1694592628215
08:10:28.275 [info] End cell 69 execution @ 1694592628265, started @ 1694592628215, elapsed time = 0.05s
08:10:28.286 [info] Kernel acknowledged execution of cell 71 @ 1694592628279
08:10:28.297 [info] End cell 71 execution @ 1694592628292, started @ 1694592628279, elapsed time = 0.013s
08:10:28.303 [info] Kernel acknowledged execution of cell 72 @ 1694592628300
08:10:28.591 [info] End cell 72 execution @ 1694592628587, started @ 1694592628300, elapsed time = 0.287s
08:10:28.616 [info] Kernel acknowledged execution of cell 74 @ 1694592628600
08:10:28.672 [info] End cell 74 execution @ 1694592628661, started @ 1694592628600, elapsed time = 0.061s
08:10:28.696 [info] Kernel acknowledged execution of cell 75 @ 1694592628682
08:10:28.736 [info] End cell 75 execution @ 1694592628731, started @ 1694592628682, elapsed time = 0.049s
08:10:28.743 [info] Kernel acknowledged execution of cell 76 @ 1694592628740
08:10:28.790 [info] End cell 76 execution @ 1694592628788, started @ 1694592628740, elapsed time = 0.048s
08:10:28.795 [info] Kernel acknowledged execution of cell 78 @ 1694592628792
08:10:28.800 [info] End cell 78 execution @ 1694592628799, started @ 1694592628792, elapsed time = 0.007s
