2023-09-13 10:19:23.419 [info] Log level: Info
2023-09-13 10:19:23.420 [info] Validating found git in: "git"
2023-09-13 10:19:23.420 [info] Using git "2.39.2" from "git"
2023-09-13 10:19:23.420 [info] > git rev-parse --show-toplevel [103ms]
2023-09-13 10:19:23.421 [info] > git rev-parse --git-dir --git-common-dir [35ms]
2023-09-13 10:19:23.421 [info] Open repository: /root/code
2023-09-13 10:19:23.422 [info] No remotes found in the git config file.
2023-09-13 10:19:23.422 [info] > git config --get commit.template [30ms]
2023-09-13 10:19:23.422 [info] > git for-each-ref --format=%(refname)%00%(upstream:short)%00%(objectname)%00%(upstream:track)%00%(upstream:remotename)%00%(upstream:remoteref) refs/heads/master refs/remotes/master [43ms]
2023-09-13 10:19:23.422 [info] > git status -z -uall [81ms]
2023-09-13 10:19:23.422 [info] No remotes found in the git config file.
2023-09-13 10:19:23.422 [info] > git config --get commit.template [25ms]
2023-09-13 10:19:23.422 [info] > git for-each-ref --format=%(refname)%00%(upstream:short)%00%(objectname)%00%(upstream:track)%00%(upstream:remotename)%00%(upstream:remoteref) refs/heads/master refs/remotes/master [9ms]
2023-09-13 10:19:23.423 [info] > git status -z -uall [30ms]
2023-09-13 10:19:24.407 [info] > git check-ignore -v -z --stdin [27ms]
2023-09-13 10:48:16.359 [info] No remotes found in the git config file.
2023-09-13 10:48:16.364 [info] > git config --get commit.template [19ms]
2023-09-13 10:48:16.364 [info] > git for-each-ref --format=%(refname)%00%(upstream:short)%00%(objectname)%00%(upstream:track)%00%(upstream:remotename)%00%(upstream:remoteref) refs/heads/master refs/remotes/master [6ms]
2023-09-13 10:48:16.394 [info] > git status -z -uall [9ms]
2023-09-13 10:48:37.536 [info] > git check-ignore -v -z --stdin [10ms]
2023-09-13 10:48:38.206 [info] No remotes found in the git config file.
2023-09-13 10:48:38.225 [info] > git config --get commit.template [20ms]
2023-09-13 10:48:38.230 [info] > git for-each-ref --format=%(refname)%00%(upstream:short)%00%(objectname)%00%(upstream:track)%00%(upstream:remotename)%00%(upstream:remoteref) refs/heads/master refs/remotes/master [7ms]
2023-09-13 10:48:38.265 [info] > git status -z -uall [25ms]
2023-09-13 10:48:47.028 [info] > git show --textconv :Cars.csv [13ms]
2023-09-13 10:48:47.032 [info] > git ls-files --stage -- /root/code/Cars.csv [5ms]
2023-09-13 10:50:49.900 [info] > git show --textconv :main.py [63ms]
2023-09-13 10:50:49.902 [info] > git ls-files --stage -- /root/code/main.py [47ms]
2023-09-13 10:55:03.294 [info] > git check-ignore -v -z --stdin [35ms]
2023-09-13 10:55:51.508 [info] > git check-ignore -v -z --stdin [10ms]
2023-09-13 10:55:53.414 [info] No remotes found in the git config file.
2023-09-13 10:55:53.435 [info] > git config --get commit.template [19ms]
2023-09-13 10:55:53.435 [info] > git for-each-ref --format=%(refname)%00%(upstream:short)%00%(objectname)%00%(upstream:track)%00%(upstream:remotename)%00%(upstream:remoteref) refs/heads/master refs/remotes/master [7ms]
2023-09-13 10:55:53.456 [info] > git status -z -uall [9ms]
2023-09-13 10:55:58.479 [info] > git config --get commit.template [5ms]
2023-09-13 10:55:58.493 [info] No remotes found in the git config file.
2023-09-13 10:55:58.498 [info] > git for-each-ref --format=%(refname)%00%(upstream:short)%00%(objectname)%00%(upstream:track)%00%(upstream:remotename)%00%(upstream:remoteref) refs/heads/master refs/remotes/master [5ms]
2023-09-13 10:55:58.558 [info] > git status -z -uall [37ms]
