2023-09-05 03:14:59.607 [info] Experiment 'pythonPromptNewFormatterExt' is active
2023-09-05 03:14:59.608 [info] Experiment 'pythonPromptNewToolsExt' is active
2023-09-05 03:14:59.608 [info] Experiment 'pythonSurveyNotification' is active
2023-09-05 03:14:59.608 [info] Experiment 'pythonTestAdaptercf' is active
2023-09-05 03:14:59.608 [info] Test server listening.
2023-09-05 03:14:59.608 [info] > conda info --json
2023-09-05 03:14:59.609 [info] Found: /bin/python3 --> /bin/python3.11
2023-09-05 03:14:59.611 [info] Found: /bin/python3.11 --> /bin/python3.11
2023-09-05 03:14:59.635 [info] Found: /usr/bin/python3 --> /usr/bin/python3.11
2023-09-05 03:14:59.642 [info] Found: /usr/bin/python3.11 --> /usr/bin/python3.11
2023-09-05 03:14:59.673 [info] Found: /usr/local/bin/python --> /usr/local/bin/python3.9
2023-09-05 03:14:59.674 [info] Found: /usr/local/bin/python3 --> /usr/local/bin/python3.9
2023-09-05 03:14:59.675 [info] Found: /usr/local/bin/python3.9 --> /usr/local/bin/python3.9
2023-09-05 03:14:59.689 [warning] Retry failed, storage update failed for key PYTHON_WORKSPACE_STORAGE_KEYS
2023-09-05 03:14:59.689 [warning] Retry failed, storage update failed for key PYTHON_WORKSPACE_STORAGE_KEYS
2023-09-05 03:14:59.689 [warning] Retry failed, storage update failed for key PYTHON_WORKSPACE_STORAGE_KEYS
2023-09-05 03:14:59.701 [info] > /bin/python3 -I ~/.vscode-server/extensions/ms-python.python-2023.14.0/pythonFiles/get_output_via_markers.py ~/.vscode-server/extensions/ms-python.python-2023.14.0/pythonFiles/interpreterInfo.py
2023-09-05 03:14:59.725 [info] > /usr/bin/python3 -I ~/.vscode-server/extensions/ms-python.python-2023.14.0/pythonFiles/get_output_via_markers.py ~/.vscode-server/extensions/ms-python.python-2023.14.0/pythonFiles/interpreterInfo.py
2023-09-05 03:14:59.784 [info] > /usr/local/bin/python -I ~/.vscode-server/extensions/ms-python.python-2023.14.0/pythonFiles/get_output_via_markers.py ~/.vscode-server/extensions/ms-python.python-2023.14.0/pythonFiles/interpreterInfo.py
2023-09-05 03:14:59.882 [info] Python interpreter path: /bin/python3
2023-09-05 03:15:01.418 [info] Starting Pylance language server.
