Visual Studio Code (1.80.2, attached-container, desktop)
Jupyter Extension Version: 2023.6.1101941928.
Python Extension Version: 2023.14.0.
Platform: linux (arm64).
Workspace folder ~/code, Home = /root
03:19:51.489 [info] User belongs to experiment group 'FastKernelPicker'
03:19:51.489 [info] User belongs to experiment group 'NewRemoteUriStorage'
03:19:51.489 [info] User belongs to experiment group 'PasswordManager'
03:19:52.359 [info] Start refreshing Kernel Picker (1693883992359)
03:19:52.373 [info] Using Pylance
03:19:56.823 [warn] Failed to get activated env vars for /bin/python3 in 816ms
03:19:56.862 [info] Process Execution: /bin/python3 -c "import site;print("USER_BASE_VALUE");print(site.USER_BASE);print("USER_BASE_VALUE");"
03:19:56.916 [info] Process Execution: /bin/python3 -m pip list
03:19:57.021 [info] Process Execution: /bin/python3 -c "import pip;print('6af208d0-cb9c-427f-b937-ff563e17efdf')"
03:19:57.059 [info] End refreshing Kernel Picker (1693883992359)
03:19:59.949 [warn] No interpreter for Pylance for Notebook URI "~/code/CarPricePrediction01.ipynb"
03:20:20.164 [info] Start refreshing Interpreter Kernel Picker
03:20:20.165 [info] Start refreshing Kernel Picker (1693884020165)
03:20:20.217 [warn] No interpreter for Pylance for Notebook URI "~/code/CarPricePrediction01.ipynb"
03:20:21.281 [info] End refreshing Kernel Picker (1693884020165)
03:20:36.295 [info] Handle Execution of Cells 34 for ~/code/CarPricePrediction01.ipynb
03:20:36.308 [info] Starting Kernel startUsingPythonInterpreter, .jvsc74a57bd0949777d72b0d2535278d3dc13498b2535136f6dfe0678499012e853ee9abcab1./usr/local/python./usr/local/python.-m#ipykernel_launcher  (Python Path: /usr/local/bin/python, Unknown, 3.9.18) for '~/code/CarPricePrediction01.ipynb' (disableUI=false)
03:20:36.405 [warn] Failed to get activated env vars for /usr/local/bin/python in 128ms
03:20:36.442 [info] Process Execution: /usr/local/bin/python -c "import site;print("USER_BASE_VALUE");print(site.USER_BASE);print("USER_BASE_VALUE");"
03:20:36.484 [warn] Failed to get activated env vars for /usr/local/bin/python in 171ms
03:20:36.526 [info] Process Execution: /usr/local/bin/python -m pip list
03:20:36.569 [info] Process Execution: /usr/local/bin/python -c "import ipykernel; print(ipykernel.__version__); print("5dc3a68c-e34e-4080-9c3e-2a532b2ccb4d"); print(ipykernel.__file__)"
03:20:36.697 [info] Process Execution: /usr/local/bin/python -m ipykernel_launcher --ip=127.0.0.1 --stdin=9003 --control=9001 --hb=9000 --Session.signature_scheme="hmac-sha256" --Session.key=b"2b8bf673-fb30-400e-a301-19605cb4529a" --shell=9002 --transport="tcp" --iopub=9004 --f=~/.local/share/jupyter/runtime/kernel-v2-243x7SwEsOA453T.json
    > cwd: ~/code
03:20:37.175 [info] ipykernel version & path 6.25.1, /usr/local/lib/python3.9/site-packages/ipykernel/__init__.py for /usr/local/bin/python
03:20:38.491 [info] Started Kernel Python 3.9.18 (pid: 746)
03:20:38.491 [info] Started new session 8f2b2b7c-b3ab-408c-855d-8d3ceedd7074
03:20:38.571 [info] Process Execution: /usr/local/bin/python ~/.vscode-server/extensions/ms-toolsai.jupyter-2023.6.1101941928-linux-arm64/pythonFiles/printJupyterDataDir.py
03:20:38.584 [info] Kernel acknowledged execution of cell 34 @ 1693884038577
03:20:38.769 [info] End cell 34 execution @ 1693884038767, started @ 1693884038577, elapsed time = 0.19s
03:20:38.770 [warn] Cancel all remaining cells due to cancellation or failure in execution
03:20:46.076 [info] Handle Execution of Cells 0 for ~/code/CarPricePrediction01.ipynb
03:20:46.130 [info] Kernel acknowledged execution of cell 0 @ 1693884046113
03:20:47.519 [info] End cell 0 execution @ 1693884047514, started @ 1693884046113, elapsed time = 1.401s
03:20:48.594 [info] Handle Execution of Cells 1 for ~/code/CarPricePrediction01.ipynb
03:20:48.625 [info] Kernel acknowledged execution of cell 1 @ 1693884048614
03:20:48.698 [info] End cell 1 execution @ 1693884048689, started @ 1693884048614, elapsed time = 0.075s
03:23:21.026 [info] Handle Execution of Cells 1 for ~/code/CarPricePrediction01.ipynb
03:23:21.105 [info] Kernel acknowledged execution of cell 1 @ 1693884201077
03:23:21.181 [info] End cell 1 execution @ 1693884201178, started @ 1693884201077, elapsed time = 0.101s
03:23:26.018 [info] Handle Execution of Cells 2 for ~/code/CarPricePrediction01.ipynb
03:23:26.068 [info] Kernel acknowledged execution of cell 2 @ 1693884206054
03:23:26.072 [info] End cell 2 execution @ 1693884206069, started @ 1693884206054, elapsed time = 0.015s
03:23:27.785 [info] Handle Execution of Cells 3 for ~/code/CarPricePrediction01.ipynb
03:23:27.816 [info] Kernel acknowledged execution of cell 3 @ 1693884207800
03:23:27.884 [info] End cell 3 execution @ 1693884207882, started @ 1693884207800, elapsed time = 0.082s
03:23:30.229 [info] Handle Execution of Cells 4 for ~/code/CarPricePrediction01.ipynb
03:23:30.275 [info] Kernel acknowledged execution of cell 4 @ 1693884210262
03:23:30.290 [info] End cell 4 execution @ 1693884210282, started @ 1693884210262, elapsed time = 0.02s
03:23:32.520 [info] Handle Execution of Cells 5 for ~/code/CarPricePrediction01.ipynb
03:23:32.541 [info] Kernel acknowledged execution of cell 5 @ 1693884212534
03:23:32.552 [info] End cell 5 execution @ 1693884212549, started @ 1693884212534, elapsed time = 0.015s
03:23:34.911 [info] Handle Execution of Cells 6 for ~/code/CarPricePrediction01.ipynb
03:23:34.969 [info] Kernel acknowledged execution of cell 6 @ 1693884214949
03:23:35.013 [info] End cell 6 execution @ 1693884215008, started @ 1693884214949, elapsed time = 0.059s
03:23:38.154 [info] Handle Execution of Cells 7 for ~/code/CarPricePrediction01.ipynb
03:23:38.217 [info] Kernel acknowledged execution of cell 7 @ 1693884218198
03:23:38.291 [info] End cell 7 execution @ 1693884218289, started @ 1693884218198, elapsed time = 0.091s
03:23:43.403 [info] Handle Execution of Cells 8 for ~/code/CarPricePrediction01.ipynb
03:23:43.438 [info] Kernel acknowledged execution of cell 8 @ 1693884223418
03:23:43.482 [info] End cell 8 execution @ 1693884223480, started @ 1693884223418, elapsed time = 0.062s
03:25:28.885 [info] Handle Execution of Cells 9 for ~/code/CarPricePrediction01.ipynb
03:25:28.950 [info] Kernel acknowledged execution of cell 9 @ 1693884328947
03:25:29.020 [info] End cell 9 execution @ 1693884329018, started @ 1693884328947, elapsed time = 0.071s
03:25:32.037 [info] Handle Execution of Cells 10 for ~/code/CarPricePrediction01.ipynb
03:25:32.107 [info] Kernel acknowledged execution of cell 10 @ 1693884332089
03:25:32.157 [info] End cell 10 execution @ 1693884332154, started @ 1693884332089, elapsed time = 0.065s
03:25:38.229 [info] Handle Execution of Cells 11 for ~/code/CarPricePrediction01.ipynb
03:25:38.259 [info] Kernel acknowledged execution of cell 11 @ 1693884338247
03:25:38.289 [info] End cell 11 execution @ 1693884338282, started @ 1693884338247, elapsed time = 0.035s
03:25:40.684 [info] Handle Execution of Cells 13 for ~/code/CarPricePrediction01.ipynb
03:25:40.714 [info] Kernel acknowledged execution of cell 13 @ 1693884340697
03:25:40.777 [info] End cell 13 execution @ 1693884340771, started @ 1693884340697, elapsed time = 0.074s
03:26:12.966 [info] Handle Execution of Cells 13 for ~/code/CarPricePrediction01.ipynb
03:26:13.024 [info] Kernel acknowledged execution of cell 13 @ 1693884373005
03:26:13.053 [info] End cell 13 execution @ 1693884373050, started @ 1693884373005, elapsed time = 0.045s
03:26:17.157 [info] Handle Execution of Cells 14 for ~/code/CarPricePrediction01.ipynb
03:26:17.220 [info] Kernel acknowledged execution of cell 14 @ 1693884377205
03:26:17.223 [info] End cell 14 execution @ 1693884377220, started @ 1693884377205, elapsed time = 0.015s
03:26:20.113 [info] Handle Execution of Cells 15 for ~/code/CarPricePrediction01.ipynb
03:26:20.155 [info] Kernel acknowledged execution of cell 15 @ 1693884380137
03:26:20.201 [info] End cell 15 execution @ 1693884380199, started @ 1693884380137, elapsed time = 0.062s
03:26:55.777 [info] Handle Execution of Cells 16 for ~/code/CarPricePrediction01.ipynb
03:26:55.842 [info] Kernel acknowledged execution of cell 16 @ 1693884415828
03:26:55.890 [info] End cell 16 execution @ 1693884415888, started @ 1693884415828, elapsed time = 0.06s
03:26:58.492 [info] Handle Execution of Cells 17 for ~/code/CarPricePrediction01.ipynb
03:26:58.539 [info] Kernel acknowledged execution of cell 17 @ 1693884418524
03:26:58.550 [info] End cell 17 execution @ 1693884418546, started @ 1693884418524, elapsed time = 0.022s
03:27:00.976 [info] Handle Execution of Cells 19 for ~/code/CarPricePrediction01.ipynb
03:27:00.998 [info] Kernel acknowledged execution of cell 19 @ 1693884420989
03:27:01.599 [info] End cell 19 execution @ 1693884421595, started @ 1693884420989, elapsed time = 0.606s
03:27:04.742 [info] Handle Execution of Cells 20 for ~/code/CarPricePrediction01.ipynb
03:27:04.777 [info] Kernel acknowledged execution of cell 20 @ 1693884424767
03:27:05.149 [info] End cell 20 execution @ 1693884425137, started @ 1693884424767, elapsed time = 0.37s
03:27:07.604 [info] Handle Execution of Cells 21 for ~/code/CarPricePrediction01.ipynb
03:27:07.673 [info] Kernel acknowledged execution of cell 21 @ 1693884427641
03:27:08.401 [info] End cell 21 execution @ 1693884428398, started @ 1693884427641, elapsed time = 0.757s
03:27:10.194 [info] Handle Execution of Cells 22 for ~/code/CarPricePrediction01.ipynb
03:27:10.275 [info] Kernel acknowledged execution of cell 22 @ 1693884430237
03:27:10.469 [info] End cell 22 execution @ 1693884430467, started @ 1693884430237, elapsed time = 0.23s
03:27:13.812 [info] Handle Execution of Cells 23 for ~/code/CarPricePrediction01.ipynb
03:27:13.861 [info] Kernel acknowledged execution of cell 23 @ 1693884433848
03:27:14.718 [info] End cell 23 execution @ 1693884434714, started @ 1693884433848, elapsed time = 0.866s
03:27:14.719 [warn] Cancel all remaining cells due to cancellation or failure in execution
03:27:44.830 [info] Handle Execution of Cells 23 for ~/code/CarPricePrediction01.ipynb
03:27:44.919 [info] Kernel acknowledged execution of cell 23 @ 1693884464891
03:27:45.404 [info] End cell 23 execution @ 1693884465401, started @ 1693884464891, elapsed time = 0.51s
03:27:45.404 [warn] Cancel all remaining cells due to cancellation or failure in execution
