2023-09-04 10:34:09.168 [info] Extension host with pid 244 started
2023-09-04 10:34:09.197 [info] Lock '/root/.vscode-server/data/User/workspaceStorage/19ccd22ac52efbc99aca74dcb2b27790/vscode.lock': Lock acquired.
2023-09-04 10:34:09.212 [info] ExtensionService#_doActivateExtension vscode.git-base, startup: true, activationEvent: '*', root cause: vscode.git
2023-09-04 10:34:09.228 [info] ExtensionService#_doActivateExtension vscode.git, startup: true, activationEvent: '*'
2023-09-04 10:34:09.228 [info] ExtensionService#_doActivateExtension vscode.github, startup: true, activationEvent: '*'
2023-09-04 10:34:09.373 [info] Eager extensions activated
2023-09-04 10:34:09.373 [info] ExtensionService#_doActivateExtension vscode.debug-auto-launch, startup: false, activationEvent: 'onStartupFinished'
2023-09-04 10:34:09.374 [info] ExtensionService#_doActivateExtension vscode.merge-conflict, startup: false, activationEvent: 'onStartupFinished'
2023-09-04 10:34:16.363 [info] ExtensionService#_doActivateExtension ms-python.python, startup: false, activationEvent: 'onLanguage:python'
2023-09-04 10:34:16.364 [info] ExtensionService#_doActivateExtension ms-toolsai.jupyter, startup: false, activationEvent: 'onLanguage:python'
2023-09-04 10:34:16.365 [info] ExtensionService#_doActivateExtension vscode.emmet, startup: false, activationEvent: 'onLanguage'
2023-09-04 10:34:17.076 [info] ExtensionService#_doActivateExtension ms-toolsai.jupyter-renderers, startup: false, activationEvent: 'api', root cause: ms-toolsai.jupyter
2023-09-04 10:34:17.185 [info] ExtensionService#_doActivateExtension ms-python.vscode-pylance, startup: false, activationEvent: 'onLanguage:python'
2023-09-04 10:34:19.202 [error] Error: Module 'pip' not installed.
	at Rd.execModule (/root/.vscode-server/extensions/ms-toolsai.jupyter-2023.6.1101941928-linux-arm64/out/extension.node.js:7:40655)
	at processTicksAndRejections (node:internal/process/task_queues:96:5)
	at async cd.getPackageInformation (/root/.vscode-server/extensions/ms-toolsai.jupyter-2023.6.1101941928-linux-arm64/out/extension.node.js:7:31752)
2023-09-04 10:34:25.724 [info] ExtensionService#_doActivateExtension vscode.npm, startup: false, activationEvent: 'onTerminalQuickFixRequest:ms-vscode.npm-command'
2023-09-04 10:55:06.147 [info] ExtensionService#_doActivateExtension vscode.ipynb, startup: false, activationEvent: 'onNotebookSerializer:jupyter-notebook'
2023-09-04 10:55:06.305 [info] ExtensionService#_doActivateExtension ms-toolsai.vscode-jupyter-cell-tags, startup: false, activationEvent: 'onNotebook:jupyter-notebook'
2023-09-04 10:55:06.306 [info] ExtensionService#_doActivateExtension ms-toolsai.vscode-jupyter-slideshow, startup: false, activationEvent: 'onNotebook:jupyter-notebook'
2023-09-04 23:10:33.332 [info] ExtensionService#_doActivateExtension vscode.extension-editing, startup: false, activationEvent: 'onLanguage:markdown'
2023-09-04 23:10:33.334 [info] ExtensionService#_doActivateExtension vscode.markdown-language-features, startup: false, activationEvent: 'onLanguage:markdown'
2023-09-04 23:10:34.016 [info] ExtensionService#_doActivateExtension vscode.markdown-math, startup: false, activationEvent: 'api', root cause: vscode.markdown-language-features
