2023-09-17 04:29:17.281 [info] Experiment 'pythonPromptNewFormatterExt' is active
2023-09-17 04:29:17.281 [info] Experiment 'pythonPromptNewToolsExt' is active
2023-09-17 04:29:17.281 [info] Experiment 'pythonSurveyNotification' is active
2023-09-17 04:29:17.281 [info] Experiment 'pythonTestAdaptercf' is active
2023-09-17 04:29:17.281 [info] Test server listening.
2023-09-17 04:29:17.281 [info] Python interpreter path: /usr/local/bin/python3
2023-09-17 04:29:17.332 [info] > /usr/local/bin/python3 -I ~/.vscode-server/extensions/ms-python.python-2023.14.0/pythonFiles/get_output_via_markers.py ~/.vscode-server/extensions/ms-python.python-2023.14.0/pythonFiles/interpreterInfo.py
2023-09-17 04:29:17.338 [info] > /usr/bin/python3 -I ~/.vscode-server/extensions/ms-python.python-2023.14.0/pythonFiles/get_output_via_markers.py ~/.vscode-server/extensions/ms-python.python-2023.14.0/pythonFiles/interpreterInfo.py
2023-09-17 04:29:17.785 [info] > conda info --json
2023-09-17 04:29:17.844 [info] Found: /bin/python3 --> /bin/python3.11
2023-09-17 04:29:17.845 [info] Found: /bin/python3.11 --> /bin/python3.11
2023-09-17 04:29:17.863 [info] Found: /usr/bin/python3 --> /usr/bin/python3.11
2023-09-17 04:29:17.865 [info] Found: /usr/bin/python3.11 --> /usr/bin/python3.11
2023-09-17 04:29:17.897 [info] Found: /usr/local/bin/python --> /usr/local/bin/python3.11
2023-09-17 04:29:17.909 [info] Found: /usr/local/bin/python3 --> /usr/local/bin/python3.11
2023-09-17 04:29:17.909 [info] Found: /usr/local/bin/python3.11 --> /usr/local/bin/python3.11
2023-09-17 04:29:18.002 [info] > /bin/python3 -I ~/.vscode-server/extensions/ms-python.python-2023.14.0/pythonFiles/get_output_via_markers.py ~/.vscode-server/extensions/ms-python.python-2023.14.0/pythonFiles/interpreterInfo.py
2023-09-17 04:29:18.008 [warning] Retry failed, storage update failed for key PYTHON_ENV_INFO_CACHE
2023-09-17 04:29:18.066 [info] > /usr/local/bin/python -I ~/.vscode-server/extensions/ms-python.python-2023.14.0/pythonFiles/get_output_via_markers.py ~/.vscode-server/extensions/ms-python.python-2023.14.0/pythonFiles/interpreterInfo.py
2023-09-17 04:29:19.215 [info] Starting Pylance language server.
2023-09-17 04:45:31.839 [info] Discover tests for workspace name: code - uri: /root/code
2023-09-17 18:05:24.487 [info] Discover tests for workspace name: code - uri: /root/code/index.py
2023-09-17 18:06:04.632 [info] Discover tests for workspace name: code - uri: /root/code/main_new.py
2023-09-17 18:08:19.159 [info] Send text to terminal: /usr/local/bin/python3 /root/code/index.py
2023-09-17 18:08:19.382 [info] Discover tests for workspace name: code - uri: /root/code/index.py
2023-09-17 18:10:54.297 [info] Discover tests for workspace name: code - uri: /root/code/home.py
2023-09-17 18:31:11.771 [info] Discover tests for workspace name: code - uri: /root/code/main_new.py
